[0.026s] Invoking command in '/home/janhavi/SwarmRobotics/src/build/px4_ros2_cpp': AMENT_PREFIX_PATH=/home/janhavi/SwarmRobotics/src/install/px4_msgs:${AMENT_PREFIX_PATH} CMAKE_PREFIX_PATH=/home/janhavi/SwarmRobotics/src/install/px4_msgs:/home/janhavi/SwarmRobotics/install/px4_ros_com:/home/janhavi/SwarmRobotics/install/example_mode_with_executor_cpp:/home/janhavi/SwarmRobotics/install/example_mode_rtl_replacement_cpp:/home/janhavi/SwarmRobotics/install/example_mode_manual_cpp:/home/janhavi/SwarmRobotics/install/example_mode_goto_global_cpp:/home/janhavi/SwarmRobotics/install/example_mode_goto_cpp:/home/janhavi/SwarmRobotics/install/example_mode_fw_attitude_cpp:/home/janhavi/SwarmRobotics/install/example_local_navigation_cpp:/home/janhavi/SwarmRobotics/install/example_global_navigation_cpp:/home/janhavi/SwarmRobotics/install/px4_ros2_cpp:/home/janhavi/SwarmRobotics/install/px4_msgs:/home/janhavi/SwarmRobotics/install/swarm_teleop:/opt/ros/humble LD_LIBRARY_PATH=/home/janhavi/SwarmRobotics/src/install/px4_msgs/lib:${LD_LIBRARY_PATH} PYTHONPATH=/home/janhavi/SwarmRobotics/src/install/px4_msgs/local/lib/python3.10/dist-packages:${PYTHONPATH} /usr/bin/cmake /home/janhavi/SwarmRobotics/src/px4-ros2-interface-lib/px4_ros2_cpp -DCMAKE_INSTALL_PREFIX=/home/janhavi/SwarmRobotics/src/install/px4_ros2_cpp
[0.099s] -- The C compiler identification is GNU 11.4.0
[0.169s] -- The CXX compiler identification is GNU 11.4.0
[0.180s] -- Detecting C compiler ABI info
[0.283s] -- Detecting C compiler ABI info - done
[0.298s] -- Check for working C compiler: /usr/bin/cc - skipped
[0.299s] -- Detecting C compile features
[0.299s] -- Detecting C compile features - done
[0.306s] -- Detecting CXX compiler ABI info
[0.459s] -- Detecting CXX compiler ABI info - done
[0.468s] -- Check for working CXX compiler: /usr/bin/c++ - skipped
[0.469s] -- Detecting CXX compile features
[0.469s] -- Detecting CXX compile features - done
[0.473s] -- Found ament_cmake: 1.3.11 (/opt/ros/humble/share/ament_cmake/cmake)
[1.139s] -- Found Python3: /usr/bin/python3 (found version "3.10.12") found components: Interpreter 
[1.298s] -- Found ament_index_cpp: 1.4.0 (/opt/ros/humble/share/ament_index_cpp/cmake)
[1.302s] -- Found rclcpp: 16.0.11 (/opt/ros/humble/share/rclcpp/cmake)
[1.372s] -- Found rosidl_generator_c: 3.1.6 (/opt/ros/humble/share/rosidl_generator_c/cmake)
[1.379s] -- Found rosidl_adapter: 3.1.6 (/opt/ros/humble/share/rosidl_adapter/cmake)
[1.392s] -- Found rosidl_generator_cpp: 3.1.6 (/opt/ros/humble/share/rosidl_generator_cpp/cmake)
[1.412s] -- Using all available rosidl_typesupport_c: rosidl_typesupport_fastrtps_c;rosidl_typesupport_introspection_c
[1.432s] -- Using all available rosidl_typesupport_cpp: rosidl_typesupport_fastrtps_cpp;rosidl_typesupport_introspection_cpp
[1.483s] -- Found rmw_implementation_cmake: 6.1.2 (/opt/ros/humble/share/rmw_implementation_cmake/cmake)
[1.486s] -- Found rmw_fastrtps_cpp: 6.2.7 (/opt/ros/humble/share/rmw_fastrtps_cpp/cmake)
[1.604s] -- Found OpenSSL: /usr/lib/x86_64-linux-gnu/libcrypto.so (found version "3.0.2")  
[1.648s] -- Found FastRTPS: /opt/ros/humble/include  
[1.703s] -- Using RMW implementation 'rmw_fastrtps_cpp' as default
[1.724s] -- Looking for pthread.h
[1.823s] -- Looking for pthread.h - found
[1.824s] -- Performing Test CMAKE_HAVE_LIBC_PTHREAD
[1.926s] -- Performing Test CMAKE_HAVE_LIBC_PTHREAD - Success
[1.927s] -- Found Threads: TRUE  
[1.995s] -- Found px4_msgs: 2.0.1 (/home/janhavi/SwarmRobotics/src/install/px4_msgs/share/px4_msgs/cmake)
[2.008s] -- Found eigen3_cmake_module: 0.1.1 (/opt/ros/humble/share/eigen3_cmake_module/cmake)
[2.015s] -- Found Eigen3: TRUE (found version "3.4.0") 
[2.019s] -- Found ament_lint_auto: 0.12.11 (/opt/ros/humble/share/ament_lint_auto/cmake)
[2.022s] -- Found ament_cmake_gtest: 1.3.11 (/opt/ros/humble/share/ament_cmake_gtest/cmake)
[2.140s] -- Found gtest sources under '/opt/ros/humble/src/gtest_vendor': C++ tests using 'Google Test' will be built
[2.151s] -- Added test 'copyright' to check source files copyright and LICENSE
[2.155s] -- Added test 'cppcheck' to perform static code analysis on C / C++ code
[2.155s] -- Configured cppcheck include dirs: /home/janhavi/SwarmRobotics/src/px4-ros2-interface-lib/px4_ros2_cpp/include
[2.156s] -- Configured cppcheck exclude dirs and/or files: 
[2.162s] -- Added test 'cpplint' to check C / C++ code against the Google style
[2.162s] -- Configured cpplint exclude dirs and/or files: 
[2.165s] -- Added test 'lint_cmake' to check CMake code style
[2.173s] -- Added test 'uncrustify' to check C / C++ code style
[2.173s] -- Configured uncrustify additional arguments: 
[2.174s] -- Added test 'xmllint' to check XML markup files
[2.177s] -- Configuring done
[2.210s] -- Generating done
[2.222s] -- Build files have been written to: /home/janhavi/SwarmRobotics/src/build/px4_ros2_cpp
[2.235s] Invoked command in '/home/janhavi/SwarmRobotics/src/build/px4_ros2_cpp' returned '0': AMENT_PREFIX_PATH=/home/janhavi/SwarmRobotics/src/install/px4_msgs:${AMENT_PREFIX_PATH} CMAKE_PREFIX_PATH=/home/janhavi/SwarmRobotics/src/install/px4_msgs:/home/janhavi/SwarmRobotics/install/px4_ros_com:/home/janhavi/SwarmRobotics/install/example_mode_with_executor_cpp:/home/janhavi/SwarmRobotics/install/example_mode_rtl_replacement_cpp:/home/janhavi/SwarmRobotics/install/example_mode_manual_cpp:/home/janhavi/SwarmRobotics/install/example_mode_goto_global_cpp:/home/janhavi/SwarmRobotics/install/example_mode_goto_cpp:/home/janhavi/SwarmRobotics/install/example_mode_fw_attitude_cpp:/home/janhavi/SwarmRobotics/install/example_local_navigation_cpp:/home/janhavi/SwarmRobotics/install/example_global_navigation_cpp:/home/janhavi/SwarmRobotics/install/px4_ros2_cpp:/home/janhavi/SwarmRobotics/install/px4_msgs:/home/janhavi/SwarmRobotics/install/swarm_teleop:/opt/ros/humble LD_LIBRARY_PATH=/home/janhavi/SwarmRobotics/src/install/px4_msgs/lib:${LD_LIBRARY_PATH} PYTHONPATH=/home/janhavi/SwarmRobotics/src/install/px4_msgs/local/lib/python3.10/dist-packages:${PYTHONPATH} /usr/bin/cmake /home/janhavi/SwarmRobotics/src/px4-ros2-interface-lib/px4_ros2_cpp -DCMAKE_INSTALL_PREFIX=/home/janhavi/SwarmRobotics/src/install/px4_ros2_cpp
[2.238s] Invoking command in '/home/janhavi/SwarmRobotics/src/build/px4_ros2_cpp': AMENT_PREFIX_PATH=/home/janhavi/SwarmRobotics/src/install/px4_msgs:${AMENT_PREFIX_PATH} CMAKE_PREFIX_PATH=/home/janhavi/SwarmRobotics/src/install/px4_msgs:/home/janhavi/SwarmRobotics/install/px4_ros_com:/home/janhavi/SwarmRobotics/install/example_mode_with_executor_cpp:/home/janhavi/SwarmRobotics/install/example_mode_rtl_replacement_cpp:/home/janhavi/SwarmRobotics/install/example_mode_manual_cpp:/home/janhavi/SwarmRobotics/install/example_mode_goto_global_cpp:/home/janhavi/SwarmRobotics/install/example_mode_goto_cpp:/home/janhavi/SwarmRobotics/install/example_mode_fw_attitude_cpp:/home/janhavi/SwarmRobotics/install/example_local_navigation_cpp:/home/janhavi/SwarmRobotics/install/example_global_navigation_cpp:/home/janhavi/SwarmRobotics/install/px4_ros2_cpp:/home/janhavi/SwarmRobotics/install/px4_msgs:/home/janhavi/SwarmRobotics/install/swarm_teleop:/opt/ros/humble LD_LIBRARY_PATH=/home/janhavi/SwarmRobotics/src/install/px4_msgs/lib:${LD_LIBRARY_PATH} PYTHONPATH=/home/janhavi/SwarmRobotics/src/install/px4_msgs/local/lib/python3.10/dist-packages:${PYTHONPATH} /usr/bin/cmake --build /home/janhavi/SwarmRobotics/src/build/px4_ros2_cpp -- -j12 -l12
[2.319s] [  2%] [32mBuilding CXX object gtest/CMakeFiles/gtest.dir/src/gtest-all.cc.o[0m
[2.326s] [  6%] [32mBuilding CXX object gtest/CMakeFiles/gtest_main.dir/src/gtest_main.cc.o[0m
[2.326s] [  6%] [32mBuilding CXX object CMakeFiles/unit_utils.dir/test/unit/utils/util.cpp.o[0m
[2.338s] [ 10%] [32mBuilding CXX object CMakeFiles/integration_utils.dir/test/integration/util.cpp.o[0m
[2.339s] [ 14%] [32mBuilding CXX object CMakeFiles/px4_ros2_cpp.dir/src/components/manual_control_input.cpp.o[0m
[2.343s] [ 10%] [32mBuilding CXX object CMakeFiles/px4_ros2_cpp.dir/src/components/health_and_arming_checks.cpp.o[0m
[2.343s] [ 12%] [32mBuilding CXX object CMakeFiles/px4_ros2_cpp.dir/src/components/wait_for_fmu.cpp.o[0m
[2.343s] [ 17%] [32mBuilding CXX object CMakeFiles/px4_ros2_cpp.dir/src/components/overrides.cpp.o[0m
[2.344s] [ 19%] [32mBuilding CXX object CMakeFiles/px4_ros2_cpp.dir/src/components/message_compatibility_check.cpp.o[0m
[2.354s] [ 21%] [32mBuilding CXX object CMakeFiles/px4_ros2_cpp.dir/src/components/registration.cpp.o[0m
[2.362s] [ 23%] [32mBuilding CXX object CMakeFiles/px4_ros2_cpp.dir/src/components/mode_executor.cpp.o[0m
[2.362s] [ 25%] [32mBuilding CXX object CMakeFiles/px4_ros2_cpp.dir/src/components/mode.cpp.o[0m
[7.608s] [ 27%] [32m[1mLinking CXX static library libgtest_main.a[0m
[7.770s] [ 27%] Built target gtest_main
[7.816s] [ 29%] [32mBuilding CXX object CMakeFiles/px4_ros2_cpp.dir/src/control/peripheral_actuators.cpp.o[0m
[15.580s] [ 31%] [32m[1mLinking CXX shared library libunit_utils.so[0m
[16.421s] [ 31%] Built target unit_utils
[23.779s] [ 34%] [32m[1mLinking CXX static library libgtest.a[0m
[24.110s] [ 34%] Built target gtest
[43.708s] [ 36%] [32m[1mLinking CXX shared library libintegration_utils.so[0m
[44.421s] [ 36%] Built target integration_utils
[49.465s] [ 38%] [32mBuilding CXX object CMakeFiles/px4_ros2_cpp.dir/src/odometry/angular_velocity.cpp.o[0m
[58.832s] [ 40%] [32mBuilding CXX object CMakeFiles/px4_ros2_cpp.dir/src/utils/geodesic.cpp.o[0m
[68.545s] [ 42%] [32mBuilding CXX object CMakeFiles/px4_ros2_cpp.dir/src/utils/map_projection_impl.cpp.o[0m
[69.983s] [ 44%] [32mBuilding CXX object CMakeFiles/px4_ros2_cpp.dir/src/odometry/local_position.cpp.o[0m
[79.626s] [ 48%] [32mBuilding CXX object CMakeFiles/px4_ros2_cpp.dir/src/control/setpoint_types/experimental/trajectory.cpp.o[0m
[79.626s] [ 48%] [32mBuilding CXX object CMakeFiles/px4_ros2_cpp.dir/src/odometry/attitude.cpp.o[0m
[79.627s] [ 53%] [32mBuilding CXX object CMakeFiles/px4_ros2_cpp.dir/src/navigation/experimental/global_position_measurement_interface.cpp.o[0m
[79.627s] [ 53%] [32mBuilding CXX object CMakeFiles/px4_ros2_cpp.dir/src/odometry/global_position.cpp.o[0m
[79.629s] [ 55%] [32mBuilding CXX object CMakeFiles/px4_ros2_cpp.dir/src/navigation/experimental/local_position_measurement_interface.cpp.o[0m
[88.937s] [ 59%] [32mBuilding CXX object CMakeFiles/px4_ros2_cpp.dir/src/control/setpoint_types/experimental/rates.cpp.o[0m
[88.937s] [ 59%] [32mBuilding CXX object CMakeFiles/px4_ros2_cpp.dir/src/control/setpoint_types/experimental/attitude.cpp.o[0m
[89.709s] [ 61%] [32mBuilding CXX object CMakeFiles/px4_ros2_cpp.dir/src/control/setpoint_types/goto.cpp.o[0m
[92.656s] [ 63%] [32mBuilding CXX object CMakeFiles/px4_ros2_cpp.dir/src/control/setpoint_types/direct_actuators.cpp.o[0m
[101.013s] [ 65%] [32m[1mLinking CXX shared library libpx4_ros2_cpp.so[0m
[105.138s] [ 65%] Built target px4_ros2_cpp
[105.181s] [ 72%] [32mBuilding CXX object CMakeFiles/integration_tests.dir/test/integration/local_navigation.cpp.o[0m
[105.181s] [ 72%] [32mBuilding CXX object CMakeFiles/integration_tests.dir/test/integration/mode.cpp.o[0m
[105.181s] [ 74%] [32mBuilding CXX object CMakeFiles/integration_tests.dir/test/integration/global_navigation.cpp.o[0m
[105.181s] [ 72%] [32mBuilding CXX object CMakeFiles/px4_ros2_cpp_unit_tests.dir/test/unit/main.cpp.o[0m
[105.182s] [ 76%] [32mBuilding CXX object CMakeFiles/integration_tests.dir/test/integration/arming_check.cpp.o[0m
[105.184s] [ 78%] [32mBuilding CXX object CMakeFiles/px4_ros2_cpp_unit_tests.dir/test/unit/local_navigation.cpp.o[0m
[105.185s] [ 80%] [32mBuilding CXX object CMakeFiles/px4_ros2_cpp_unit_tests.dir/test/unit/global_navigation.cpp.o[0m
[105.190s] [ 82%] [32mBuilding CXX object CMakeFiles/px4_ros2_cpp_unit_tests.dir/test/unit/modes.cpp.o[0m
[106.224s] [ 85%] [32mBuilding CXX object CMakeFiles/px4_ros2_cpp_unit_tests.dir/test/unit/utils/geodesic.cpp.o[0m
[107.271s] [ 87%] [32mBuilding CXX object CMakeFiles/px4_ros2_cpp_unit_tests.dir/test/unit/utils/frame_conversion.cpp.o[0m
[130.431s] [ 89%] [32mBuilding CXX object CMakeFiles/integration_tests.dir/test/integration/overrides.cpp.o[0m
[130.434s] [ 91%] [32mBuilding CXX object CMakeFiles/integration_tests.dir/test/integration/mode_executor.cpp.o[0m
[131.167s] [ 95%] [32mBuilding CXX object CMakeFiles/px4_ros2_cpp_unit_tests.dir/test/unit/utils/geometry.cpp.o[0m
[131.167s] [ 95%] [32mBuilding CXX object CMakeFiles/px4_ros2_cpp_unit_tests.dir/test/unit/utils/map_projection_impl.cpp.o[0m
[135.828s] [ 97%] [32m[1mLinking CXX executable px4_ros2_cpp_unit_tests[0m
[137.695s] [ 97%] Built target px4_ros2_cpp_unit_tests
[140.346s] [100%] [32m[1mLinking CXX executable integration_tests[0m
[141.872s] [100%] Built target integration_tests
[141.885s] Invoked command in '/home/janhavi/SwarmRobotics/src/build/px4_ros2_cpp' returned '0': AMENT_PREFIX_PATH=/home/janhavi/SwarmRobotics/src/install/px4_msgs:${AMENT_PREFIX_PATH} CMAKE_PREFIX_PATH=/home/janhavi/SwarmRobotics/src/install/px4_msgs:/home/janhavi/SwarmRobotics/install/px4_ros_com:/home/janhavi/SwarmRobotics/install/example_mode_with_executor_cpp:/home/janhavi/SwarmRobotics/install/example_mode_rtl_replacement_cpp:/home/janhavi/SwarmRobotics/install/example_mode_manual_cpp:/home/janhavi/SwarmRobotics/install/example_mode_goto_global_cpp:/home/janhavi/SwarmRobotics/install/example_mode_goto_cpp:/home/janhavi/SwarmRobotics/install/example_mode_fw_attitude_cpp:/home/janhavi/SwarmRobotics/install/example_local_navigation_cpp:/home/janhavi/SwarmRobotics/install/example_global_navigation_cpp:/home/janhavi/SwarmRobotics/install/px4_ros2_cpp:/home/janhavi/SwarmRobotics/install/px4_msgs:/home/janhavi/SwarmRobotics/install/swarm_teleop:/opt/ros/humble LD_LIBRARY_PATH=/home/janhavi/SwarmRobotics/src/install/px4_msgs/lib:${LD_LIBRARY_PATH} PYTHONPATH=/home/janhavi/SwarmRobotics/src/install/px4_msgs/local/lib/python3.10/dist-packages:${PYTHONPATH} /usr/bin/cmake --build /home/janhavi/SwarmRobotics/src/build/px4_ros2_cpp -- -j12 -l12
[141.887s] Invoking command in '/home/janhavi/SwarmRobotics/src/build/px4_ros2_cpp': AMENT_PREFIX_PATH=/home/janhavi/SwarmRobotics/src/install/px4_msgs:${AMENT_PREFIX_PATH} CMAKE_PREFIX_PATH=/home/janhavi/SwarmRobotics/src/install/px4_msgs:/home/janhavi/SwarmRobotics/install/px4_ros_com:/home/janhavi/SwarmRobotics/install/example_mode_with_executor_cpp:/home/janhavi/SwarmRobotics/install/example_mode_rtl_replacement_cpp:/home/janhavi/SwarmRobotics/install/example_mode_manual_cpp:/home/janhavi/SwarmRobotics/install/example_mode_goto_global_cpp:/home/janhavi/SwarmRobotics/install/example_mode_goto_cpp:/home/janhavi/SwarmRobotics/install/example_mode_fw_attitude_cpp:/home/janhavi/SwarmRobotics/install/example_local_navigation_cpp:/home/janhavi/SwarmRobotics/install/example_global_navigation_cpp:/home/janhavi/SwarmRobotics/install/px4_ros2_cpp:/home/janhavi/SwarmRobotics/install/px4_msgs:/home/janhavi/SwarmRobotics/install/swarm_teleop:/opt/ros/humble LD_LIBRARY_PATH=/home/janhavi/SwarmRobotics/src/install/px4_msgs/lib:${LD_LIBRARY_PATH} PYTHONPATH=/home/janhavi/SwarmRobotics/src/install/px4_msgs/local/lib/python3.10/dist-packages:${PYTHONPATH} /usr/bin/cmake --install /home/janhavi/SwarmRobotics/src/build/px4_ros2_cpp
[141.896s] -- Install configuration: ""
[141.896s] -- Installing: /home/janhavi/SwarmRobotics/src/install/px4_ros2_cpp/share/px4_ros2_cpp/environment/library_path.sh
[141.897s] -- Installing: /home/janhavi/SwarmRobotics/src/install/px4_ros2_cpp/share/px4_ros2_cpp/environment/library_path.dsv
[141.897s] -- Installing: /home/janhavi/SwarmRobotics/src/install/px4_ros2_cpp/include/px4_ros2
[141.898s] -- Installing: /home/janhavi/SwarmRobotics/src/install/px4_ros2_cpp/include/px4_ros2/odometry
[141.898s] -- Installing: /home/janhavi/SwarmRobotics/src/install/px4_ros2_cpp/include/px4_ros2/odometry/angular_velocity.hpp
[141.898s] -- Installing: /home/janhavi/SwarmRobotics/src/install/px4_ros2_cpp/include/px4_ros2/odometry/attitude.hpp
[141.898s] -- Installing: /home/janhavi/SwarmRobotics/src/install/px4_ros2_cpp/include/px4_ros2/odometry/groups.dox
[141.898s] -- Installing: /home/janhavi/SwarmRobotics/src/install/px4_ros2_cpp/include/px4_ros2/odometry/local_position.hpp
[141.898s] -- Installing: /home/janhavi/SwarmRobotics/src/install/px4_ros2_cpp/include/px4_ros2/odometry/global_position.hpp
[141.898s] -- Installing: /home/janhavi/SwarmRobotics/src/install/px4_ros2_cpp/include/px4_ros2/control
[141.899s] -- Installing: /home/janhavi/SwarmRobotics/src/install/px4_ros2_cpp/include/px4_ros2/control/groups.dox
[141.899s] -- Installing: /home/janhavi/SwarmRobotics/src/install/px4_ros2_cpp/include/px4_ros2/control/peripheral_actuators.hpp
[141.899s] -- Installing: /home/janhavi/SwarmRobotics/src/install/px4_ros2_cpp/include/px4_ros2/control/setpoint_types
[141.899s] -- Installing: /home/janhavi/SwarmRobotics/src/install/px4_ros2_cpp/include/px4_ros2/control/setpoint_types/groups.dox
[141.899s] -- Installing: /home/janhavi/SwarmRobotics/src/install/px4_ros2_cpp/include/px4_ros2/control/setpoint_types/experimental
[141.900s] -- Installing: /home/janhavi/SwarmRobotics/src/install/px4_ros2_cpp/include/px4_ros2/control/setpoint_types/experimental/attitude.hpp
[141.900s] -- Installing: /home/janhavi/SwarmRobotics/src/install/px4_ros2_cpp/include/px4_ros2/control/setpoint_types/experimental/trajectory.hpp
[141.900s] -- Installing: /home/janhavi/SwarmRobotics/src/install/px4_ros2_cpp/include/px4_ros2/control/setpoint_types/experimental/rates.hpp
[141.900s] -- Installing: /home/janhavi/SwarmRobotics/src/install/px4_ros2_cpp/include/px4_ros2/control/setpoint_types/direct_actuators.hpp
[141.900s] -- Installing: /home/janhavi/SwarmRobotics/src/install/px4_ros2_cpp/include/px4_ros2/control/setpoint_types/goto.hpp
[141.900s] -- Installing: /home/janhavi/SwarmRobotics/src/install/px4_ros2_cpp/include/px4_ros2/utils
[141.900s] -- Installing: /home/janhavi/SwarmRobotics/src/install/px4_ros2_cpp/include/px4_ros2/utils/frame_conversion.hpp
[141.900s] -- Installing: /home/janhavi/SwarmRobotics/src/install/px4_ros2_cpp/include/px4_ros2/utils/groups.dox
[141.901s] -- Installing: /home/janhavi/SwarmRobotics/src/install/px4_ros2_cpp/include/px4_ros2/utils/subscription.hpp
[141.901s] -- Installing: /home/janhavi/SwarmRobotics/src/install/px4_ros2_cpp/include/px4_ros2/utils/geometry.hpp
[141.901s] -- Installing: /home/janhavi/SwarmRobotics/src/install/px4_ros2_cpp/include/px4_ros2/utils/geodesic.hpp
[141.901s] -- Installing: /home/janhavi/SwarmRobotics/src/install/px4_ros2_cpp/include/px4_ros2/common
[141.901s] -- Installing: /home/janhavi/SwarmRobotics/src/install/px4_ros2_cpp/include/px4_ros2/common/context.hpp
[141.902s] -- Installing: /home/janhavi/SwarmRobotics/src/install/px4_ros2_cpp/include/px4_ros2/common/setpoint_base.hpp
[141.902s] -- Installing: /home/janhavi/SwarmRobotics/src/install/px4_ros2_cpp/include/px4_ros2/common/requirement_flags.hpp
[141.902s] -- Installing: /home/janhavi/SwarmRobotics/src/install/px4_ros2_cpp/include/px4_ros2/common/frame.hpp
[141.902s] -- Installing: /home/janhavi/SwarmRobotics/src/install/px4_ros2_cpp/include/px4_ros2/navigation
[141.902s] -- Installing: /home/janhavi/SwarmRobotics/src/install/px4_ros2_cpp/include/px4_ros2/navigation/groups.dox
[141.903s] -- Installing: /home/janhavi/SwarmRobotics/src/install/px4_ros2_cpp/include/px4_ros2/navigation/experimental
[141.903s] -- Installing: /home/janhavi/SwarmRobotics/src/install/px4_ros2_cpp/include/px4_ros2/navigation/experimental/global_position_measurement_interface.hpp
[141.903s] -- Installing: /home/janhavi/SwarmRobotics/src/install/px4_ros2_cpp/include/px4_ros2/navigation/experimental/navigation_interface_base.hpp
[141.903s] -- Installing: /home/janhavi/SwarmRobotics/src/install/px4_ros2_cpp/include/px4_ros2/navigation/experimental/local_position_measurement_interface.hpp
[141.903s] -- Installing: /home/janhavi/SwarmRobotics/src/install/px4_ros2_cpp/include/px4_ros2/vehicle_state
[141.903s] -- Installing: /home/janhavi/SwarmRobotics/src/install/px4_ros2_cpp/include/px4_ros2/vehicle_state/vehicle_status.hpp
[141.903s] -- Installing: /home/janhavi/SwarmRobotics/src/install/px4_ros2_cpp/include/px4_ros2/vehicle_state/land_detected.hpp
[141.904s] -- Installing: /home/janhavi/SwarmRobotics/src/install/px4_ros2_cpp/include/px4_ros2/vehicle_state/battery.hpp
[141.904s] -- Installing: /home/janhavi/SwarmRobotics/src/install/px4_ros2_cpp/include/px4_ros2/vehicle_state/groups.dox
[141.904s] -- Installing: /home/janhavi/SwarmRobotics/src/install/px4_ros2_cpp/include/px4_ros2/vehicle_state/vtol_status.hpp
[141.904s] -- Installing: /home/janhavi/SwarmRobotics/src/install/px4_ros2_cpp/include/px4_ros2/vehicle_state/home_position.hpp
[141.904s] -- Installing: /home/janhavi/SwarmRobotics/src/install/px4_ros2_cpp/include/px4_ros2/components
[141.905s] -- Installing: /home/janhavi/SwarmRobotics/src/install/px4_ros2_cpp/include/px4_ros2/components/node_with_mode.hpp
[141.905s] -- Installing: /home/janhavi/SwarmRobotics/src/install/px4_ros2_cpp/include/px4_ros2/components/message_compatibility_check.hpp
[141.905s] -- Installing: /home/janhavi/SwarmRobotics/src/install/px4_ros2_cpp/include/px4_ros2/components/manual_control_input.hpp
[141.905s] -- Installing: /home/janhavi/SwarmRobotics/src/install/px4_ros2_cpp/include/px4_ros2/components/health_and_arming_checks.hpp
[141.905s] -- Installing: /home/janhavi/SwarmRobotics/src/install/px4_ros2_cpp/include/px4_ros2/components/overrides.hpp
[141.906s] -- Installing: /home/janhavi/SwarmRobotics/src/install/px4_ros2_cpp/include/px4_ros2/components/mode.hpp
[141.906s] -- Installing: /home/janhavi/SwarmRobotics/src/install/px4_ros2_cpp/include/px4_ros2/components/groups.dox
[141.906s] -- Installing: /home/janhavi/SwarmRobotics/src/install/px4_ros2_cpp/include/px4_ros2/components/events.hpp
[141.906s] -- Installing: /home/janhavi/SwarmRobotics/src/install/px4_ros2_cpp/include/px4_ros2/components/mode_executor.hpp
[141.906s] -- Installing: /home/janhavi/SwarmRobotics/src/install/px4_ros2_cpp/include/px4_ros2/components/wait_for_fmu.hpp
[141.906s] -- Installing: /home/janhavi/SwarmRobotics/src/install/px4_ros2_cpp/lib/libpx4_ros2_cpp.so
[141.962s] -- Set runtime path of "/home/janhavi/SwarmRobotics/src/install/px4_ros2_cpp/lib/libpx4_ros2_cpp.so" to ""
[141.962s] -- Installing: /home/janhavi/SwarmRobotics/src/install/px4_ros2_cpp/share/ament_index/resource_index/package_run_dependencies/px4_ros2_cpp
[141.962s] -- Installing: /home/janhavi/SwarmRobotics/src/install/px4_ros2_cpp/share/ament_index/resource_index/parent_prefix_path/px4_ros2_cpp
[141.963s] -- Installing: /home/janhavi/SwarmRobotics/src/install/px4_ros2_cpp/share/px4_ros2_cpp/environment/ament_prefix_path.sh
[141.963s] -- Installing: /home/janhavi/SwarmRobotics/src/install/px4_ros2_cpp/share/px4_ros2_cpp/environment/ament_prefix_path.dsv
[141.963s] -- Installing: /home/janhavi/SwarmRobotics/src/install/px4_ros2_cpp/share/px4_ros2_cpp/environment/path.sh
[141.963s] -- Installing: /home/janhavi/SwarmRobotics/src/install/px4_ros2_cpp/share/px4_ros2_cpp/environment/path.dsv
[141.963s] -- Installing: /home/janhavi/SwarmRobotics/src/install/px4_ros2_cpp/share/px4_ros2_cpp/local_setup.bash
[141.964s] -- Installing: /home/janhavi/SwarmRobotics/src/install/px4_ros2_cpp/share/px4_ros2_cpp/local_setup.sh
[141.964s] -- Installing: /home/janhavi/SwarmRobotics/src/install/px4_ros2_cpp/share/px4_ros2_cpp/local_setup.zsh
[141.964s] -- Installing: /home/janhavi/SwarmRobotics/src/install/px4_ros2_cpp/share/px4_ros2_cpp/local_setup.dsv
[141.964s] -- Installing: /home/janhavi/SwarmRobotics/src/install/px4_ros2_cpp/share/px4_ros2_cpp/package.dsv
[141.965s] -- Installing: /home/janhavi/SwarmRobotics/src/install/px4_ros2_cpp/share/ament_index/resource_index/packages/px4_ros2_cpp
[141.965s] -- Installing: /home/janhavi/SwarmRobotics/src/install/px4_ros2_cpp/share/px4_ros2_cpp/cmake/px4_ros2_cppExport.cmake
[141.965s] -- Installing: /home/janhavi/SwarmRobotics/src/install/px4_ros2_cpp/share/px4_ros2_cpp/cmake/px4_ros2_cppExport-noconfig.cmake
[141.966s] -- Installing: /home/janhavi/SwarmRobotics/src/install/px4_ros2_cpp/share/px4_ros2_cpp/cmake/ament_cmake_export_targets-extras.cmake
[141.966s] -- Installing: /home/janhavi/SwarmRobotics/src/install/px4_ros2_cpp/share/px4_ros2_cpp/cmake/ament_cmake_export_dependencies-extras.cmake
[141.966s] -- Installing: /home/janhavi/SwarmRobotics/src/install/px4_ros2_cpp/share/px4_ros2_cpp/cmake/px4_ros2_cppConfig.cmake
[141.967s] -- Installing: /home/janhavi/SwarmRobotics/src/install/px4_ros2_cpp/share/px4_ros2_cpp/cmake/px4_ros2_cppConfig-version.cmake
[141.967s] -- Installing: /home/janhavi/SwarmRobotics/src/install/px4_ros2_cpp/share/px4_ros2_cpp/package.xml
[141.970s] Invoked command in '/home/janhavi/SwarmRobotics/src/build/px4_ros2_cpp' returned '0': AMENT_PREFIX_PATH=/home/janhavi/SwarmRobotics/src/install/px4_msgs:${AMENT_PREFIX_PATH} CMAKE_PREFIX_PATH=/home/janhavi/SwarmRobotics/src/install/px4_msgs:/home/janhavi/SwarmRobotics/install/px4_ros_com:/home/janhavi/SwarmRobotics/install/example_mode_with_executor_cpp:/home/janhavi/SwarmRobotics/install/example_mode_rtl_replacement_cpp:/home/janhavi/SwarmRobotics/install/example_mode_manual_cpp:/home/janhavi/SwarmRobotics/install/example_mode_goto_global_cpp:/home/janhavi/SwarmRobotics/install/example_mode_goto_cpp:/home/janhavi/SwarmRobotics/install/example_mode_fw_attitude_cpp:/home/janhavi/SwarmRobotics/install/example_local_navigation_cpp:/home/janhavi/SwarmRobotics/install/example_global_navigation_cpp:/home/janhavi/SwarmRobotics/install/px4_ros2_cpp:/home/janhavi/SwarmRobotics/install/px4_msgs:/home/janhavi/SwarmRobotics/install/swarm_teleop:/opt/ros/humble LD_LIBRARY_PATH=/home/janhavi/SwarmRobotics/src/install/px4_msgs/lib:${LD_LIBRARY_PATH} PYTHONPATH=/home/janhavi/SwarmRobotics/src/install/px4_msgs/local/lib/python3.10/dist-packages:${PYTHONPATH} /usr/bin/cmake --install /home/janhavi/SwarmRobotics/src/build/px4_ros2_cpp
