[0.011s] Invoking command in '/home/janhavi/SwarmRobotics/build/px4_ros_com': CMAKE_PREFIX_PATH=/home/janhavi/SwarmRobotics/install/px4_msgs:/home/janhavi/SwarmRobotics/install/px4_ros_com:/home/janhavi/SwarmRobotics/install/example_mode_with_executor_cpp:/home/janhavi/SwarmRobotics/install/example_mode_rtl_replacement_cpp:/home/janhavi/SwarmRobotics/install/example_mode_manual_cpp:/home/janhavi/SwarmRobotics/install/example_mode_goto_global_cpp:/home/janhavi/SwarmRobotics/install/example_mode_goto_cpp:/home/janhavi/SwarmRobotics/install/example_mode_fw_attitude_cpp:/home/janhavi/SwarmRobotics/install/example_local_navigation_cpp:/home/janhavi/SwarmRobotics/install/example_global_navigation_cpp:/home/janhavi/SwarmRobotics/install/px4_ros2_cpp:/home/janhavi/SwarmRobotics/install/swarm_teleop:/opt/ros/humble LD_LIBRARY_PATH=/home/janhavi/SwarmRobotics/install/px4_msgs/lib:/home/janhavi/SwarmRobotics/install/px4_ros_com/lib:/home/janhavi/SwarmRobotics/install/px4_ros2_cpp/lib:/opt/ros/humble/opt/rviz_ogre_vendor/lib:/opt/ros/humble/lib/x86_64-linux-gnu:/opt/ros/humble/lib /usr/bin/cmake --build /home/janhavi/SwarmRobotics/build/px4_ros_com -- -j12 -l12
[0.056s] [35m[1mConsolidate compiler generated dependencies of target sensor_combined_listener[0m
[0.056s] [35m[1mConsolidate compiler generated dependencies of target debug_vect_advertiser[0m
[0.056s] [35m[1mConsolidate compiler generated dependencies of target vehicle_gps_position_listener[0m
[0.056s] [35m[1mConsolidate compiler generated dependencies of target frame_transforms[0m
[0.056s] [35m[1mConsolidate compiler generated dependencies of target offboard_control[0m
[0.056s] [35m[1mConsolidate compiler generated dependencies of target offboard_control_srv[0m
[0.071s] [ 16%] Built target sensor_combined_listener
[0.071s] [ 33%] Built target offboard_control_srv
[0.072s] [ 50%] Built target debug_vect_advertiser
[0.076s] [ 66%] Built target offboard_control
[0.076s] [ 83%] Built target vehicle_gps_position_listener
[0.076s] [ 83%] Built target ament_cmake_python_symlink_px4_ros_com
[0.077s] [100%] Built target frame_transforms
[0.222s] running egg_info
[0.231s] writing px4_ros_com.egg-info/PKG-INFO
[0.231s] writing dependency_links to px4_ros_com.egg-info/dependency_links.txt
[0.231s] writing top-level names to px4_ros_com.egg-info/top_level.txt
[0.257s] reading manifest file 'px4_ros_com.egg-info/SOURCES.txt'
[0.257s] writing manifest file 'px4_ros_com.egg-info/SOURCES.txt'
[0.284s] [100%] Built target ament_cmake_python_build_px4_ros_com_egg
[0.317s] Invoked command in '/home/janhavi/SwarmRobotics/build/px4_ros_com' returned '0': CMAKE_PREFIX_PATH=/home/janhavi/SwarmRobotics/install/px4_msgs:/home/janhavi/SwarmRobotics/install/px4_ros_com:/home/janhavi/SwarmRobotics/install/example_mode_with_executor_cpp:/home/janhavi/SwarmRobotics/install/example_mode_rtl_replacement_cpp:/home/janhavi/SwarmRobotics/install/example_mode_manual_cpp:/home/janhavi/SwarmRobotics/install/example_mode_goto_global_cpp:/home/janhavi/SwarmRobotics/install/example_mode_goto_cpp:/home/janhavi/SwarmRobotics/install/example_mode_fw_attitude_cpp:/home/janhavi/SwarmRobotics/install/example_local_navigation_cpp:/home/janhavi/SwarmRobotics/install/example_global_navigation_cpp:/home/janhavi/SwarmRobotics/install/px4_ros2_cpp:/home/janhavi/SwarmRobotics/install/swarm_teleop:/opt/ros/humble LD_LIBRARY_PATH=/home/janhavi/SwarmRobotics/install/px4_msgs/lib:/home/janhavi/SwarmRobotics/install/px4_ros_com/lib:/home/janhavi/SwarmRobotics/install/px4_ros2_cpp/lib:/opt/ros/humble/opt/rviz_ogre_vendor/lib:/opt/ros/humble/lib/x86_64-linux-gnu:/opt/ros/humble/lib /usr/bin/cmake --build /home/janhavi/SwarmRobotics/build/px4_ros_com -- -j12 -l12
[0.318s] Invoking command in '/home/janhavi/SwarmRobotics/build/px4_ros_com': CMAKE_PREFIX_PATH=/home/janhavi/SwarmRobotics/install/px4_msgs:/home/janhavi/SwarmRobotics/install/px4_ros_com:/home/janhavi/SwarmRobotics/install/example_mode_with_executor_cpp:/home/janhavi/SwarmRobotics/install/example_mode_rtl_replacement_cpp:/home/janhavi/SwarmRobotics/install/example_mode_manual_cpp:/home/janhavi/SwarmRobotics/install/example_mode_goto_global_cpp:/home/janhavi/SwarmRobotics/install/example_mode_goto_cpp:/home/janhavi/SwarmRobotics/install/example_mode_fw_attitude_cpp:/home/janhavi/SwarmRobotics/install/example_local_navigation_cpp:/home/janhavi/SwarmRobotics/install/example_global_navigation_cpp:/home/janhavi/SwarmRobotics/install/px4_ros2_cpp:/home/janhavi/SwarmRobotics/install/swarm_teleop:/opt/ros/humble LD_LIBRARY_PATH=/home/janhavi/SwarmRobotics/install/px4_msgs/lib:/home/janhavi/SwarmRobotics/install/px4_ros_com/lib:/home/janhavi/SwarmRobotics/install/px4_ros2_cpp/lib:/opt/ros/humble/opt/rviz_ogre_vendor/lib:/opt/ros/humble/lib/x86_64-linux-gnu:/opt/ros/humble/lib /usr/bin/cmake --install /home/janhavi/SwarmRobotics/build/px4_ros_com
[0.334s] -- Install configuration: ""
[0.339s] -- Execute custom install script
[0.339s] -- Up-to-date symlink: /home/janhavi/SwarmRobotics/install/px4_ros_com/lib/px4_ros_com/sensor_combined_listener
[0.339s] -- Up-to-date symlink: /home/janhavi/SwarmRobotics/install/px4_ros_com/lib/px4_ros_com/vehicle_gps_position_listener
[0.339s] -- Up-to-date symlink: /home/janhavi/SwarmRobotics/install/px4_ros_com/lib/px4_ros_com/debug_vect_advertiser
[0.339s] -- Up-to-date symlink: /home/janhavi/SwarmRobotics/install/px4_ros_com/lib/px4_ros_com/offboard_control
[0.340s] -- Up-to-date symlink: /home/janhavi/SwarmRobotics/install/px4_ros_com/lib/px4_ros_com/offboard_control_srv
[0.340s] -- Up-to-date symlink: /home/janhavi/SwarmRobotics/install/px4_ros_com/share/px4_ros_com/environment/library_path.sh
[0.340s] -- Up-to-date symlink: /home/janhavi/SwarmRobotics/install/px4_ros_com/share/px4_ros_com/environment/library_path.dsv
[0.340s] -- Up-to-date symlink: /home/janhavi/SwarmRobotics/install/px4_ros_com/include/px4_ros_com/frame_transforms.h
[0.340s] -- Up-to-date symlink: /home/janhavi/SwarmRobotics/install/px4_ros_com/share/px4_ros_com//launch/offboard_control_launch.yaml
[0.340s] -- Up-to-date symlink: /home/janhavi/SwarmRobotics/install/px4_ros_com/share/px4_ros_com//launch/sensor_combined_listener.launch.py
[0.340s] -- Up-to-date symlink: /home/janhavi/SwarmRobotics/install/px4_ros_com/share/px4_ros_com//test/__init__.py
[0.341s] -- Up-to-date symlink: /home/janhavi/SwarmRobotics/install/px4_ros_com/share/px4_ros_com//test/pipeline_io_test.py
[0.341s] -- Up-to-date symlink: /home/janhavi/SwarmRobotics/install/px4_ros_com/share/px4_ros_com//test/test_input.py
[0.341s] -- Up-to-date symlink: /home/janhavi/SwarmRobotics/install/px4_ros_com/share/px4_ros_com//test/test_output.py
[0.341s] -- Up-to-date symlink: /home/janhavi/SwarmRobotics/install/px4_ros_com/share/px4_ros_com/environment/pythonpath.sh
[0.341s] -- Up-to-date symlink: /home/janhavi/SwarmRobotics/install/px4_ros_com/share/px4_ros_com/environment/pythonpath.dsv
[0.341s] -- Up-to-date symlink: /home/janhavi/SwarmRobotics/install/px4_ros_com/local/lib/python3.10/dist-packages/px4_ros_com-0.1.0-py3.10.egg-info/PKG-INFO
[0.341s] -- Up-to-date symlink: /home/janhavi/SwarmRobotics/install/px4_ros_com/local/lib/python3.10/dist-packages/px4_ros_com-0.1.0-py3.10.egg-info/SOURCES.txt
[0.342s] -- Up-to-date symlink: /home/janhavi/SwarmRobotics/install/px4_ros_com/local/lib/python3.10/dist-packages/px4_ros_com-0.1.0-py3.10.egg-info/dependency_links.txt
[0.342s] -- Up-to-date symlink: /home/janhavi/SwarmRobotics/install/px4_ros_com/local/lib/python3.10/dist-packages/px4_ros_com-0.1.0-py3.10.egg-info/top_level.txt
[0.342s] -- Up-to-date symlink: /home/janhavi/SwarmRobotics/install/px4_ros_com/local/lib/python3.10/dist-packages/px4_ros_com/__init__.py
[0.343s] -- Up-to-date symlink: /home/janhavi/SwarmRobotics/install/px4_ros_com/local/lib/python3.10/dist-packages/px4_ros_com/module_to_import.py
[0.343s] -- Up-to-date symlink: /home/janhavi/SwarmRobotics/install/px4_ros_com/lib/px4_ros_com/offboard_control.py
[0.343s] -- Up-to-date symlink: /home/janhavi/SwarmRobotics/install/px4_ros_com/share/ament_index/resource_index/package_run_dependencies/px4_ros_com
[0.343s] -- Up-to-date symlink: /home/janhavi/SwarmRobotics/install/px4_ros_com/share/ament_index/resource_index/parent_prefix_path/px4_ros_com
[0.343s] -- Up-to-date symlink: /home/janhavi/SwarmRobotics/install/px4_ros_com/share/px4_ros_com/environment/ament_prefix_path.sh
[0.343s] -- Up-to-date symlink: /home/janhavi/SwarmRobotics/install/px4_ros_com/share/px4_ros_com/environment/ament_prefix_path.dsv
[0.343s] -- Up-to-date symlink: /home/janhavi/SwarmRobotics/install/px4_ros_com/share/px4_ros_com/environment/path.sh
[0.343s] -- Up-to-date symlink: /home/janhavi/SwarmRobotics/install/px4_ros_com/share/px4_ros_com/environment/path.dsv
[0.343s] -- Up-to-date symlink: /home/janhavi/SwarmRobotics/install/px4_ros_com/share/px4_ros_com/local_setup.bash
[0.343s] -- Up-to-date symlink: /home/janhavi/SwarmRobotics/install/px4_ros_com/share/px4_ros_com/local_setup.sh
[0.343s] -- Up-to-date symlink: /home/janhavi/SwarmRobotics/install/px4_ros_com/share/px4_ros_com/local_setup.zsh
[0.343s] -- Up-to-date symlink: /home/janhavi/SwarmRobotics/install/px4_ros_com/share/px4_ros_com/local_setup.dsv
[0.343s] -- Symlinking: /home/janhavi/SwarmRobotics/install/px4_ros_com/share/px4_ros_com/package.dsv
[0.343s] -- Up-to-date symlink: /home/janhavi/SwarmRobotics/install/px4_ros_com/share/ament_index/resource_index/packages/px4_ros_com
[0.343s] -- Up-to-date symlink: /home/janhavi/SwarmRobotics/install/px4_ros_com/share/px4_ros_com/cmake/ament_cmake_export_dependencies-extras.cmake
[0.344s] -- Up-to-date symlink: /home/janhavi/SwarmRobotics/install/px4_ros_com/share/px4_ros_com/cmake/ament_cmake_export_targets-extras.cmake
[0.344s] -- Up-to-date symlink: /home/janhavi/SwarmRobotics/install/px4_ros_com/share/px4_ros_com/cmake/ament_cmake_export_include_directories-extras.cmake
[0.344s] -- Up-to-date symlink: /home/janhavi/SwarmRobotics/install/px4_ros_com/share/px4_ros_com/cmake/ament_cmake_export_libraries-extras.cmake
[0.344s] -- Up-to-date symlink: /home/janhavi/SwarmRobotics/install/px4_ros_com/share/px4_ros_com/cmake/px4_ros_comConfig.cmake
[0.344s] -- Up-to-date symlink: /home/janhavi/SwarmRobotics/install/px4_ros_com/share/px4_ros_com/cmake/px4_ros_comConfig-version.cmake
[0.344s] -- Up-to-date symlink: /home/janhavi/SwarmRobotics/install/px4_ros_com/share/px4_ros_com/package.xml
[0.344s] -- Up-to-date: /home/janhavi/SwarmRobotics/install/px4_ros_com/lib/libframe_transforms.so
[0.385s] Listing '/home/janhavi/SwarmRobotics/install/px4_ros_com/local/lib/python3.10/dist-packages/px4_ros_com'...
[0.392s] -- Up-to-date: /home/janhavi/SwarmRobotics/install/px4_ros_com/share/px4_ros_com/cmake/export_frame_transformsExport.cmake
[0.392s] -- Up-to-date: /home/janhavi/SwarmRobotics/install/px4_ros_com/share/px4_ros_com/cmake/export_frame_transformsExport-noconfig.cmake
[0.396s] Invoked command in '/home/janhavi/SwarmRobotics/build/px4_ros_com' returned '0': CMAKE_PREFIX_PATH=/home/janhavi/SwarmRobotics/install/px4_msgs:/home/janhavi/SwarmRobotics/install/px4_ros_com:/home/janhavi/SwarmRobotics/install/example_mode_with_executor_cpp:/home/janhavi/SwarmRobotics/install/example_mode_rtl_replacement_cpp:/home/janhavi/SwarmRobotics/install/example_mode_manual_cpp:/home/janhavi/SwarmRobotics/install/example_mode_goto_global_cpp:/home/janhavi/SwarmRobotics/install/example_mode_goto_cpp:/home/janhavi/SwarmRobotics/install/example_mode_fw_attitude_cpp:/home/janhavi/SwarmRobotics/install/example_local_navigation_cpp:/home/janhavi/SwarmRobotics/install/example_global_navigation_cpp:/home/janhavi/SwarmRobotics/install/px4_ros2_cpp:/home/janhavi/SwarmRobotics/install/swarm_teleop:/opt/ros/humble LD_LIBRARY_PATH=/home/janhavi/SwarmRobotics/install/px4_msgs/lib:/home/janhavi/SwarmRobotics/install/px4_ros_com/lib:/home/janhavi/SwarmRobotics/install/px4_ros2_cpp/lib:/opt/ros/humble/opt/rviz_ogre_vendor/lib:/opt/ros/humble/lib/x86_64-linux-gnu:/opt/ros/humble/lib /usr/bin/cmake --install /home/janhavi/SwarmRobotics/build/px4_ros_com
