[0.020s] Invoking command in '/home/janhavi/SwarmRobotics/build/example_mode_goto_cpp': AMENT_PREFIX_PATH=/home/janhavi/SwarmRobotics/install/px4_ros2_cpp:/home/janhavi/SwarmRobotics/install/px4_msgs:${AMENT_PREFIX_PATH} CMAKE_PREFIX_PATH=/home/janhavi/SwarmRobotics/install/px4_ros2_cpp:/home/janhavi/SwarmRobotics/install/px4_msgs:/opt/ros/humble LD_LIBRARY_PATH=/home/janhavi/SwarmRobotics/install/px4_ros2_cpp/lib:/home/janhavi/SwarmRobotics/install/px4_msgs/lib:${LD_LIBRARY_PATH} PYTHONPATH=/home/janhavi/SwarmRobotics/install/px4_msgs/local/lib/python3.10/dist-packages:${PYTHONPATH} /usr/bin/cmake --build /home/janhavi/SwarmRobotics/build/example_mode_goto_cpp -- -j12 -l12
[0.077s] [ 50%] [32mBuilding CXX object CMakeFiles/example_mode_goto.dir/src/main.cpp.o[0m
[9.706s] [100%] [32m[1mLinking CXX executable example_mode_goto[0m
[10.461s] [100%] Built target example_mode_goto
[10.473s] Invoked command in '/home/janhavi/SwarmRobotics/build/example_mode_goto_cpp' returned '0': AMENT_PREFIX_PATH=/home/janhavi/SwarmRobotics/install/px4_ros2_cpp:/home/janhavi/SwarmRobotics/install/px4_msgs:${AMENT_PREFIX_PATH} CMAKE_PREFIX_PATH=/home/janhavi/SwarmRobotics/install/px4_ros2_cpp:/home/janhavi/SwarmRobotics/install/px4_msgs:/opt/ros/humble LD_LIBRARY_PATH=/home/janhavi/SwarmRobotics/install/px4_ros2_cpp/lib:/home/janhavi/SwarmRobotics/install/px4_msgs/lib:${LD_LIBRARY_PATH} PYTHONPATH=/home/janhavi/SwarmRobotics/install/px4_msgs/local/lib/python3.10/dist-packages:${PYTHONPATH} /usr/bin/cmake --build /home/janhavi/SwarmRobotics/build/example_mode_goto_cpp -- -j12 -l12
[10.475s] Invoking command in '/home/janhavi/SwarmRobotics/build/example_mode_goto_cpp': AMENT_PREFIX_PATH=/home/janhavi/SwarmRobotics/install/px4_ros2_cpp:/home/janhavi/SwarmRobotics/install/px4_msgs:${AMENT_PREFIX_PATH} CMAKE_PREFIX_PATH=/home/janhavi/SwarmRobotics/install/px4_ros2_cpp:/home/janhavi/SwarmRobotics/install/px4_msgs:/opt/ros/humble LD_LIBRARY_PATH=/home/janhavi/SwarmRobotics/install/px4_ros2_cpp/lib:/home/janhavi/SwarmRobotics/install/px4_msgs/lib:${LD_LIBRARY_PATH} PYTHONPATH=/home/janhavi/SwarmRobotics/install/px4_msgs/local/lib/python3.10/dist-packages:${PYTHONPATH} /usr/bin/cmake --install /home/janhavi/SwarmRobotics/build/example_mode_goto_cpp
[10.482s] -- Install configuration: ""
[10.483s] -- Installing: /home/janhavi/SwarmRobotics/install/example_mode_goto_cpp/lib/example_mode_goto_cpp/example_mode_goto
[10.483s] -- Set runtime path of "/home/janhavi/SwarmRobotics/install/example_mode_goto_cpp/lib/example_mode_goto_cpp/example_mode_goto" to ""
[10.483s] -- Up-to-date: /home/janhavi/SwarmRobotics/install/example_mode_goto_cpp/share/ament_index/resource_index/package_run_dependencies/example_mode_goto_cpp
[10.483s] -- Up-to-date: /home/janhavi/SwarmRobotics/install/example_mode_goto_cpp/share/ament_index/resource_index/parent_prefix_path/example_mode_goto_cpp
[10.484s] -- Up-to-date: /home/janhavi/SwarmRobotics/install/example_mode_goto_cpp/share/example_mode_goto_cpp/environment/ament_prefix_path.sh
[10.484s] -- Up-to-date: /home/janhavi/SwarmRobotics/install/example_mode_goto_cpp/share/example_mode_goto_cpp/environment/ament_prefix_path.dsv
[10.484s] -- Up-to-date: /home/janhavi/SwarmRobotics/install/example_mode_goto_cpp/share/example_mode_goto_cpp/environment/path.sh
[10.484s] -- Up-to-date: /home/janhavi/SwarmRobotics/install/example_mode_goto_cpp/share/example_mode_goto_cpp/environment/path.dsv
[10.484s] -- Up-to-date: /home/janhavi/SwarmRobotics/install/example_mode_goto_cpp/share/example_mode_goto_cpp/local_setup.bash
[10.484s] -- Up-to-date: /home/janhavi/SwarmRobotics/install/example_mode_goto_cpp/share/example_mode_goto_cpp/local_setup.sh
[10.484s] -- Up-to-date: /home/janhavi/SwarmRobotics/install/example_mode_goto_cpp/share/example_mode_goto_cpp/local_setup.zsh
[10.484s] -- Up-to-date: /home/janhavi/SwarmRobotics/install/example_mode_goto_cpp/share/example_mode_goto_cpp/local_setup.dsv
[10.484s] -- Installing: /home/janhavi/SwarmRobotics/install/example_mode_goto_cpp/share/example_mode_goto_cpp/package.dsv
[10.484s] -- Up-to-date: /home/janhavi/SwarmRobotics/install/example_mode_goto_cpp/share/ament_index/resource_index/packages/example_mode_goto_cpp
[10.484s] -- Up-to-date: /home/janhavi/SwarmRobotics/install/example_mode_goto_cpp/share/example_mode_goto_cpp/cmake/example_mode_goto_cppConfig.cmake
[10.484s] -- Up-to-date: /home/janhavi/SwarmRobotics/install/example_mode_goto_cpp/share/example_mode_goto_cpp/cmake/example_mode_goto_cppConfig-version.cmake
[10.484s] -- Up-to-date: /home/janhavi/SwarmRobotics/install/example_mode_goto_cpp/share/example_mode_goto_cpp/package.xml
[10.486s] Invoked command in '/home/janhavi/SwarmRobotics/build/example_mode_goto_cpp' returned '0': AMENT_PREFIX_PATH=/home/janhavi/SwarmRobotics/install/px4_ros2_cpp:/home/janhavi/SwarmRobotics/install/px4_msgs:${AMENT_PREFIX_PATH} CMAKE_PREFIX_PATH=/home/janhavi/SwarmRobotics/install/px4_ros2_cpp:/home/janhavi/SwarmRobotics/install/px4_msgs:/opt/ros/humble LD_LIBRARY_PATH=/home/janhavi/SwarmRobotics/install/px4_ros2_cpp/lib:/home/janhavi/SwarmRobotics/install/px4_msgs/lib:${LD_LIBRARY_PATH} PYTHONPATH=/home/janhavi/SwarmRobotics/install/px4_msgs/local/lib/python3.10/dist-packages:${PYTHONPATH} /usr/bin/cmake --install /home/janhavi/SwarmRobotics/build/example_mode_goto_cpp
