Traceback (most recent call last):
  File "/opt/ros/humble/lib/rosidl_typesupport_cpp/rosidl_typesupport_cpp", line 28, in <module>
gmake[2]: *** Deleting file 'rosidl_typesupport_introspection_cpp/px4_msgs/msg/detail/buffer128__type_support.cpp'
gmake[2]: *** Deleting file 'rosidl_typesupport_cpp/px4_msgs/msg/action_request__type_support.cpp'
    sys.exit(main())
  File "/opt/ros/humble/lib/rosidl_typesupport_cpp/rosidl_typesupport_cpp", line 24, in main
    generate_cpp(args.generator_arguments_file, args.typesupports)
gmake[2]: *** [CMakeFiles/px4_msgs__rosidl_typesupport_introspection_cpp.dir/build.make:1043: rosidl_typesupport_introspection_cpp/px4_msgs/msg/detail/buffer128__type_support.cpp] Interrupt
  File "/opt/ros/humble/local/lib/python3.10/dist-packages/rosidl_typesupport_cpp/__init__.py", line 28, in generate_cpp
    return generate_files(
  File "/opt/ros/humble/local/lib/python3.10/dist-packages/rosidl_cmake/__init__.py", line 74, in generate_files
gmake[2]: *** [CMakeFiles/px4_msgs__rosidl_typesupport_fastrtps_c.dir/build.make:2956: CMakeFiles/px4_msgs__rosidl_typesupport_fastrtps_c.dir/rosidl_typesupport_fastrtps_c/px4_msgs/msg/detail/landing_target_pose__type_support_c.cpp.o] Interrupt
gmake[2]: *** [CMakeFiles/px4_msgs__rosidl_typesupport_fastrtps_c.dir/build.make:2970: CMakeFiles/px4_msgs__rosidl_typesupport_fastrtps_c.dir/rosidl_typesupport_fastrtps_c/px4_msgs/msg/detail/launch_detection_status__type_support_c.cpp.o] Interrupt
    idl_file = parse_idl_file(locator)
gmake[2]: *** [CMakeFiles/px4_msgs__rosidl_typesupport_fastrtps_c.dir/build.make:2998: CMakeFiles/px4_msgs__rosidl_typesupport_fastrtps_c.dir/rosidl_typesupport_fastrtps_c/px4_msgs/msg/detail/log_message__type_support_c.cpp.o] Interrupt
  File "/opt/ros/humble/local/lib/python3.10/dist-packages/rosidl_parser/parser.py", line 64, in parse_idl_file
gmake[2]: *** [CMakeFiles/px4_msgs__rosidl_typesupport_fastrtps_c.dir/build.make:3012: CMakeFiles/px4_msgs__rosidl_typesupport_fastrtps_c.dir/rosidl_typesupport_fastrtps_c/px4_msgs/msg/detail/logger_status__type_support_c.cpp.o] Interrupt
gmake[2]: *** [CMakeFiles/px4_msgs__rosidl_typesupport_fastrtps_c.dir/build.make:3026: CMakeFiles/px4_msgs__rosidl_typesupport_fastrtps_c.dir/rosidl_typesupport_fastrtps_c/px4_msgs/msg/detail/mag_worker_data__type_support_c.cpp.o] Interrupt
gmake[2]: *** [CMakeFiles/px4_msgs__rosidl_typesupport_fastrtps_c.dir/build.make:3040: CMakeFiles/px4_msgs__rosidl_typesupport_fastrtps_c.dir/rosidl_typesupport_fastrtps_c/px4_msgs/msg/detail/magnetometer_bias_estimate__type_support_c.cpp.o] Interrupt
gmake[2]: *** [CMakeFiles/px4_msgs__rosidl_typesupport_fastrtps_c.dir/build.make:3054: CMakeFiles/px4_msgs__rosidl_typesupport_fastrtps_c.dir/rosidl_typesupport_fastrtps_c/px4_msgs/msg/detail/manual_control_setpoint__type_support_c.cpp.o] Interrupt
    content = parse_idl_string(string, png_file=png_file)
  File "/opt/ros/humble/local/lib/python3.10/dist-packages/rosidl_parser/parser.py", line 72, in parse_idl_string
    tree = get_ast_from_idl_string(idl_string)
  File "/opt/ros/humble/local/lib/python3.10/dist-packages/rosidl_parser/parser.py", line 89, in get_ast_from_idl_string
gmake[2]: *** Deleting file 'rosidl_typesupport_fastrtps_cpp/px4_msgs/msg/detail/dds_fastrtps/px4io_status__type_support.cpp'
gmake[1]: *** [CMakeFiles/Makefile2:368: CMakeFiles/px4_msgs__rosidl_typesupport_introspection_cpp.dir/all] Interrupt
    return _parser.parse(idl_string)
  File "/usr/lib/python3/dist-packages/lark/lark.py", line 619, in parse
gmake[2]: *** [CMakeFiles/px4_msgs__rosidl_typesupport_fastrtps_cpp.dir/build.make:1133: rosidl_typesupport_fastrtps_cpp/px4_msgs/msg/detail/dds_fastrtps/px4io_status__type_support.cpp] Interrupt
gmake[1]: *** [CMakeFiles/Makefile2:239: CMakeFiles/px4_msgs__rosidl_typesupport_fastrtps_c.dir/all] Interrupt
gmake[1]: *** [CMakeFiles/Makefile2:290: CMakeFiles/px4_msgs__rosidl_typesupport_fastrtps_cpp.dir/all] Interrupt
gmake[2]: *** [CMakeFiles/px4_msgs__rosidl_typesupport_introspection_c.dir/build.make:1696: CMakeFiles/px4_msgs__rosidl_typesupport_introspection_c.dir/rosidl_typesupport_introspection_c/px4_msgs/msg/detail/actuator_armed__type_support.c.o] Interrupt
gmake[2]: *** [CMakeFiles/px4_msgs__rosidl_typesupport_introspection_c.dir/build.make:1709: CMakeFiles/px4_msgs__rosidl_typesupport_introspection_c.dir/rosidl_typesupport_introspection_c/px4_msgs/msg/detail/actuator_controls_status__type_support.c.o] Interrupt
    return self.parser.parse(text, start=start, on_error=on_error)
  File "/usr/lib/python3/dist-packages/lark/parser_frontends.py", line 99, in parse
    return self.parser.parse(stream, chosen_start, **kw)
  File "/usr/lib/python3/dist-packages/lark/parsers/earley.py", line 266, in parse
gmake[1]: *** [CMakeFiles/Makefile2:317: CMakeFiles/px4_msgs__rosidl_typesupport_introspection_c.dir/all] Interrupt
    to_scan = self._parse(lexer, columns, to_scan, start_symbol)
  File "/usr/lib/python3/dist-packages/lark/parsers/xearley.py", line 144, in _parse
    self.predict_and_complete(i, to_scan, columns, transitives)
  File "/usr/lib/python3/dist-packages/lark/parsers/earley.py", line 140, in predict_and_complete
    new_item = Item(rule, 0, i)
  File "/usr/lib/python3/dist-packages/lark/parsers/earley_common.py", line 15, in __init__
    if self.is_complete:
KeyboardInterrupt
gmake[2]: *** [CMakeFiles/px4_msgs__rosidl_typesupport_cpp.dir/build.make:309: rosidl_typesupport_cpp/px4_msgs/msg/action_request__type_support.cpp] Interrupt
gmake[1]: *** [CMakeFiles/Makefile2:394: CMakeFiles/px4_msgs__rosidl_typesupport_cpp.dir/all] Interrupt
gmake: *** [Makefile:146: all] Interrupt
