[0.048s] Invoking command in '/home/janhavi/SwarmRobotics/build/example_mode_with_executor_cpp': AMENT_PREFIX_PATH=/home/janhavi/SwarmRobotics/install/px4_ros2_cpp:/home/janhavi/SwarmRobotics/install/px4_msgs:${AMENT_PREFIX_PATH} CMAKE_PREFIX_PATH=/home/janhavi/SwarmRobotics/install/px4_ros2_cpp:/home/janhavi/SwarmRobotics/install/px4_msgs:/opt/ros/humble LD_LIBRARY_PATH=/home/janhavi/SwarmRobotics/install/px4_ros2_cpp/lib:/home/janhavi/SwarmRobotics/install/px4_msgs/lib:${LD_LIBRARY_PATH} PYTHONPATH=/home/janhavi/SwarmRobotics/install/px4_msgs/local/lib/python3.10/dist-packages:${PYTHONPATH} /usr/bin/cmake /home/janhavi/SwarmRobotics/src/px4-ros2-interface-lib/examples/cpp/modes/mode_with_executor -DCMAKE_INSTALL_PREFIX=/home/janhavi/SwarmRobotics/install/example_mode_with_executor_cpp
[0.128s] -- The C compiler identification is GNU 11.4.0
[0.195s] -- The CXX compiler identification is GNU 11.4.0
[0.203s] -- Detecting C compiler ABI info
[0.276s] -- Detecting C compiler ABI info - done
[0.285s] -- Check for working C compiler: /usr/bin/cc - skipped
[0.285s] -- Detecting C compile features
[0.286s] -- Detecting C compile features - done
[0.288s] -- Detecting CXX compiler ABI info
[0.352s] -- Detecting CXX compiler ABI info - done
[0.362s] -- Check for working CXX compiler: /usr/bin/c++ - skipped
[0.362s] -- Detecting CXX compile features
[0.363s] -- Detecting CXX compile features - done
[0.365s] -- Found eigen3_cmake_module: 0.1.1 (/opt/ros/humble/share/eigen3_cmake_module/cmake)
[0.373s] -- Found Eigen3: TRUE (found version "3.4.0") 
[0.375s] -- Found ament_cmake: 1.3.11 (/opt/ros/humble/share/ament_cmake/cmake)
[0.899s] -- Found Python3: /usr/bin/python3 (found version "3.10.12") found components: Interpreter 
[1.004s] -- Found rclcpp: 16.0.11 (/opt/ros/humble/share/rclcpp/cmake)
[1.057s] -- Found rosidl_generator_c: 3.1.6 (/opt/ros/humble/share/rosidl_generator_c/cmake)
[1.063s] -- Found rosidl_adapter: 3.1.6 (/opt/ros/humble/share/rosidl_adapter/cmake)
[1.074s] -- Found rosidl_generator_cpp: 3.1.6 (/opt/ros/humble/share/rosidl_generator_cpp/cmake)
[1.090s] -- Using all available rosidl_typesupport_c: rosidl_typesupport_fastrtps_c;rosidl_typesupport_introspection_c
[1.111s] -- Using all available rosidl_typesupport_cpp: rosidl_typesupport_fastrtps_cpp;rosidl_typesupport_introspection_cpp
[1.168s] -- Found rmw_implementation_cmake: 6.1.2 (/opt/ros/humble/share/rmw_implementation_cmake/cmake)
[1.172s] -- Found rmw_fastrtps_cpp: 6.2.7 (/opt/ros/humble/share/rmw_fastrtps_cpp/cmake)
[1.282s] -- Found OpenSSL: /usr/lib/x86_64-linux-gnu/libcrypto.so (found version "3.0.2")  
[1.322s] -- Found FastRTPS: /opt/ros/humble/include  
[1.384s] -- Using RMW implementation 'rmw_fastrtps_cpp' as default
[1.397s] -- Looking for pthread.h
[1.487s] -- Looking for pthread.h - found
[1.488s] -- Performing Test CMAKE_HAVE_LIBC_PTHREAD
[1.584s] -- Performing Test CMAKE_HAVE_LIBC_PTHREAD - Success
[1.585s] -- Found Threads: TRUE  
[1.641s] -- Found px4_ros2_cpp: 0.0.1 (/home/janhavi/SwarmRobotics/install/px4_ros2_cpp/share/px4_ros2_cpp/cmake)
[1.656s] -- Found ament_lint_auto: 0.12.11 (/opt/ros/humble/share/ament_lint_auto/cmake)
[1.732s] -- Added test 'copyright' to check source files copyright and LICENSE
[1.733s] -- Added test 'cppcheck' to perform static code analysis on C / C++ code
[1.733s] -- Configured cppcheck include dirs: /home/janhavi/SwarmRobotics/src/px4-ros2-interface-lib/examples/cpp/modes/mode_with_executor/include
[1.733s] -- Configured cppcheck exclude dirs and/or files: 
[1.734s] -- Added test 'cpplint' to check C / C++ code against the Google style
[1.734s] -- Configured cpplint exclude dirs and/or files: 
[1.735s] -- Added test 'lint_cmake' to check CMake code style
[1.737s] -- Added test 'uncrustify' to check C / C++ code style
[1.737s] -- Configured uncrustify additional arguments: 
[1.737s] -- Added test 'xmllint' to check XML markup files
[1.738s] -- Configuring done
[1.752s] -- Generating done
[1.758s] -- Build files have been written to: /home/janhavi/SwarmRobotics/build/example_mode_with_executor_cpp
[1.772s] Invoked command in '/home/janhavi/SwarmRobotics/build/example_mode_with_executor_cpp' returned '0': AMENT_PREFIX_PATH=/home/janhavi/SwarmRobotics/install/px4_ros2_cpp:/home/janhavi/SwarmRobotics/install/px4_msgs:${AMENT_PREFIX_PATH} CMAKE_PREFIX_PATH=/home/janhavi/SwarmRobotics/install/px4_ros2_cpp:/home/janhavi/SwarmRobotics/install/px4_msgs:/opt/ros/humble LD_LIBRARY_PATH=/home/janhavi/SwarmRobotics/install/px4_ros2_cpp/lib:/home/janhavi/SwarmRobotics/install/px4_msgs/lib:${LD_LIBRARY_PATH} PYTHONPATH=/home/janhavi/SwarmRobotics/install/px4_msgs/local/lib/python3.10/dist-packages:${PYTHONPATH} /usr/bin/cmake /home/janhavi/SwarmRobotics/src/px4-ros2-interface-lib/examples/cpp/modes/mode_with_executor -DCMAKE_INSTALL_PREFIX=/home/janhavi/SwarmRobotics/install/example_mode_with_executor_cpp
[1.775s] Invoking command in '/home/janhavi/SwarmRobotics/build/example_mode_with_executor_cpp': AMENT_PREFIX_PATH=/home/janhavi/SwarmRobotics/install/px4_ros2_cpp:/home/janhavi/SwarmRobotics/install/px4_msgs:${AMENT_PREFIX_PATH} CMAKE_PREFIX_PATH=/home/janhavi/SwarmRobotics/install/px4_ros2_cpp:/home/janhavi/SwarmRobotics/install/px4_msgs:/opt/ros/humble LD_LIBRARY_PATH=/home/janhavi/SwarmRobotics/install/px4_ros2_cpp/lib:/home/janhavi/SwarmRobotics/install/px4_msgs/lib:${LD_LIBRARY_PATH} PYTHONPATH=/home/janhavi/SwarmRobotics/install/px4_msgs/local/lib/python3.10/dist-packages:${PYTHONPATH} /usr/bin/cmake --build /home/janhavi/SwarmRobotics/build/example_mode_with_executor_cpp -- -j12 -l12
[1.864s] [ 50%] [32mBuilding CXX object CMakeFiles/example_mode_with_executor.dir/src/main.cpp.o[0m
[8.381s] [100%] [32m[1mLinking CXX executable example_mode_with_executor[0m
[9.648s] [100%] Built target example_mode_with_executor
[9.664s] Invoked command in '/home/janhavi/SwarmRobotics/build/example_mode_with_executor_cpp' returned '0': AMENT_PREFIX_PATH=/home/janhavi/SwarmRobotics/install/px4_ros2_cpp:/home/janhavi/SwarmRobotics/install/px4_msgs:${AMENT_PREFIX_PATH} CMAKE_PREFIX_PATH=/home/janhavi/SwarmRobotics/install/px4_ros2_cpp:/home/janhavi/SwarmRobotics/install/px4_msgs:/opt/ros/humble LD_LIBRARY_PATH=/home/janhavi/SwarmRobotics/install/px4_ros2_cpp/lib:/home/janhavi/SwarmRobotics/install/px4_msgs/lib:${LD_LIBRARY_PATH} PYTHONPATH=/home/janhavi/SwarmRobotics/install/px4_msgs/local/lib/python3.10/dist-packages:${PYTHONPATH} /usr/bin/cmake --build /home/janhavi/SwarmRobotics/build/example_mode_with_executor_cpp -- -j12 -l12
[9.665s] Invoking command in '/home/janhavi/SwarmRobotics/build/example_mode_with_executor_cpp': AMENT_PREFIX_PATH=/home/janhavi/SwarmRobotics/install/px4_ros2_cpp:/home/janhavi/SwarmRobotics/install/px4_msgs:${AMENT_PREFIX_PATH} CMAKE_PREFIX_PATH=/home/janhavi/SwarmRobotics/install/px4_ros2_cpp:/home/janhavi/SwarmRobotics/install/px4_msgs:/opt/ros/humble LD_LIBRARY_PATH=/home/janhavi/SwarmRobotics/install/px4_ros2_cpp/lib:/home/janhavi/SwarmRobotics/install/px4_msgs/lib:${LD_LIBRARY_PATH} PYTHONPATH=/home/janhavi/SwarmRobotics/install/px4_msgs/local/lib/python3.10/dist-packages:${PYTHONPATH} /usr/bin/cmake --install /home/janhavi/SwarmRobotics/build/example_mode_with_executor_cpp
[9.675s] -- Install configuration: ""
[9.675s] -- Installing: /home/janhavi/SwarmRobotics/install/example_mode_with_executor_cpp/lib/example_mode_with_executor_cpp/example_mode_with_executor
[9.676s] -- Set runtime path of "/home/janhavi/SwarmRobotics/install/example_mode_with_executor_cpp/lib/example_mode_with_executor_cpp/example_mode_with_executor" to ""
[9.676s] -- Installing: /home/janhavi/SwarmRobotics/install/example_mode_with_executor_cpp/share/ament_index/resource_index/package_run_dependencies/example_mode_with_executor_cpp
[9.676s] -- Installing: /home/janhavi/SwarmRobotics/install/example_mode_with_executor_cpp/share/ament_index/resource_index/parent_prefix_path/example_mode_with_executor_cpp
[9.676s] -- Installing: /home/janhavi/SwarmRobotics/install/example_mode_with_executor_cpp/share/example_mode_with_executor_cpp/environment/ament_prefix_path.sh
[9.676s] -- Installing: /home/janhavi/SwarmRobotics/install/example_mode_with_executor_cpp/share/example_mode_with_executor_cpp/environment/ament_prefix_path.dsv
[9.677s] -- Installing: /home/janhavi/SwarmRobotics/install/example_mode_with_executor_cpp/share/example_mode_with_executor_cpp/environment/path.sh
[9.677s] -- Installing: /home/janhavi/SwarmRobotics/install/example_mode_with_executor_cpp/share/example_mode_with_executor_cpp/environment/path.dsv
[9.677s] -- Installing: /home/janhavi/SwarmRobotics/install/example_mode_with_executor_cpp/share/example_mode_with_executor_cpp/local_setup.bash
[9.677s] -- Installing: /home/janhavi/SwarmRobotics/install/example_mode_with_executor_cpp/share/example_mode_with_executor_cpp/local_setup.sh
[9.677s] -- Installing: /home/janhavi/SwarmRobotics/install/example_mode_with_executor_cpp/share/example_mode_with_executor_cpp/local_setup.zsh
[9.677s] -- Installing: /home/janhavi/SwarmRobotics/install/example_mode_with_executor_cpp/share/example_mode_with_executor_cpp/local_setup.dsv
[9.677s] -- Installing: /home/janhavi/SwarmRobotics/install/example_mode_with_executor_cpp/share/example_mode_with_executor_cpp/package.dsv
[9.678s] -- Installing: /home/janhavi/SwarmRobotics/install/example_mode_with_executor_cpp/share/ament_index/resource_index/packages/example_mode_with_executor_cpp
[9.678s] -- Installing: /home/janhavi/SwarmRobotics/install/example_mode_with_executor_cpp/share/example_mode_with_executor_cpp/cmake/example_mode_with_executor_cppConfig.cmake
[9.678s] -- Installing: /home/janhavi/SwarmRobotics/install/example_mode_with_executor_cpp/share/example_mode_with_executor_cpp/cmake/example_mode_with_executor_cppConfig-version.cmake
[9.678s] -- Installing: /home/janhavi/SwarmRobotics/install/example_mode_with_executor_cpp/share/example_mode_with_executor_cpp/package.xml
[9.681s] Invoked command in '/home/janhavi/SwarmRobotics/build/example_mode_with_executor_cpp' returned '0': AMENT_PREFIX_PATH=/home/janhavi/SwarmRobotics/install/px4_ros2_cpp:/home/janhavi/SwarmRobotics/install/px4_msgs:${AMENT_PREFIX_PATH} CMAKE_PREFIX_PATH=/home/janhavi/SwarmRobotics/install/px4_ros2_cpp:/home/janhavi/SwarmRobotics/install/px4_msgs:/opt/ros/humble LD_LIBRARY_PATH=/home/janhavi/SwarmRobotics/install/px4_ros2_cpp/lib:/home/janhavi/SwarmRobotics/install/px4_msgs/lib:${LD_LIBRARY_PATH} PYTHONPATH=/home/janhavi/SwarmRobotics/install/px4_msgs/local/lib/python3.10/dist-packages:${PYTHONPATH} /usr/bin/cmake --install /home/janhavi/SwarmRobotics/build/example_mode_with_executor_cpp
