[ 50%] [32mBuilding CXX object CMakeFiles/example_mode_with_executor.dir/src/main.cpp.o[0m
[100%] [32m[1mLinking CXX executable example_mode_with_executor[0m
[100%] Built target example_mode_with_executor
-- Install configuration: ""
-- Installing: /home/janhavi/SwarmRobotics/install/example_mode_with_executor_cpp/lib/example_mode_with_executor_cpp/example_mode_with_executor
-- Set runtime path of "/home/janhavi/SwarmRobotics/install/example_mode_with_executor_cpp/lib/example_mode_with_executor_cpp/example_mode_with_executor" to ""
-- Up-to-date: /home/janhavi/SwarmRobotics/install/example_mode_with_executor_cpp/share/ament_index/resource_index/package_run_dependencies/example_mode_with_executor_cpp
-- Up-to-date: /home/janhavi/SwarmRobotics/install/example_mode_with_executor_cpp/share/ament_index/resource_index/parent_prefix_path/example_mode_with_executor_cpp
-- Up-to-date: /home/janhavi/SwarmRobotics/install/example_mode_with_executor_cpp/share/example_mode_with_executor_cpp/environment/ament_prefix_path.sh
-- Up-to-date: /home/janhavi/SwarmRobotics/install/example_mode_with_executor_cpp/share/example_mode_with_executor_cpp/environment/ament_prefix_path.dsv
-- Up-to-date: /home/janhavi/SwarmRobotics/install/example_mode_with_executor_cpp/share/example_mode_with_executor_cpp/environment/path.sh
-- Up-to-date: /home/janhavi/SwarmRobotics/install/example_mode_with_executor_cpp/share/example_mode_with_executor_cpp/environment/path.dsv
-- Up-to-date: /home/janhavi/SwarmRobotics/install/example_mode_with_executor_cpp/share/example_mode_with_executor_cpp/local_setup.bash
-- Up-to-date: /home/janhavi/SwarmRobotics/install/example_mode_with_executor_cpp/share/example_mode_with_executor_cpp/local_setup.sh
-- Up-to-date: /home/janhavi/SwarmRobotics/install/example_mode_with_executor_cpp/share/example_mode_with_executor_cpp/local_setup.zsh
-- Up-to-date: /home/janhavi/SwarmRobotics/install/example_mode_with_executor_cpp/share/example_mode_with_executor_cpp/local_setup.dsv
-- Installing: /home/janhavi/SwarmRobotics/install/example_mode_with_executor_cpp/share/example_mode_with_executor_cpp/package.dsv
-- Up-to-date: /home/janhavi/SwarmRobotics/install/example_mode_with_executor_cpp/share/ament_index/resource_index/packages/example_mode_with_executor_cpp
-- Up-to-date: /home/janhavi/SwarmRobotics/install/example_mode_with_executor_cpp/share/example_mode_with_executor_cpp/cmake/example_mode_with_executor_cppConfig.cmake
-- Up-to-date: /home/janhavi/SwarmRobotics/install/example_mode_with_executor_cpp/share/example_mode_with_executor_cpp/cmake/example_mode_with_executor_cppConfig-version.cmake
-- Up-to-date: /home/janhavi/SwarmRobotics/install/example_mode_with_executor_cpp/share/example_mode_with_executor_cpp/package.xml
