[0.032s] Invoking command in '/home/janhavi/SwarmRobotics/build/example_mode_with_executor_cpp': AMENT_PREFIX_PATH=/home/janhavi/SwarmRobotics/install/px4_ros2_cpp:/home/janhavi/SwarmRobotics/install/px4_msgs:${AMENT_PREFIX_PATH} CMAKE_PREFIX_PATH=/home/janhavi/SwarmRobotics/install/px4_ros2_cpp:/home/janhavi/SwarmRobotics/install/px4_msgs:/opt/ros/humble LD_LIBRARY_PATH=/home/janhavi/SwarmRobotics/install/px4_ros2_cpp/lib:/home/janhavi/SwarmRobotics/install/px4_msgs/lib:${LD_LIBRARY_PATH} PYTHONPATH=/home/janhavi/SwarmRobotics/install/px4_msgs/local/lib/python3.10/dist-packages:${PYTHONPATH} /usr/bin/cmake --build /home/janhavi/SwarmRobotics/build/example_mode_with_executor_cpp -- -j12 -l12
[0.100s] [ 50%] [32mBuilding CXX object CMakeFiles/example_mode_with_executor.dir/src/main.cpp.o[0m
[5.700s] [100%] [32m[1mLinking CXX executable example_mode_with_executor[0m
[6.853s] [100%] Built target example_mode_with_executor
[6.867s] Invoked command in '/home/janhavi/SwarmRobotics/build/example_mode_with_executor_cpp' returned '0': AMENT_PREFIX_PATH=/home/janhavi/SwarmRobotics/install/px4_ros2_cpp:/home/janhavi/SwarmRobotics/install/px4_msgs:${AMENT_PREFIX_PATH} CMAKE_PREFIX_PATH=/home/janhavi/SwarmRobotics/install/px4_ros2_cpp:/home/janhavi/SwarmRobotics/install/px4_msgs:/opt/ros/humble LD_LIBRARY_PATH=/home/janhavi/SwarmRobotics/install/px4_ros2_cpp/lib:/home/janhavi/SwarmRobotics/install/px4_msgs/lib:${LD_LIBRARY_PATH} PYTHONPATH=/home/janhavi/SwarmRobotics/install/px4_msgs/local/lib/python3.10/dist-packages:${PYTHONPATH} /usr/bin/cmake --build /home/janhavi/SwarmRobotics/build/example_mode_with_executor_cpp -- -j12 -l12
[6.870s] Invoking command in '/home/janhavi/SwarmRobotics/build/example_mode_with_executor_cpp': AMENT_PREFIX_PATH=/home/janhavi/SwarmRobotics/install/px4_ros2_cpp:/home/janhavi/SwarmRobotics/install/px4_msgs:${AMENT_PREFIX_PATH} CMAKE_PREFIX_PATH=/home/janhavi/SwarmRobotics/install/px4_ros2_cpp:/home/janhavi/SwarmRobotics/install/px4_msgs:/opt/ros/humble LD_LIBRARY_PATH=/home/janhavi/SwarmRobotics/install/px4_ros2_cpp/lib:/home/janhavi/SwarmRobotics/install/px4_msgs/lib:${LD_LIBRARY_PATH} PYTHONPATH=/home/janhavi/SwarmRobotics/install/px4_msgs/local/lib/python3.10/dist-packages:${PYTHONPATH} /usr/bin/cmake --install /home/janhavi/SwarmRobotics/build/example_mode_with_executor_cpp
[6.879s] -- Install configuration: ""
[6.879s] -- Installing: /home/janhavi/SwarmRobotics/install/example_mode_with_executor_cpp/lib/example_mode_with_executor_cpp/example_mode_with_executor
[6.880s] -- Set runtime path of "/home/janhavi/SwarmRobotics/install/example_mode_with_executor_cpp/lib/example_mode_with_executor_cpp/example_mode_with_executor" to ""
[6.880s] -- Up-to-date: /home/janhavi/SwarmRobotics/install/example_mode_with_executor_cpp/share/ament_index/resource_index/package_run_dependencies/example_mode_with_executor_cpp
[6.881s] -- Up-to-date: /home/janhavi/SwarmRobotics/install/example_mode_with_executor_cpp/share/ament_index/resource_index/parent_prefix_path/example_mode_with_executor_cpp
[6.881s] -- Up-to-date: /home/janhavi/SwarmRobotics/install/example_mode_with_executor_cpp/share/example_mode_with_executor_cpp/environment/ament_prefix_path.sh
[6.881s] -- Up-to-date: /home/janhavi/SwarmRobotics/install/example_mode_with_executor_cpp/share/example_mode_with_executor_cpp/environment/ament_prefix_path.dsv
[6.881s] -- Up-to-date: /home/janhavi/SwarmRobotics/install/example_mode_with_executor_cpp/share/example_mode_with_executor_cpp/environment/path.sh
[6.881s] -- Up-to-date: /home/janhavi/SwarmRobotics/install/example_mode_with_executor_cpp/share/example_mode_with_executor_cpp/environment/path.dsv
[6.881s] -- Up-to-date: /home/janhavi/SwarmRobotics/install/example_mode_with_executor_cpp/share/example_mode_with_executor_cpp/local_setup.bash
[6.881s] -- Up-to-date: /home/janhavi/SwarmRobotics/install/example_mode_with_executor_cpp/share/example_mode_with_executor_cpp/local_setup.sh
[6.881s] -- Up-to-date: /home/janhavi/SwarmRobotics/install/example_mode_with_executor_cpp/share/example_mode_with_executor_cpp/local_setup.zsh
[6.881s] -- Up-to-date: /home/janhavi/SwarmRobotics/install/example_mode_with_executor_cpp/share/example_mode_with_executor_cpp/local_setup.dsv
[6.882s] -- Installing: /home/janhavi/SwarmRobotics/install/example_mode_with_executor_cpp/share/example_mode_with_executor_cpp/package.dsv
[6.882s] -- Up-to-date: /home/janhavi/SwarmRobotics/install/example_mode_with_executor_cpp/share/ament_index/resource_index/packages/example_mode_with_executor_cpp
[6.882s] -- Up-to-date: /home/janhavi/SwarmRobotics/install/example_mode_with_executor_cpp/share/example_mode_with_executor_cpp/cmake/example_mode_with_executor_cppConfig.cmake
[6.882s] -- Up-to-date: /home/janhavi/SwarmRobotics/install/example_mode_with_executor_cpp/share/example_mode_with_executor_cpp/cmake/example_mode_with_executor_cppConfig-version.cmake
[6.882s] -- Up-to-date: /home/janhavi/SwarmRobotics/install/example_mode_with_executor_cpp/share/example_mode_with_executor_cpp/package.xml
[6.886s] Invoked command in '/home/janhavi/SwarmRobotics/build/example_mode_with_executor_cpp' returned '0': AMENT_PREFIX_PATH=/home/janhavi/SwarmRobotics/install/px4_ros2_cpp:/home/janhavi/SwarmRobotics/install/px4_msgs:${AMENT_PREFIX_PATH} CMAKE_PREFIX_PATH=/home/janhavi/SwarmRobotics/install/px4_ros2_cpp:/home/janhavi/SwarmRobotics/install/px4_msgs:/opt/ros/humble LD_LIBRARY_PATH=/home/janhavi/SwarmRobotics/install/px4_ros2_cpp/lib:/home/janhavi/SwarmRobotics/install/px4_msgs/lib:${LD_LIBRARY_PATH} PYTHONPATH=/home/janhavi/SwarmRobotics/install/px4_msgs/local/lib/python3.10/dist-packages:${PYTHONPATH} /usr/bin/cmake --install /home/janhavi/SwarmRobotics/build/example_mode_with_executor_cpp
