[0.011s] Invoking command in '/home/janhavi/SwarmRobotics/build/px4_ros_com': AMENT_PREFIX_PATH=/home/janhavi/SwarmRobotics/install/px4_msgs:${AMENT_PREFIX_PATH} CMAKE_PREFIX_PATH=/home/janhavi/SwarmRobotics/install/px4_msgs:/opt/ros/humble LD_LIBRARY_PATH=/home/janhavi/SwarmRobotics/install/px4_msgs/lib:${LD_LIBRARY_PATH} PYTHONPATH=/home/janhavi/SwarmRobotics/install/px4_msgs/local/lib/python3.10/dist-packages:${PYTHONPATH} /usr/bin/cmake /home/janhavi/SwarmRobotics/src/px4_ros_com -DCMAKE_INSTALL_PREFIX=/home/janhavi/SwarmRobotics/install/px4_ros_com
[0.021s] -- Found ament_cmake: 1.3.11 (/opt/ros/humble/share/ament_cmake/cmake)
[0.117s] -- Override CMake install command with custom implementation using symlinks instead of copying resources
[0.124s] -- Found builtin_interfaces: 1.2.1 (/opt/ros/humble/share/builtin_interfaces/cmake)
[0.142s] -- Found rosidl_generator_c: 3.1.6 (/opt/ros/humble/share/rosidl_generator_c/cmake)
[0.144s] -- Found rosidl_adapter: 3.1.6 (/opt/ros/humble/share/rosidl_adapter/cmake)
[0.147s] -- Found rosidl_generator_cpp: 3.1.6 (/opt/ros/humble/share/rosidl_generator_cpp/cmake)
[0.154s] -- Using all available rosidl_typesupport_c: rosidl_typesupport_fastrtps_c;rosidl_typesupport_introspection_c
[0.162s] -- Using all available rosidl_typesupport_cpp: rosidl_typesupport_fastrtps_cpp;rosidl_typesupport_introspection_cpp
[0.169s] -- Found eigen3_cmake_module: 0.1.1 (/opt/ros/humble/share/eigen3_cmake_module/cmake)
[0.170s] -- Found geometry_msgs: 4.2.4 (/opt/ros/humble/share/geometry_msgs/cmake)
[0.186s] -- Found px4_msgs: 2.0.1 (/home/janhavi/SwarmRobotics/install/px4_msgs/share/px4_msgs/cmake)
[0.193s] -- Found rclcpp: 16.0.11 (/opt/ros/humble/share/rclcpp/cmake)
[0.209s] -- Found rmw_implementation_cmake: 6.1.2 (/opt/ros/humble/share/rmw_implementation_cmake/cmake)
[0.210s] -- Found rmw_fastrtps_cpp: 6.2.7 (/opt/ros/humble/share/rmw_fastrtps_cpp/cmake)
[0.299s] -- Using RMW implementation 'rmw_fastrtps_cpp' as default
[0.341s] -- Found sensor_msgs: 4.2.4 (/opt/ros/humble/share/sensor_msgs/cmake)
[0.360s] -- Found rclpy: 3.3.15 (/opt/ros/humble/share/rclpy/cmake)
[0.369s] -- Found ament_lint_auto: 0.12.11 (/opt/ros/humble/share/ament_lint_auto/cmake)
[0.439s] -- Added test 'copyright' to check source files copyright and LICENSE
[0.443s] -- Added test 'cppcheck' to perform static code analysis on C / C++ code
[0.444s] -- Configured cppcheck include dirs: /home/janhavi/SwarmRobotics/src/px4_ros_com/include;$<BUILD_INTERFACE:/home/janhavi/SwarmRobotics/src/px4_ros_com/include/px4_ros_com>
[0.444s] -- Configured cppcheck exclude dirs and/or files: 
[0.448s] -- Added test 'cpplint' to check C / C++ code against the Google style
[0.448s] -- Configured cpplint exclude dirs and/or files: 
[0.448s] -- Added test 'flake8' to check Python code syntax and style conventions
[0.450s] -- Added test 'lint_cmake' to check CMake code style
[0.450s] -- Added test 'pep257' to check Python code against some of the docstring style conventions in PEP 257
[0.454s] -- Added test 'uncrustify' to check C / C++ code style
[0.454s] -- Configured uncrustify additional arguments: 
[0.455s] -- Added test 'xmllint' to check XML markup files
[0.457s] -- Configuring done
[0.473s] -- Generating done
[0.479s] -- Build files have been written to: /home/janhavi/SwarmRobotics/build/px4_ros_com
