/home/janhavi/SwarmRobotics/install/swarm_teleop/lib/python3.10/site-packages/swarm_teleop/final_control.py
/home/janhavi/SwarmRobotics/install/swarm_teleop/lib/python3.10/site-packages/swarm_teleop/teleop_control.py
/home/janhavi/SwarmRobotics/install/swarm_teleop/lib/python3.10/site-packages/swarm_teleop/__init__.py
/home/janhavi/SwarmRobotics/install/swarm_teleop/lib/python3.10/site-packages/swarm_teleop/arm_control.py
/home/janhavi/SwarmRobotics/install/swarm_teleop/lib/python3.10/site-packages/swarm_teleop/velocity_control.py
/home/janhavi/SwarmRobotics/install/swarm_teleop/lib/python3.10/site-packages/swarm_teleop/__pycache__/final_control.cpython-310.pyc
/home/janhavi/SwarmRobotics/install/swarm_teleop/lib/python3.10/site-packages/swarm_teleop/__pycache__/teleop_control.cpython-310.pyc
/home/janhavi/SwarmRobotics/install/swarm_teleop/lib/python3.10/site-packages/swarm_teleop/__pycache__/__init__.cpython-310.pyc
/home/janhavi/SwarmRobotics/install/swarm_teleop/lib/python3.10/site-packages/swarm_teleop/__pycache__/arm_control.cpython-310.pyc
/home/janhavi/SwarmRobotics/install/swarm_teleop/lib/python3.10/site-packages/swarm_teleop/__pycache__/velocity_control.cpython-310.pyc
/home/janhavi/SwarmRobotics/install/swarm_teleop/share/ament_index/resource_index/packages/swarm_teleop
/home/janhavi/SwarmRobotics/install/swarm_teleop/share/swarm_teleop/package.xml
/home/janhavi/SwarmRobotics/install/swarm_teleop/share/swarm_teleop/launch/swarm_teleop.launch.py
/home/janhavi/SwarmRobotics/install/swarm_teleop/lib/python3.10/site-packages/swarm_teleop-0.0.1-py3.10.egg-info/PKG-INFO
/home/janhavi/SwarmRobotics/install/swarm_teleop/lib/python3.10/site-packages/swarm_teleop-0.0.1-py3.10.egg-info/requires.txt
/home/janhavi/SwarmRobotics/install/swarm_teleop/lib/python3.10/site-packages/swarm_teleop-0.0.1-py3.10.egg-info/entry_points.txt
/home/janhavi/SwarmRobotics/install/swarm_teleop/lib/python3.10/site-packages/swarm_teleop-0.0.1-py3.10.egg-info/zip-safe
/home/janhavi/SwarmRobotics/install/swarm_teleop/lib/python3.10/site-packages/swarm_teleop-0.0.1-py3.10.egg-info/dependency_links.txt
/home/janhavi/SwarmRobotics/install/swarm_teleop/lib/python3.10/site-packages/swarm_teleop-0.0.1-py3.10.egg-info/SOURCES.txt
/home/janhavi/SwarmRobotics/install/swarm_teleop/lib/python3.10/site-packages/swarm_teleop-0.0.1-py3.10.egg-info/top_level.txt
/home/janhavi/SwarmRobotics/install/swarm_teleop/lib/swarm_teleop/arm_control
/home/janhavi/SwarmRobotics/install/swarm_teleop/lib/swarm_teleop/final_control
