[0.054s] Invoking command in '/home/janhavi/SwarmRobotics/src/build/example_global_navigation_cpp': AMENT_PREFIX_PATH=/home/janhavi/SwarmRobotics/src/install/px4_ros2_cpp:/home/janhavi/SwarmRobotics/src/install/px4_msgs:${AMENT_PREFIX_PATH} CMAKE_PREFIX_PATH=/home/janhavi/SwarmRobotics/src/install/px4_ros2_cpp:/home/janhavi/SwarmRobotics/src/install/px4_msgs:/home/janhavi/SwarmRobotics/install/px4_ros_com:/home/janhavi/SwarmRobotics/install/example_mode_with_executor_cpp:/home/janhavi/SwarmRobotics/install/example_mode_rtl_replacement_cpp:/home/janhavi/SwarmRobotics/install/example_mode_manual_cpp:/home/janhavi/SwarmRobotics/install/example_mode_goto_global_cpp:/home/janhavi/SwarmRobotics/install/example_mode_goto_cpp:/home/janhavi/SwarmRobotics/install/example_mode_fw_attitude_cpp:/home/janhavi/SwarmRobotics/install/example_local_navigation_cpp:/home/janhavi/SwarmRobotics/install/example_global_navigation_cpp:/home/janhavi/SwarmRobotics/install/px4_ros2_cpp:/home/janhavi/SwarmRobotics/install/px4_msgs:/home/janhavi/SwarmRobotics/install/swarm_teleop:/opt/ros/humble LD_LIBRARY_PATH=/home/janhavi/SwarmRobotics/src/install/px4_ros2_cpp/lib:/home/janhavi/SwarmRobotics/src/install/px4_msgs/lib:${LD_LIBRARY_PATH} PYTHONPATH=/home/janhavi/SwarmRobotics/src/install/px4_msgs/local/lib/python3.10/dist-packages:${PYTHONPATH} /usr/bin/cmake /home/janhavi/SwarmRobotics/src/px4-ros2-interface-lib/examples/cpp/navigation/global_navigation -DCMAKE_INSTALL_PREFIX=/home/janhavi/SwarmRobotics/src/install/example_global_navigation_cpp
[0.221s] -- The C compiler identification is GNU 11.4.0
[0.355s] -- The CXX compiler identification is GNU 11.4.0
[0.370s] -- Detecting C compiler ABI info
[0.525s] -- Detecting C compiler ABI info - done
[0.550s] -- Check for working C compiler: /usr/bin/cc - skipped
[0.550s] -- Detecting C compile features
[0.550s] -- Detecting C compile features - done
[0.558s] -- Detecting CXX compiler ABI info
[0.749s] -- Detecting CXX compiler ABI info - done
[0.779s] -- Check for working CXX compiler: /usr/bin/c++ - skipped
[0.779s] -- Detecting CXX compile features
[0.781s] -- Detecting CXX compile features - done
[0.790s] -- Found eigen3_cmake_module: 0.1.1 (/opt/ros/humble/share/eigen3_cmake_module/cmake)
[0.811s] -- Found Eigen3: TRUE (found version "3.4.0") 
[0.822s] -- Found ament_cmake: 1.3.11 (/opt/ros/humble/share/ament_cmake/cmake)
[2.099s] -- Found Python3: /usr/bin/python3 (found version "3.10.12") found components: Interpreter 
[2.366s] -- Found rclcpp: 16.0.11 (/opt/ros/humble/share/rclcpp/cmake)
[2.491s] -- Found rosidl_generator_c: 3.1.6 (/opt/ros/humble/share/rosidl_generator_c/cmake)
[2.507s] -- Found rosidl_adapter: 3.1.6 (/opt/ros/humble/share/rosidl_adapter/cmake)
[2.532s] -- Found rosidl_generator_cpp: 3.1.6 (/opt/ros/humble/share/rosidl_generator_cpp/cmake)
[2.567s] -- Using all available rosidl_typesupport_c: rosidl_typesupport_fastrtps_c;rosidl_typesupport_introspection_c
[2.616s] -- Using all available rosidl_typesupport_cpp: rosidl_typesupport_fastrtps_cpp;rosidl_typesupport_introspection_cpp
[2.744s] -- Found rmw_implementation_cmake: 6.1.2 (/opt/ros/humble/share/rmw_implementation_cmake/cmake)
[2.753s] -- Found rmw_fastrtps_cpp: 6.2.7 (/opt/ros/humble/share/rmw_fastrtps_cpp/cmake)
[2.970s] -- Found OpenSSL: /usr/lib/x86_64-linux-gnu/libcrypto.so (found version "3.0.2")  
[3.048s] -- Found FastRTPS: /opt/ros/humble/include  
[3.158s] -- Using RMW implementation 'rmw_fastrtps_cpp' as default
[3.183s] -- Looking for pthread.h
[3.386s] -- Looking for pthread.h - found
[3.389s] -- Performing Test CMAKE_HAVE_LIBC_PTHREAD
[3.593s] -- Performing Test CMAKE_HAVE_LIBC_PTHREAD - Success
[3.598s] -- Found Threads: TRUE  
[3.774s] -- Found px4_ros2_cpp: 0.0.1 (/home/janhavi/SwarmRobotics/src/install/px4_ros2_cpp/share/px4_ros2_cpp/cmake)
[3.823s] -- Found ament_lint_auto: 0.12.11 (/opt/ros/humble/share/ament_lint_auto/cmake)
[4.071s] -- Added test 'copyright' to check source files copyright and LICENSE
[4.074s] -- Added test 'cppcheck' to perform static code analysis on C / C++ code
[4.074s] -- Configured cppcheck include dirs: /home/janhavi/SwarmRobotics/src/px4-ros2-interface-lib/examples/cpp/navigation/global_navigation/include
[4.074s] -- Configured cppcheck exclude dirs and/or files: 
[4.077s] -- Added test 'cpplint' to check C / C++ code against the Google style
[4.077s] -- Configured cpplint exclude dirs and/or files: 
[4.078s] -- Added test 'lint_cmake' to check CMake code style
[4.085s] -- Added test 'uncrustify' to check C / C++ code style
[4.086s] -- Configured uncrustify additional arguments: 
[4.091s] -- Added test 'xmllint' to check XML markup files
[4.100s] -- Configuring done
[4.133s] -- Generating done
[4.142s] -- Build files have been written to: /home/janhavi/SwarmRobotics/src/build/example_global_navigation_cpp
[4.184s] Invoked command in '/home/janhavi/SwarmRobotics/src/build/example_global_navigation_cpp' returned '0': AMENT_PREFIX_PATH=/home/janhavi/SwarmRobotics/src/install/px4_ros2_cpp:/home/janhavi/SwarmRobotics/src/install/px4_msgs:${AMENT_PREFIX_PATH} CMAKE_PREFIX_PATH=/home/janhavi/SwarmRobotics/src/install/px4_ros2_cpp:/home/janhavi/SwarmRobotics/src/install/px4_msgs:/home/janhavi/SwarmRobotics/install/px4_ros_com:/home/janhavi/SwarmRobotics/install/example_mode_with_executor_cpp:/home/janhavi/SwarmRobotics/install/example_mode_rtl_replacement_cpp:/home/janhavi/SwarmRobotics/install/example_mode_manual_cpp:/home/janhavi/SwarmRobotics/install/example_mode_goto_global_cpp:/home/janhavi/SwarmRobotics/install/example_mode_goto_cpp:/home/janhavi/SwarmRobotics/install/example_mode_fw_attitude_cpp:/home/janhavi/SwarmRobotics/install/example_local_navigation_cpp:/home/janhavi/SwarmRobotics/install/example_global_navigation_cpp:/home/janhavi/SwarmRobotics/install/px4_ros2_cpp:/home/janhavi/SwarmRobotics/install/px4_msgs:/home/janhavi/SwarmRobotics/install/swarm_teleop:/opt/ros/humble LD_LIBRARY_PATH=/home/janhavi/SwarmRobotics/src/install/px4_ros2_cpp/lib:/home/janhavi/SwarmRobotics/src/install/px4_msgs/lib:${LD_LIBRARY_PATH} PYTHONPATH=/home/janhavi/SwarmRobotics/src/install/px4_msgs/local/lib/python3.10/dist-packages:${PYTHONPATH} /usr/bin/cmake /home/janhavi/SwarmRobotics/src/px4-ros2-interface-lib/examples/cpp/navigation/global_navigation -DCMAKE_INSTALL_PREFIX=/home/janhavi/SwarmRobotics/src/install/example_global_navigation_cpp
[4.192s] Invoking command in '/home/janhavi/SwarmRobotics/src/build/example_global_navigation_cpp': AMENT_PREFIX_PATH=/home/janhavi/SwarmRobotics/src/install/px4_ros2_cpp:/home/janhavi/SwarmRobotics/src/install/px4_msgs:${AMENT_PREFIX_PATH} CMAKE_PREFIX_PATH=/home/janhavi/SwarmRobotics/src/install/px4_ros2_cpp:/home/janhavi/SwarmRobotics/src/install/px4_msgs:/home/janhavi/SwarmRobotics/install/px4_ros_com:/home/janhavi/SwarmRobotics/install/example_mode_with_executor_cpp:/home/janhavi/SwarmRobotics/install/example_mode_rtl_replacement_cpp:/home/janhavi/SwarmRobotics/install/example_mode_manual_cpp:/home/janhavi/SwarmRobotics/install/example_mode_goto_global_cpp:/home/janhavi/SwarmRobotics/install/example_mode_goto_cpp:/home/janhavi/SwarmRobotics/install/example_mode_fw_attitude_cpp:/home/janhavi/SwarmRobotics/install/example_local_navigation_cpp:/home/janhavi/SwarmRobotics/install/example_global_navigation_cpp:/home/janhavi/SwarmRobotics/install/px4_ros2_cpp:/home/janhavi/SwarmRobotics/install/px4_msgs:/home/janhavi/SwarmRobotics/install/swarm_teleop:/opt/ros/humble LD_LIBRARY_PATH=/home/janhavi/SwarmRobotics/src/install/px4_ros2_cpp/lib:/home/janhavi/SwarmRobotics/src/install/px4_msgs/lib:${LD_LIBRARY_PATH} PYTHONPATH=/home/janhavi/SwarmRobotics/src/install/px4_msgs/local/lib/python3.10/dist-packages:${PYTHONPATH} /usr/bin/cmake --build /home/janhavi/SwarmRobotics/src/build/example_global_navigation_cpp -- -j12 -l12
[4.336s] [ 50%] [32mBuilding CXX object CMakeFiles/example_global_navigation.dir/src/main.cpp.o[0m
[14.616s] [100%] [32m[1mLinking CXX executable example_global_navigation[0m
[17.060s] [100%] Built target example_global_navigation
[17.092s] Invoked command in '/home/janhavi/SwarmRobotics/src/build/example_global_navigation_cpp' returned '0': AMENT_PREFIX_PATH=/home/janhavi/SwarmRobotics/src/install/px4_ros2_cpp:/home/janhavi/SwarmRobotics/src/install/px4_msgs:${AMENT_PREFIX_PATH} CMAKE_PREFIX_PATH=/home/janhavi/SwarmRobotics/src/install/px4_ros2_cpp:/home/janhavi/SwarmRobotics/src/install/px4_msgs:/home/janhavi/SwarmRobotics/install/px4_ros_com:/home/janhavi/SwarmRobotics/install/example_mode_with_executor_cpp:/home/janhavi/SwarmRobotics/install/example_mode_rtl_replacement_cpp:/home/janhavi/SwarmRobotics/install/example_mode_manual_cpp:/home/janhavi/SwarmRobotics/install/example_mode_goto_global_cpp:/home/janhavi/SwarmRobotics/install/example_mode_goto_cpp:/home/janhavi/SwarmRobotics/install/example_mode_fw_attitude_cpp:/home/janhavi/SwarmRobotics/install/example_local_navigation_cpp:/home/janhavi/SwarmRobotics/install/example_global_navigation_cpp:/home/janhavi/SwarmRobotics/install/px4_ros2_cpp:/home/janhavi/SwarmRobotics/install/px4_msgs:/home/janhavi/SwarmRobotics/install/swarm_teleop:/opt/ros/humble LD_LIBRARY_PATH=/home/janhavi/SwarmRobotics/src/install/px4_ros2_cpp/lib:/home/janhavi/SwarmRobotics/src/install/px4_msgs/lib:${LD_LIBRARY_PATH} PYTHONPATH=/home/janhavi/SwarmRobotics/src/install/px4_msgs/local/lib/python3.10/dist-packages:${PYTHONPATH} /usr/bin/cmake --build /home/janhavi/SwarmRobotics/src/build/example_global_navigation_cpp -- -j12 -l12
[17.101s] Invoking command in '/home/janhavi/SwarmRobotics/src/build/example_global_navigation_cpp': AMENT_PREFIX_PATH=/home/janhavi/SwarmRobotics/src/install/px4_ros2_cpp:/home/janhavi/SwarmRobotics/src/install/px4_msgs:${AMENT_PREFIX_PATH} CMAKE_PREFIX_PATH=/home/janhavi/SwarmRobotics/src/install/px4_ros2_cpp:/home/janhavi/SwarmRobotics/src/install/px4_msgs:/home/janhavi/SwarmRobotics/install/px4_ros_com:/home/janhavi/SwarmRobotics/install/example_mode_with_executor_cpp:/home/janhavi/SwarmRobotics/install/example_mode_rtl_replacement_cpp:/home/janhavi/SwarmRobotics/install/example_mode_manual_cpp:/home/janhavi/SwarmRobotics/install/example_mode_goto_global_cpp:/home/janhavi/SwarmRobotics/install/example_mode_goto_cpp:/home/janhavi/SwarmRobotics/install/example_mode_fw_attitude_cpp:/home/janhavi/SwarmRobotics/install/example_local_navigation_cpp:/home/janhavi/SwarmRobotics/install/example_global_navigation_cpp:/home/janhavi/SwarmRobotics/install/px4_ros2_cpp:/home/janhavi/SwarmRobotics/install/px4_msgs:/home/janhavi/SwarmRobotics/install/swarm_teleop:/opt/ros/humble LD_LIBRARY_PATH=/home/janhavi/SwarmRobotics/src/install/px4_ros2_cpp/lib:/home/janhavi/SwarmRobotics/src/install/px4_msgs/lib:${LD_LIBRARY_PATH} PYTHONPATH=/home/janhavi/SwarmRobotics/src/install/px4_msgs/local/lib/python3.10/dist-packages:${PYTHONPATH} /usr/bin/cmake --install /home/janhavi/SwarmRobotics/src/build/example_global_navigation_cpp
[17.118s] -- Install configuration: ""
[17.118s] -- Installing: /home/janhavi/SwarmRobotics/src/install/example_global_navigation_cpp/lib/example_global_navigation_cpp/example_global_navigation
[17.119s] -- Set runtime path of "/home/janhavi/SwarmRobotics/src/install/example_global_navigation_cpp/lib/example_global_navigation_cpp/example_global_navigation" to ""
[17.119s] -- Installing: /home/janhavi/SwarmRobotics/src/install/example_global_navigation_cpp/share/ament_index/resource_index/package_run_dependencies/example_global_navigation_cpp
[17.119s] -- Installing: /home/janhavi/SwarmRobotics/src/install/example_global_navigation_cpp/share/ament_index/resource_index/parent_prefix_path/example_global_navigation_cpp
[17.120s] -- Installing: /home/janhavi/SwarmRobotics/src/install/example_global_navigation_cpp/share/example_global_navigation_cpp/environment/ament_prefix_path.sh
[17.120s] -- Installing: /home/janhavi/SwarmRobotics/src/install/example_global_navigation_cpp/share/example_global_navigation_cpp/environment/ament_prefix_path.dsv
[17.120s] -- Installing: /home/janhavi/SwarmRobotics/src/install/example_global_navigation_cpp/share/example_global_navigation_cpp/environment/path.sh
[17.120s] -- Installing: /home/janhavi/SwarmRobotics/src/install/example_global_navigation_cpp/share/example_global_navigation_cpp/environment/path.dsv
[17.121s] -- Installing: /home/janhavi/SwarmRobotics/src/install/example_global_navigation_cpp/share/example_global_navigation_cpp/local_setup.bash
[17.121s] -- Installing: /home/janhavi/SwarmRobotics/src/install/example_global_navigation_cpp/share/example_global_navigation_cpp/local_setup.sh
[17.121s] -- Installing: /home/janhavi/SwarmRobotics/src/install/example_global_navigation_cpp/share/example_global_navigation_cpp/local_setup.zsh
[17.123s] -- Installing: /home/janhavi/SwarmRobotics/src/install/example_global_navigation_cpp/share/example_global_navigation_cpp/local_setup.dsv
[17.123s] -- Installing: /home/janhavi/SwarmRobotics/src/install/example_global_navigation_cpp/share/example_global_navigation_cpp/package.dsv
[17.123s] -- Installing: /home/janhavi/SwarmRobotics/src/install/example_global_navigation_cpp/share/ament_index/resource_index/packages/example_global_navigation_cpp
[17.123s] -- Installing: /home/janhavi/SwarmRobotics/src/install/example_global_navigation_cpp/share/example_global_navigation_cpp/cmake/example_global_navigation_cppConfig.cmake
[17.124s] -- Installing: /home/janhavi/SwarmRobotics/src/install/example_global_navigation_cpp/share/example_global_navigation_cpp/cmake/example_global_navigation_cppConfig-version.cmake
[17.124s] -- Installing: /home/janhavi/SwarmRobotics/src/install/example_global_navigation_cpp/share/example_global_navigation_cpp/package.xml
[17.129s] Invoked command in '/home/janhavi/SwarmRobotics/src/build/example_global_navigation_cpp' returned '0': AMENT_PREFIX_PATH=/home/janhavi/SwarmRobotics/src/install/px4_ros2_cpp:/home/janhavi/SwarmRobotics/src/install/px4_msgs:${AMENT_PREFIX_PATH} CMAKE_PREFIX_PATH=/home/janhavi/SwarmRobotics/src/install/px4_ros2_cpp:/home/janhavi/SwarmRobotics/src/install/px4_msgs:/home/janhavi/SwarmRobotics/install/px4_ros_com:/home/janhavi/SwarmRobotics/install/example_mode_with_executor_cpp:/home/janhavi/SwarmRobotics/install/example_mode_rtl_replacement_cpp:/home/janhavi/SwarmRobotics/install/example_mode_manual_cpp:/home/janhavi/SwarmRobotics/install/example_mode_goto_global_cpp:/home/janhavi/SwarmRobotics/install/example_mode_goto_cpp:/home/janhavi/SwarmRobotics/install/example_mode_fw_attitude_cpp:/home/janhavi/SwarmRobotics/install/example_local_navigation_cpp:/home/janhavi/SwarmRobotics/install/example_global_navigation_cpp:/home/janhavi/SwarmRobotics/install/px4_ros2_cpp:/home/janhavi/SwarmRobotics/install/px4_msgs:/home/janhavi/SwarmRobotics/install/swarm_teleop:/opt/ros/humble LD_LIBRARY_PATH=/home/janhavi/SwarmRobotics/src/install/px4_ros2_cpp/lib:/home/janhavi/SwarmRobotics/src/install/px4_msgs/lib:${LD_LIBRARY_PATH} PYTHONPATH=/home/janhavi/SwarmRobotics/src/install/px4_msgs/local/lib/python3.10/dist-packages:${PYTHONPATH} /usr/bin/cmake --install /home/janhavi/SwarmRobotics/src/build/example_global_navigation_cpp
