[0.023s] Invoking command in '/home/janhavi/SwarmRobotics/build/px4_ros2_cpp': CMAKE_PREFIX_PATH=/home/janhavi/SwarmRobotics/install/px4_msgs:/home/janhavi/SwarmRobotics/install/px4_ros_com:/home/janhavi/SwarmRobotics/install/example_mode_with_executor_cpp:/home/janhavi/SwarmRobotics/install/example_mode_rtl_replacement_cpp:/home/janhavi/SwarmRobotics/install/example_mode_manual_cpp:/home/janhavi/SwarmRobotics/install/example_mode_goto_global_cpp:/home/janhavi/SwarmRobotics/install/example_mode_goto_cpp:/home/janhavi/SwarmRobotics/install/example_mode_fw_attitude_cpp:/home/janhavi/SwarmRobotics/install/example_local_navigation_cpp:/home/janhavi/SwarmRobotics/install/example_global_navigation_cpp:/home/janhavi/SwarmRobotics/install/px4_ros2_cpp:/home/janhavi/SwarmRobotics/install/swarm_teleop:/opt/ros/humble LD_LIBRARY_PATH=/home/janhavi/SwarmRobotics/install/px4_msgs/lib:/home/janhavi/SwarmRobotics/install/px4_ros_com/lib:/home/janhavi/SwarmRobotics/install/px4_ros2_cpp/lib:/opt/ros/humble/opt/rviz_ogre_vendor/lib:/opt/ros/humble/lib/x86_64-linux-gnu:/opt/ros/humble/lib /usr/bin/cmake --build /home/janhavi/SwarmRobotics/build/px4_ros2_cpp -- -j12 -l12
[0.118s] [  4%] Built target gtest_main
[0.125s] [  8%] Built target gtest
[0.132s] [ 12%] Built target unit_utils
[0.139s] [ 17%] Built target integration_utils
[0.186s] [ 65%] Built target px4_ros2_cpp
[0.240s] [ 80%] Built target integration_tests
[0.248s] [100%] Built target px4_ros2_cpp_unit_tests
[0.451s] Invoked command in '/home/janhavi/SwarmRobotics/build/px4_ros2_cpp' returned '0': CMAKE_PREFIX_PATH=/home/janhavi/SwarmRobotics/install/px4_msgs:/home/janhavi/SwarmRobotics/install/px4_ros_com:/home/janhavi/SwarmRobotics/install/example_mode_with_executor_cpp:/home/janhavi/SwarmRobotics/install/example_mode_rtl_replacement_cpp:/home/janhavi/SwarmRobotics/install/example_mode_manual_cpp:/home/janhavi/SwarmRobotics/install/example_mode_goto_global_cpp:/home/janhavi/SwarmRobotics/install/example_mode_goto_cpp:/home/janhavi/SwarmRobotics/install/example_mode_fw_attitude_cpp:/home/janhavi/SwarmRobotics/install/example_local_navigation_cpp:/home/janhavi/SwarmRobotics/install/example_global_navigation_cpp:/home/janhavi/SwarmRobotics/install/px4_ros2_cpp:/home/janhavi/SwarmRobotics/install/swarm_teleop:/opt/ros/humble LD_LIBRARY_PATH=/home/janhavi/SwarmRobotics/install/px4_msgs/lib:/home/janhavi/SwarmRobotics/install/px4_ros_com/lib:/home/janhavi/SwarmRobotics/install/px4_ros2_cpp/lib:/opt/ros/humble/opt/rviz_ogre_vendor/lib:/opt/ros/humble/lib/x86_64-linux-gnu:/opt/ros/humble/lib /usr/bin/cmake --build /home/janhavi/SwarmRobotics/build/px4_ros2_cpp -- -j12 -l12
[0.453s] Invoking command in '/home/janhavi/SwarmRobotics/build/px4_ros2_cpp': CMAKE_PREFIX_PATH=/home/janhavi/SwarmRobotics/install/px4_msgs:/home/janhavi/SwarmRobotics/install/px4_ros_com:/home/janhavi/SwarmRobotics/install/example_mode_with_executor_cpp:/home/janhavi/SwarmRobotics/install/example_mode_rtl_replacement_cpp:/home/janhavi/SwarmRobotics/install/example_mode_manual_cpp:/home/janhavi/SwarmRobotics/install/example_mode_goto_global_cpp:/home/janhavi/SwarmRobotics/install/example_mode_goto_cpp:/home/janhavi/SwarmRobotics/install/example_mode_fw_attitude_cpp:/home/janhavi/SwarmRobotics/install/example_local_navigation_cpp:/home/janhavi/SwarmRobotics/install/example_global_navigation_cpp:/home/janhavi/SwarmRobotics/install/px4_ros2_cpp:/home/janhavi/SwarmRobotics/install/swarm_teleop:/opt/ros/humble LD_LIBRARY_PATH=/home/janhavi/SwarmRobotics/install/px4_msgs/lib:/home/janhavi/SwarmRobotics/install/px4_ros_com/lib:/home/janhavi/SwarmRobotics/install/px4_ros2_cpp/lib:/opt/ros/humble/opt/rviz_ogre_vendor/lib:/opt/ros/humble/lib/x86_64-linux-gnu:/opt/ros/humble/lib /usr/bin/cmake --install /home/janhavi/SwarmRobotics/build/px4_ros2_cpp
[0.464s] -- Install configuration: ""
[0.465s] -- Execute custom install script
[0.465s] -- Up-to-date symlink: /home/janhavi/SwarmRobotics/install/px4_ros2_cpp/share/px4_ros2_cpp/environment/library_path.sh
[0.466s] -- Up-to-date symlink: /home/janhavi/SwarmRobotics/install/px4_ros2_cpp/share/px4_ros2_cpp/environment/library_path.dsv
[0.467s] -- Up-to-date symlink: /home/janhavi/SwarmRobotics/install/px4_ros2_cpp/include/px4_ros2/common/context.hpp
[0.467s] -- Up-to-date symlink: /home/janhavi/SwarmRobotics/install/px4_ros2_cpp/include/px4_ros2/common/frame.hpp
[0.468s] -- Up-to-date symlink: /home/janhavi/SwarmRobotics/install/px4_ros2_cpp/include/px4_ros2/common/requirement_flags.hpp
[0.468s] -- Up-to-date symlink: /home/janhavi/SwarmRobotics/install/px4_ros2_cpp/include/px4_ros2/common/setpoint_base.hpp
[0.468s] -- Up-to-date symlink: /home/janhavi/SwarmRobotics/install/px4_ros2_cpp/include/px4_ros2/components/events.hpp
[0.468s] -- Up-to-date symlink: /home/janhavi/SwarmRobotics/install/px4_ros2_cpp/include/px4_ros2/components/groups.dox
[0.468s] -- Up-to-date symlink: /home/janhavi/SwarmRobotics/install/px4_ros2_cpp/include/px4_ros2/components/health_and_arming_checks.hpp
[0.469s] -- Up-to-date symlink: /home/janhavi/SwarmRobotics/install/px4_ros2_cpp/include/px4_ros2/components/manual_control_input.hpp
[0.469s] -- Up-to-date symlink: /home/janhavi/SwarmRobotics/install/px4_ros2_cpp/include/px4_ros2/components/message_compatibility_check.hpp
[0.469s] -- Up-to-date symlink: /home/janhavi/SwarmRobotics/install/px4_ros2_cpp/include/px4_ros2/components/mode.hpp
[0.469s] -- Up-to-date symlink: /home/janhavi/SwarmRobotics/install/px4_ros2_cpp/include/px4_ros2/components/mode_executor.hpp
[0.469s] -- Up-to-date symlink: /home/janhavi/SwarmRobotics/install/px4_ros2_cpp/include/px4_ros2/components/node_with_mode.hpp
[0.469s] -- Up-to-date symlink: /home/janhavi/SwarmRobotics/install/px4_ros2_cpp/include/px4_ros2/components/overrides.hpp
[0.470s] -- Up-to-date symlink: /home/janhavi/SwarmRobotics/install/px4_ros2_cpp/include/px4_ros2/components/wait_for_fmu.hpp
[0.470s] -- Up-to-date symlink: /home/janhavi/SwarmRobotics/install/px4_ros2_cpp/include/px4_ros2/control/groups.dox
[0.470s] -- Up-to-date symlink: /home/janhavi/SwarmRobotics/install/px4_ros2_cpp/include/px4_ros2/control/peripheral_actuators.hpp
[0.470s] -- Up-to-date symlink: /home/janhavi/SwarmRobotics/install/px4_ros2_cpp/include/px4_ros2/control/setpoint_types/direct_actuators.hpp
[0.470s] -- Up-to-date symlink: /home/janhavi/SwarmRobotics/install/px4_ros2_cpp/include/px4_ros2/control/setpoint_types/experimental/attitude.hpp
[0.470s] -- Up-to-date symlink: /home/janhavi/SwarmRobotics/install/px4_ros2_cpp/include/px4_ros2/control/setpoint_types/experimental/rates.hpp
[0.471s] -- Up-to-date symlink: /home/janhavi/SwarmRobotics/install/px4_ros2_cpp/include/px4_ros2/control/setpoint_types/experimental/trajectory.hpp
[0.471s] -- Up-to-date symlink: /home/janhavi/SwarmRobotics/install/px4_ros2_cpp/include/px4_ros2/control/setpoint_types/goto.hpp
[0.471s] -- Up-to-date symlink: /home/janhavi/SwarmRobotics/install/px4_ros2_cpp/include/px4_ros2/control/setpoint_types/groups.dox
[0.471s] -- Up-to-date symlink: /home/janhavi/SwarmRobotics/install/px4_ros2_cpp/include/px4_ros2/navigation/experimental/global_position_measurement_interface.hpp
[0.471s] -- Up-to-date symlink: /home/janhavi/SwarmRobotics/install/px4_ros2_cpp/include/px4_ros2/navigation/experimental/local_position_measurement_interface.hpp
[0.471s] -- Up-to-date symlink: /home/janhavi/SwarmRobotics/install/px4_ros2_cpp/include/px4_ros2/navigation/experimental/navigation_interface_base.hpp
[0.472s] -- Up-to-date symlink: /home/janhavi/SwarmRobotics/install/px4_ros2_cpp/include/px4_ros2/navigation/groups.dox
[0.472s] -- Up-to-date symlink: /home/janhavi/SwarmRobotics/install/px4_ros2_cpp/include/px4_ros2/odometry/angular_velocity.hpp
[0.472s] -- Up-to-date symlink: /home/janhavi/SwarmRobotics/install/px4_ros2_cpp/include/px4_ros2/odometry/attitude.hpp
[0.472s] -- Up-to-date symlink: /home/janhavi/SwarmRobotics/install/px4_ros2_cpp/include/px4_ros2/odometry/global_position.hpp
[0.472s] -- Up-to-date symlink: /home/janhavi/SwarmRobotics/install/px4_ros2_cpp/include/px4_ros2/odometry/groups.dox
[0.472s] -- Up-to-date symlink: /home/janhavi/SwarmRobotics/install/px4_ros2_cpp/include/px4_ros2/odometry/local_position.hpp
[0.473s] -- Up-to-date symlink: /home/janhavi/SwarmRobotics/install/px4_ros2_cpp/include/px4_ros2/utils/frame_conversion.hpp
[0.473s] -- Up-to-date symlink: /home/janhavi/SwarmRobotics/install/px4_ros2_cpp/include/px4_ros2/utils/geodesic.hpp
[0.473s] -- Up-to-date symlink: /home/janhavi/SwarmRobotics/install/px4_ros2_cpp/include/px4_ros2/utils/geometry.hpp
[0.473s] -- Up-to-date symlink: /home/janhavi/SwarmRobotics/install/px4_ros2_cpp/include/px4_ros2/utils/groups.dox
[0.473s] -- Up-to-date symlink: /home/janhavi/SwarmRobotics/install/px4_ros2_cpp/include/px4_ros2/utils/subscription.hpp
[0.473s] -- Up-to-date symlink: /home/janhavi/SwarmRobotics/install/px4_ros2_cpp/include/px4_ros2/vehicle_state/battery.hpp
[0.473s] -- Up-to-date symlink: /home/janhavi/SwarmRobotics/install/px4_ros2_cpp/include/px4_ros2/vehicle_state/groups.dox
[0.474s] -- Up-to-date symlink: /home/janhavi/SwarmRobotics/install/px4_ros2_cpp/include/px4_ros2/vehicle_state/home_position.hpp
[0.474s] -- Up-to-date symlink: /home/janhavi/SwarmRobotics/install/px4_ros2_cpp/include/px4_ros2/vehicle_state/land_detected.hpp
[0.474s] -- Up-to-date symlink: /home/janhavi/SwarmRobotics/install/px4_ros2_cpp/include/px4_ros2/vehicle_state/vehicle_status.hpp
[0.474s] -- Up-to-date symlink: /home/janhavi/SwarmRobotics/install/px4_ros2_cpp/include/px4_ros2/vehicle_state/vtol_status.hpp
[0.474s] -- Up-to-date symlink: /home/janhavi/SwarmRobotics/install/px4_ros2_cpp/share/ament_index/resource_index/package_run_dependencies/px4_ros2_cpp
[0.474s] -- Up-to-date symlink: /home/janhavi/SwarmRobotics/install/px4_ros2_cpp/share/ament_index/resource_index/parent_prefix_path/px4_ros2_cpp
[0.474s] -- Up-to-date symlink: /home/janhavi/SwarmRobotics/install/px4_ros2_cpp/share/px4_ros2_cpp/environment/ament_prefix_path.sh
[0.475s] -- Up-to-date symlink: /home/janhavi/SwarmRobotics/install/px4_ros2_cpp/share/px4_ros2_cpp/environment/ament_prefix_path.dsv
[0.475s] -- Up-to-date symlink: /home/janhavi/SwarmRobotics/install/px4_ros2_cpp/share/px4_ros2_cpp/environment/path.sh
[0.475s] -- Up-to-date symlink: /home/janhavi/SwarmRobotics/install/px4_ros2_cpp/share/px4_ros2_cpp/environment/path.dsv
[0.476s] -- Up-to-date symlink: /home/janhavi/SwarmRobotics/install/px4_ros2_cpp/share/px4_ros2_cpp/local_setup.bash
[0.476s] -- Up-to-date symlink: /home/janhavi/SwarmRobotics/install/px4_ros2_cpp/share/px4_ros2_cpp/local_setup.sh
[0.476s] -- Up-to-date symlink: /home/janhavi/SwarmRobotics/install/px4_ros2_cpp/share/px4_ros2_cpp/local_setup.zsh
[0.476s] -- Up-to-date symlink: /home/janhavi/SwarmRobotics/install/px4_ros2_cpp/share/px4_ros2_cpp/local_setup.dsv
[0.476s] -- Symlinking: /home/janhavi/SwarmRobotics/install/px4_ros2_cpp/share/px4_ros2_cpp/package.dsv
[0.489s] -- Up-to-date symlink: /home/janhavi/SwarmRobotics/install/px4_ros2_cpp/share/ament_index/resource_index/packages/px4_ros2_cpp
[0.490s] -- Up-to-date symlink: /home/janhavi/SwarmRobotics/install/px4_ros2_cpp/share/px4_ros2_cpp/cmake/ament_cmake_export_targets-extras.cmake
[0.490s] -- Up-to-date symlink: /home/janhavi/SwarmRobotics/install/px4_ros2_cpp/share/px4_ros2_cpp/cmake/ament_cmake_export_dependencies-extras.cmake
[0.490s] -- Up-to-date symlink: /home/janhavi/SwarmRobotics/install/px4_ros2_cpp/share/px4_ros2_cpp/cmake/px4_ros2_cppConfig.cmake
[0.490s] -- Up-to-date symlink: /home/janhavi/SwarmRobotics/install/px4_ros2_cpp/share/px4_ros2_cpp/cmake/px4_ros2_cppConfig-version.cmake
[0.490s] -- Up-to-date symlink: /home/janhavi/SwarmRobotics/install/px4_ros2_cpp/share/px4_ros2_cpp/package.xml
[0.491s] -- Up-to-date: /home/janhavi/SwarmRobotics/install/px4_ros2_cpp/lib/libpx4_ros2_cpp.so
[0.491s] -- Up-to-date: /home/janhavi/SwarmRobotics/install/px4_ros2_cpp/share/px4_ros2_cpp/cmake/px4_ros2_cppExport.cmake
[0.491s] -- Up-to-date: /home/janhavi/SwarmRobotics/install/px4_ros2_cpp/share/px4_ros2_cpp/cmake/px4_ros2_cppExport-noconfig.cmake
[0.495s] Invoked command in '/home/janhavi/SwarmRobotics/build/px4_ros2_cpp' returned '0': CMAKE_PREFIX_PATH=/home/janhavi/SwarmRobotics/install/px4_msgs:/home/janhavi/SwarmRobotics/install/px4_ros_com:/home/janhavi/SwarmRobotics/install/example_mode_with_executor_cpp:/home/janhavi/SwarmRobotics/install/example_mode_rtl_replacement_cpp:/home/janhavi/SwarmRobotics/install/example_mode_manual_cpp:/home/janhavi/SwarmRobotics/install/example_mode_goto_global_cpp:/home/janhavi/SwarmRobotics/install/example_mode_goto_cpp:/home/janhavi/SwarmRobotics/install/example_mode_fw_attitude_cpp:/home/janhavi/SwarmRobotics/install/example_local_navigation_cpp:/home/janhavi/SwarmRobotics/install/example_global_navigation_cpp:/home/janhavi/SwarmRobotics/install/px4_ros2_cpp:/home/janhavi/SwarmRobotics/install/swarm_teleop:/opt/ros/humble LD_LIBRARY_PATH=/home/janhavi/SwarmRobotics/install/px4_msgs/lib:/home/janhavi/SwarmRobotics/install/px4_ros_com/lib:/home/janhavi/SwarmRobotics/install/px4_ros2_cpp/lib:/opt/ros/humble/opt/rviz_ogre_vendor/lib:/opt/ros/humble/lib/x86_64-linux-gnu:/opt/ros/humble/lib /usr/bin/cmake --install /home/janhavi/SwarmRobotics/build/px4_ros2_cpp
