[0.080s] Invoking command in '/home/janhavi/SwarmRobotics/build/px4_ros_com': CMAKE_PREFIX_PATH=/home/janhavi/SwarmRobotics/install/px4_msgs:/home/janhavi/SwarmRobotics/install/px4_ros_com:/home/janhavi/SwarmRobotics/install/example_mode_with_executor_cpp:/home/janhavi/SwarmRobotics/install/example_mode_rtl_replacement_cpp:/home/janhavi/SwarmRobotics/install/example_mode_manual_cpp:/home/janhavi/SwarmRobotics/install/example_mode_goto_global_cpp:/home/janhavi/SwarmRobotics/install/example_mode_goto_cpp:/home/janhavi/SwarmRobotics/install/example_mode_fw_attitude_cpp:/home/janhavi/SwarmRobotics/install/example_local_navigation_cpp:/home/janhavi/SwarmRobotics/install/example_global_navigation_cpp:/home/janhavi/SwarmRobotics/install/px4_ros2_cpp:/home/janhavi/SwarmRobotics/install/swarm_teleop:/opt/ros/humble LD_LIBRARY_PATH=/home/janhavi/SwarmRobotics/install/px4_msgs/lib:/home/janhavi/SwarmRobotics/install/px4_ros_com/lib:/home/janhavi/SwarmRobotics/install/px4_ros2_cpp/lib:/opt/ros/humble/opt/rviz_ogre_vendor/lib:/opt/ros/humble/lib/x86_64-linux-gnu:/opt/ros/humble/lib /usr/bin/cmake --build /home/janhavi/SwarmRobotics/build/px4_ros_com -- -j12 -l12
[0.406s] [  0%] Built target ament_cmake_python_symlink_px4_ros_com
[0.426s] [ 16%] Built target debug_vect_advertiser
[0.427s] [ 33%] Built target offboard_control
[0.451s] [ 50%] Built target vehicle_gps_position_listener
[0.453s] [ 66%] Built target sensor_combined_listener
[0.462s] [ 83%] Built target frame_transforms
[0.476s] [100%] Built target offboard_control_srv
[1.489s] running egg_info
[1.599s] writing px4_ros_com.egg-info/PKG-INFO
[1.599s] writing dependency_links to px4_ros_com.egg-info/dependency_links.txt
[1.599s] writing top-level names to px4_ros_com.egg-info/top_level.txt
[1.899s] reading manifest file 'px4_ros_com.egg-info/SOURCES.txt'
[1.899s] writing manifest file 'px4_ros_com.egg-info/SOURCES.txt'
[2.145s] [100%] Built target ament_cmake_python_build_px4_ros_com_egg
[2.320s] Invoked command in '/home/janhavi/SwarmRobotics/build/px4_ros_com' returned '0': CMAKE_PREFIX_PATH=/home/janhavi/SwarmRobotics/install/px4_msgs:/home/janhavi/SwarmRobotics/install/px4_ros_com:/home/janhavi/SwarmRobotics/install/example_mode_with_executor_cpp:/home/janhavi/SwarmRobotics/install/example_mode_rtl_replacement_cpp:/home/janhavi/SwarmRobotics/install/example_mode_manual_cpp:/home/janhavi/SwarmRobotics/install/example_mode_goto_global_cpp:/home/janhavi/SwarmRobotics/install/example_mode_goto_cpp:/home/janhavi/SwarmRobotics/install/example_mode_fw_attitude_cpp:/home/janhavi/SwarmRobotics/install/example_local_navigation_cpp:/home/janhavi/SwarmRobotics/install/example_global_navigation_cpp:/home/janhavi/SwarmRobotics/install/px4_ros2_cpp:/home/janhavi/SwarmRobotics/install/swarm_teleop:/opt/ros/humble LD_LIBRARY_PATH=/home/janhavi/SwarmRobotics/install/px4_msgs/lib:/home/janhavi/SwarmRobotics/install/px4_ros_com/lib:/home/janhavi/SwarmRobotics/install/px4_ros2_cpp/lib:/opt/ros/humble/opt/rviz_ogre_vendor/lib:/opt/ros/humble/lib/x86_64-linux-gnu:/opt/ros/humble/lib /usr/bin/cmake --build /home/janhavi/SwarmRobotics/build/px4_ros_com -- -j12 -l12
[2.326s] Invoking command in '/home/janhavi/SwarmRobotics/build/px4_ros_com': CMAKE_PREFIX_PATH=/home/janhavi/SwarmRobotics/install/px4_msgs:/home/janhavi/SwarmRobotics/install/px4_ros_com:/home/janhavi/SwarmRobotics/install/example_mode_with_executor_cpp:/home/janhavi/SwarmRobotics/install/example_mode_rtl_replacement_cpp:/home/janhavi/SwarmRobotics/install/example_mode_manual_cpp:/home/janhavi/SwarmRobotics/install/example_mode_goto_global_cpp:/home/janhavi/SwarmRobotics/install/example_mode_goto_cpp:/home/janhavi/SwarmRobotics/install/example_mode_fw_attitude_cpp:/home/janhavi/SwarmRobotics/install/example_local_navigation_cpp:/home/janhavi/SwarmRobotics/install/example_global_navigation_cpp:/home/janhavi/SwarmRobotics/install/px4_ros2_cpp:/home/janhavi/SwarmRobotics/install/swarm_teleop:/opt/ros/humble LD_LIBRARY_PATH=/home/janhavi/SwarmRobotics/install/px4_msgs/lib:/home/janhavi/SwarmRobotics/install/px4_ros_com/lib:/home/janhavi/SwarmRobotics/install/px4_ros2_cpp/lib:/opt/ros/humble/opt/rviz_ogre_vendor/lib:/opt/ros/humble/lib/x86_64-linux-gnu:/opt/ros/humble/lib /usr/bin/cmake --install /home/janhavi/SwarmRobotics/build/px4_ros_com
[2.508s] -- Install configuration: ""
[2.509s] -- Execute custom install script
[2.509s] -- Up-to-date symlink: /home/janhavi/SwarmRobotics/install/px4_ros_com/lib/px4_ros_com/sensor_combined_listener
[2.515s] -- Up-to-date symlink: /home/janhavi/SwarmRobotics/install/px4_ros_com/lib/px4_ros_com/vehicle_gps_position_listener
[2.516s] -- Up-to-date symlink: /home/janhavi/SwarmRobotics/install/px4_ros_com/lib/px4_ros_com/debug_vect_advertiser
[2.519s] -- Up-to-date symlink: /home/janhavi/SwarmRobotics/install/px4_ros_com/lib/px4_ros_com/offboard_control
[2.522s] -- Up-to-date symlink: /home/janhavi/SwarmRobotics/install/px4_ros_com/lib/px4_ros_com/offboard_control_srv
[2.523s] -- Up-to-date symlink: /home/janhavi/SwarmRobotics/install/px4_ros_com/share/px4_ros_com/environment/library_path.sh
[2.523s] -- Up-to-date symlink: /home/janhavi/SwarmRobotics/install/px4_ros_com/share/px4_ros_com/environment/library_path.dsv
[2.524s] -- Up-to-date symlink: /home/janhavi/SwarmRobotics/install/px4_ros_com/include/px4_ros_com/frame_transforms.h
[2.525s] -- Up-to-date symlink: /home/janhavi/SwarmRobotics/install/px4_ros_com/share/px4_ros_com//launch/offboard_control_launch.yaml
[2.526s] -- Up-to-date symlink: /home/janhavi/SwarmRobotics/install/px4_ros_com/share/px4_ros_com//launch/sensor_combined_listener.launch.py
[2.527s] -- Up-to-date symlink: /home/janhavi/SwarmRobotics/install/px4_ros_com/share/px4_ros_com//test/__init__.py
[2.528s] -- Up-to-date symlink: /home/janhavi/SwarmRobotics/install/px4_ros_com/share/px4_ros_com//test/pipeline_io_test.py
[2.532s] -- Up-to-date symlink: /home/janhavi/SwarmRobotics/install/px4_ros_com/share/px4_ros_com//test/test_input.py
[2.533s] -- Up-to-date symlink: /home/janhavi/SwarmRobotics/install/px4_ros_com/share/px4_ros_com//test/test_output.py
[2.535s] -- Up-to-date symlink: /home/janhavi/SwarmRobotics/install/px4_ros_com/share/px4_ros_com/environment/pythonpath.sh
[2.537s] -- Up-to-date symlink: /home/janhavi/SwarmRobotics/install/px4_ros_com/share/px4_ros_com/environment/pythonpath.dsv
[2.544s] -- Up-to-date symlink: /home/janhavi/SwarmRobotics/install/px4_ros_com/local/lib/python3.10/dist-packages/px4_ros_com-0.1.0-py3.10.egg-info/PKG-INFO
[2.545s] -- Up-to-date symlink: /home/janhavi/SwarmRobotics/install/px4_ros_com/local/lib/python3.10/dist-packages/px4_ros_com-0.1.0-py3.10.egg-info/SOURCES.txt
[2.546s] -- Up-to-date symlink: /home/janhavi/SwarmRobotics/install/px4_ros_com/local/lib/python3.10/dist-packages/px4_ros_com-0.1.0-py3.10.egg-info/dependency_links.txt
[2.546s] -- Up-to-date symlink: /home/janhavi/SwarmRobotics/install/px4_ros_com/local/lib/python3.10/dist-packages/px4_ros_com-0.1.0-py3.10.egg-info/top_level.txt
[2.546s] -- Up-to-date symlink: /home/janhavi/SwarmRobotics/install/px4_ros_com/local/lib/python3.10/dist-packages/px4_ros_com/__init__.py
[2.547s] -- Up-to-date symlink: /home/janhavi/SwarmRobotics/install/px4_ros_com/local/lib/python3.10/dist-packages/px4_ros_com/module_to_import.py
[2.547s] -- Up-to-date symlink: /home/janhavi/SwarmRobotics/install/px4_ros_com/lib/px4_ros_com/offboard_control.py
[2.548s] -- Up-to-date symlink: /home/janhavi/SwarmRobotics/install/px4_ros_com/share/ament_index/resource_index/package_run_dependencies/px4_ros_com
[2.550s] -- Up-to-date symlink: /home/janhavi/SwarmRobotics/install/px4_ros_com/share/ament_index/resource_index/parent_prefix_path/px4_ros_com
[2.551s] -- Up-to-date symlink: /home/janhavi/SwarmRobotics/install/px4_ros_com/share/px4_ros_com/environment/ament_prefix_path.sh
[2.551s] -- Up-to-date symlink: /home/janhavi/SwarmRobotics/install/px4_ros_com/share/px4_ros_com/environment/ament_prefix_path.dsv
[2.554s] -- Up-to-date symlink: /home/janhavi/SwarmRobotics/install/px4_ros_com/share/px4_ros_com/environment/path.sh
[2.555s] -- Up-to-date symlink: /home/janhavi/SwarmRobotics/install/px4_ros_com/share/px4_ros_com/environment/path.dsv
[2.556s] -- Up-to-date symlink: /home/janhavi/SwarmRobotics/install/px4_ros_com/share/px4_ros_com/local_setup.bash
[2.556s] -- Up-to-date symlink: /home/janhavi/SwarmRobotics/install/px4_ros_com/share/px4_ros_com/local_setup.sh
[2.556s] -- Up-to-date symlink: /home/janhavi/SwarmRobotics/install/px4_ros_com/share/px4_ros_com/local_setup.zsh
[2.560s] -- Up-to-date symlink: /home/janhavi/SwarmRobotics/install/px4_ros_com/share/px4_ros_com/local_setup.dsv
[2.561s] -- Symlinking: /home/janhavi/SwarmRobotics/install/px4_ros_com/share/px4_ros_com/package.dsv
[2.566s] -- Up-to-date symlink: /home/janhavi/SwarmRobotics/install/px4_ros_com/share/ament_index/resource_index/packages/px4_ros_com
[2.567s] -- Up-to-date symlink: /home/janhavi/SwarmRobotics/install/px4_ros_com/share/px4_ros_com/cmake/ament_cmake_export_dependencies-extras.cmake
[2.568s] -- Up-to-date symlink: /home/janhavi/SwarmRobotics/install/px4_ros_com/share/px4_ros_com/cmake/ament_cmake_export_targets-extras.cmake
[2.569s] -- Up-to-date symlink: /home/janhavi/SwarmRobotics/install/px4_ros_com/share/px4_ros_com/cmake/ament_cmake_export_include_directories-extras.cmake
[2.570s] -- Up-to-date symlink: /home/janhavi/SwarmRobotics/install/px4_ros_com/share/px4_ros_com/cmake/ament_cmake_export_libraries-extras.cmake
[2.572s] -- Up-to-date symlink: /home/janhavi/SwarmRobotics/install/px4_ros_com/share/px4_ros_com/cmake/px4_ros_comConfig.cmake
[2.579s] -- Up-to-date symlink: /home/janhavi/SwarmRobotics/install/px4_ros_com/share/px4_ros_com/cmake/px4_ros_comConfig-version.cmake
[2.579s] -- Up-to-date symlink: /home/janhavi/SwarmRobotics/install/px4_ros_com/share/px4_ros_com/package.xml
[2.583s] -- Up-to-date: /home/janhavi/SwarmRobotics/install/px4_ros_com/lib/libframe_transforms.so
[2.596s] Listing '/home/janhavi/SwarmRobotics/install/px4_ros_com/local/lib/python3.10/dist-packages/px4_ros_com'...
[2.608s] -- Up-to-date: /home/janhavi/SwarmRobotics/install/px4_ros_com/share/px4_ros_com/cmake/export_frame_transformsExport.cmake
[2.608s] -- Up-to-date: /home/janhavi/SwarmRobotics/install/px4_ros_com/share/px4_ros_com/cmake/export_frame_transformsExport-noconfig.cmake
[2.985s] Invoked command in '/home/janhavi/SwarmRobotics/build/px4_ros_com' returned '0': CMAKE_PREFIX_PATH=/home/janhavi/SwarmRobotics/install/px4_msgs:/home/janhavi/SwarmRobotics/install/px4_ros_com:/home/janhavi/SwarmRobotics/install/example_mode_with_executor_cpp:/home/janhavi/SwarmRobotics/install/example_mode_rtl_replacement_cpp:/home/janhavi/SwarmRobotics/install/example_mode_manual_cpp:/home/janhavi/SwarmRobotics/install/example_mode_goto_global_cpp:/home/janhavi/SwarmRobotics/install/example_mode_goto_cpp:/home/janhavi/SwarmRobotics/install/example_mode_fw_attitude_cpp:/home/janhavi/SwarmRobotics/install/example_local_navigation_cpp:/home/janhavi/SwarmRobotics/install/example_global_navigation_cpp:/home/janhavi/SwarmRobotics/install/px4_ros2_cpp:/home/janhavi/SwarmRobotics/install/swarm_teleop:/opt/ros/humble LD_LIBRARY_PATH=/home/janhavi/SwarmRobotics/install/px4_msgs/lib:/home/janhavi/SwarmRobotics/install/px4_ros_com/lib:/home/janhavi/SwarmRobotics/install/px4_ros2_cpp/lib:/opt/ros/humble/opt/rviz_ogre_vendor/lib:/opt/ros/humble/lib/x86_64-linux-gnu:/opt/ros/humble/lib /usr/bin/cmake --install /home/janhavi/SwarmRobotics/build/px4_ros_com
