[0.023s] Invoking command in '/home/janhavi/SwarmRobotics/build/example_mode_goto_global_cpp': AMENT_PREFIX_PATH=/home/janhavi/SwarmRobotics/install/px4_ros2_cpp:/home/janhavi/SwarmRobotics/install/px4_msgs:${AMENT_PREFIX_PATH} CMAKE_PREFIX_PATH=/home/janhavi/SwarmRobotics/install/px4_ros2_cpp:/home/janhavi/SwarmRobotics/install/px4_msgs:/opt/ros/humble LD_LIBRARY_PATH=/home/janhavi/SwarmRobotics/install/px4_ros2_cpp/lib:/home/janhavi/SwarmRobotics/install/px4_msgs/lib:${LD_LIBRARY_PATH} PYTHONPATH=/home/janhavi/SwarmRobotics/install/px4_msgs/local/lib/python3.10/dist-packages:${PYTHONPATH} /usr/bin/cmake --build /home/janhavi/SwarmRobotics/build/example_mode_goto_global_cpp -- -j12 -l12
[0.085s] [ 50%] [32mBuilding CXX object CMakeFiles/example_mode_goto_global.dir/src/main.cpp.o[0m
[7.600s] [100%] [32m[1mLinking CXX executable example_mode_goto_global[0m
[8.749s] [100%] Built target example_mode_goto_global
[8.768s] Invoked command in '/home/janhavi/SwarmRobotics/build/example_mode_goto_global_cpp' returned '0': AMENT_PREFIX_PATH=/home/janhavi/SwarmRobotics/install/px4_ros2_cpp:/home/janhavi/SwarmRobotics/install/px4_msgs:${AMENT_PREFIX_PATH} CMAKE_PREFIX_PATH=/home/janhavi/SwarmRobotics/install/px4_ros2_cpp:/home/janhavi/SwarmRobotics/install/px4_msgs:/opt/ros/humble LD_LIBRARY_PATH=/home/janhavi/SwarmRobotics/install/px4_ros2_cpp/lib:/home/janhavi/SwarmRobotics/install/px4_msgs/lib:${LD_LIBRARY_PATH} PYTHONPATH=/home/janhavi/SwarmRobotics/install/px4_msgs/local/lib/python3.10/dist-packages:${PYTHONPATH} /usr/bin/cmake --build /home/janhavi/SwarmRobotics/build/example_mode_goto_global_cpp -- -j12 -l12
[8.772s] Invoking command in '/home/janhavi/SwarmRobotics/build/example_mode_goto_global_cpp': AMENT_PREFIX_PATH=/home/janhavi/SwarmRobotics/install/px4_ros2_cpp:/home/janhavi/SwarmRobotics/install/px4_msgs:${AMENT_PREFIX_PATH} CMAKE_PREFIX_PATH=/home/janhavi/SwarmRobotics/install/px4_ros2_cpp:/home/janhavi/SwarmRobotics/install/px4_msgs:/opt/ros/humble LD_LIBRARY_PATH=/home/janhavi/SwarmRobotics/install/px4_ros2_cpp/lib:/home/janhavi/SwarmRobotics/install/px4_msgs/lib:${LD_LIBRARY_PATH} PYTHONPATH=/home/janhavi/SwarmRobotics/install/px4_msgs/local/lib/python3.10/dist-packages:${PYTHONPATH} /usr/bin/cmake --install /home/janhavi/SwarmRobotics/build/example_mode_goto_global_cpp
[8.786s] -- Install configuration: ""
[8.787s] -- Installing: /home/janhavi/SwarmRobotics/install/example_mode_goto_global_cpp/lib/example_mode_goto_global_cpp/example_mode_goto_global
[8.789s] -- Set runtime path of "/home/janhavi/SwarmRobotics/install/example_mode_goto_global_cpp/lib/example_mode_goto_global_cpp/example_mode_goto_global" to ""
[8.789s] -- Up-to-date: /home/janhavi/SwarmRobotics/install/example_mode_goto_global_cpp/share/ament_index/resource_index/package_run_dependencies/example_mode_goto_global_cpp
[8.789s] -- Up-to-date: /home/janhavi/SwarmRobotics/install/example_mode_goto_global_cpp/share/ament_index/resource_index/parent_prefix_path/example_mode_goto_global_cpp
[8.789s] -- Up-to-date: /home/janhavi/SwarmRobotics/install/example_mode_goto_global_cpp/share/example_mode_goto_global_cpp/environment/ament_prefix_path.sh
[8.790s] -- Up-to-date: /home/janhavi/SwarmRobotics/install/example_mode_goto_global_cpp/share/example_mode_goto_global_cpp/environment/ament_prefix_path.dsv
[8.790s] -- Up-to-date: /home/janhavi/SwarmRobotics/install/example_mode_goto_global_cpp/share/example_mode_goto_global_cpp/environment/path.sh
[8.790s] -- Up-to-date: /home/janhavi/SwarmRobotics/install/example_mode_goto_global_cpp/share/example_mode_goto_global_cpp/environment/path.dsv
[8.790s] -- Up-to-date: /home/janhavi/SwarmRobotics/install/example_mode_goto_global_cpp/share/example_mode_goto_global_cpp/local_setup.bash
[8.790s] -- Up-to-date: /home/janhavi/SwarmRobotics/install/example_mode_goto_global_cpp/share/example_mode_goto_global_cpp/local_setup.sh
[8.790s] -- Up-to-date: /home/janhavi/SwarmRobotics/install/example_mode_goto_global_cpp/share/example_mode_goto_global_cpp/local_setup.zsh
[8.790s] -- Up-to-date: /home/janhavi/SwarmRobotics/install/example_mode_goto_global_cpp/share/example_mode_goto_global_cpp/local_setup.dsv
[8.791s] -- Installing: /home/janhavi/SwarmRobotics/install/example_mode_goto_global_cpp/share/example_mode_goto_global_cpp/package.dsv
[8.791s] -- Up-to-date: /home/janhavi/SwarmRobotics/install/example_mode_goto_global_cpp/share/ament_index/resource_index/packages/example_mode_goto_global_cpp
[8.791s] -- Up-to-date: /home/janhavi/SwarmRobotics/install/example_mode_goto_global_cpp/share/example_mode_goto_global_cpp/cmake/example_mode_goto_global_cppConfig.cmake
[8.791s] -- Up-to-date: /home/janhavi/SwarmRobotics/install/example_mode_goto_global_cpp/share/example_mode_goto_global_cpp/cmake/example_mode_goto_global_cppConfig-version.cmake
[8.791s] -- Up-to-date: /home/janhavi/SwarmRobotics/install/example_mode_goto_global_cpp/share/example_mode_goto_global_cpp/package.xml
[8.794s] Invoked command in '/home/janhavi/SwarmRobotics/build/example_mode_goto_global_cpp' returned '0': AMENT_PREFIX_PATH=/home/janhavi/SwarmRobotics/install/px4_ros2_cpp:/home/janhavi/SwarmRobotics/install/px4_msgs:${AMENT_PREFIX_PATH} CMAKE_PREFIX_PATH=/home/janhavi/SwarmRobotics/install/px4_ros2_cpp:/home/janhavi/SwarmRobotics/install/px4_msgs:/opt/ros/humble LD_LIBRARY_PATH=/home/janhavi/SwarmRobotics/install/px4_ros2_cpp/lib:/home/janhavi/SwarmRobotics/install/px4_msgs/lib:${LD_LIBRARY_PATH} PYTHONPATH=/home/janhavi/SwarmRobotics/install/px4_msgs/local/lib/python3.10/dist-packages:${PYTHONPATH} /usr/bin/cmake --install /home/janhavi/SwarmRobotics/build/example_mode_goto_global_cpp
