[0.032s] Invoking command in '/home/janhavi/SwarmRobotics/build/example_mode_goto_cpp': AMENT_PREFIX_PATH=/home/janhavi/SwarmRobotics/install/px4_ros2_cpp:/home/janhavi/SwarmRobotics/install/px4_msgs:${AMENT_PREFIX_PATH} CMAKE_PREFIX_PATH=/home/janhavi/SwarmRobotics/install/px4_ros2_cpp:/home/janhavi/SwarmRobotics/install/px4_msgs:/opt/ros/humble LD_LIBRARY_PATH=/home/janhavi/SwarmRobotics/install/px4_ros2_cpp/lib:/home/janhavi/SwarmRobotics/install/px4_msgs/lib:${LD_LIBRARY_PATH} PYTHONPATH=/home/janhavi/SwarmRobotics/install/px4_msgs/local/lib/python3.10/dist-packages:${PYTHONPATH} /usr/bin/cmake --build /home/janhavi/SwarmRobotics/build/example_mode_goto_cpp -- -j12 -l12
[0.097s] [100%] Built target example_mode_goto
[0.123s] Invoked command in '/home/janhavi/SwarmRobotics/build/example_mode_goto_cpp' returned '0': AMENT_PREFIX_PATH=/home/janhavi/SwarmRobotics/install/px4_ros2_cpp:/home/janhavi/SwarmRobotics/install/px4_msgs:${AMENT_PREFIX_PATH} CMAKE_PREFIX_PATH=/home/janhavi/SwarmRobotics/install/px4_ros2_cpp:/home/janhavi/SwarmRobotics/install/px4_msgs:/opt/ros/humble LD_LIBRARY_PATH=/home/janhavi/SwarmRobotics/install/px4_ros2_cpp/lib:/home/janhavi/SwarmRobotics/install/px4_msgs/lib:${LD_LIBRARY_PATH} PYTHONPATH=/home/janhavi/SwarmRobotics/install/px4_msgs/local/lib/python3.10/dist-packages:${PYTHONPATH} /usr/bin/cmake --build /home/janhavi/SwarmRobotics/build/example_mode_goto_cpp -- -j12 -l12
[0.127s] Invoking command in '/home/janhavi/SwarmRobotics/build/example_mode_goto_cpp': AMENT_PREFIX_PATH=/home/janhavi/SwarmRobotics/install/px4_ros2_cpp:/home/janhavi/SwarmRobotics/install/px4_msgs:${AMENT_PREFIX_PATH} CMAKE_PREFIX_PATH=/home/janhavi/SwarmRobotics/install/px4_ros2_cpp:/home/janhavi/SwarmRobotics/install/px4_msgs:/opt/ros/humble LD_LIBRARY_PATH=/home/janhavi/SwarmRobotics/install/px4_ros2_cpp/lib:/home/janhavi/SwarmRobotics/install/px4_msgs/lib:${LD_LIBRARY_PATH} PYTHONPATH=/home/janhavi/SwarmRobotics/install/px4_msgs/local/lib/python3.10/dist-packages:${PYTHONPATH} /usr/bin/cmake --install /home/janhavi/SwarmRobotics/build/example_mode_goto_cpp
[0.133s] -- Install configuration: ""
[0.133s] -- Execute custom install script
[0.134s] -- Up-to-date symlink: /home/janhavi/SwarmRobotics/install/example_mode_goto_cpp/lib/example_mode_goto_cpp/example_mode_goto
[0.134s] -- Up-to-date symlink: /home/janhavi/SwarmRobotics/install/example_mode_goto_cpp/share/ament_index/resource_index/package_run_dependencies/example_mode_goto_cpp
[0.134s] -- Up-to-date symlink: /home/janhavi/SwarmRobotics/install/example_mode_goto_cpp/share/ament_index/resource_index/parent_prefix_path/example_mode_goto_cpp
[0.135s] -- Up-to-date symlink: /home/janhavi/SwarmRobotics/install/example_mode_goto_cpp/share/example_mode_goto_cpp/environment/ament_prefix_path.sh
[0.135s] -- Up-to-date symlink: /home/janhavi/SwarmRobotics/install/example_mode_goto_cpp/share/example_mode_goto_cpp/environment/ament_prefix_path.dsv
[0.135s] -- Up-to-date symlink: /home/janhavi/SwarmRobotics/install/example_mode_goto_cpp/share/example_mode_goto_cpp/environment/path.sh
[0.135s] -- Up-to-date symlink: /home/janhavi/SwarmRobotics/install/example_mode_goto_cpp/share/example_mode_goto_cpp/environment/path.dsv
[0.135s] -- Up-to-date symlink: /home/janhavi/SwarmRobotics/install/example_mode_goto_cpp/share/example_mode_goto_cpp/local_setup.bash
[0.135s] -- Up-to-date symlink: /home/janhavi/SwarmRobotics/install/example_mode_goto_cpp/share/example_mode_goto_cpp/local_setup.sh
[0.135s] -- Up-to-date symlink: /home/janhavi/SwarmRobotics/install/example_mode_goto_cpp/share/example_mode_goto_cpp/local_setup.zsh
[0.135s] -- Up-to-date symlink: /home/janhavi/SwarmRobotics/install/example_mode_goto_cpp/share/example_mode_goto_cpp/local_setup.dsv
[0.135s] -- Symlinking: /home/janhavi/SwarmRobotics/install/example_mode_goto_cpp/share/example_mode_goto_cpp/package.dsv
[0.140s] -- Up-to-date symlink: /home/janhavi/SwarmRobotics/install/example_mode_goto_cpp/share/ament_index/resource_index/packages/example_mode_goto_cpp
[0.141s] -- Up-to-date symlink: /home/janhavi/SwarmRobotics/install/example_mode_goto_cpp/share/example_mode_goto_cpp/cmake/example_mode_goto_cppConfig.cmake
[0.141s] -- Up-to-date symlink: /home/janhavi/SwarmRobotics/install/example_mode_goto_cpp/share/example_mode_goto_cpp/cmake/example_mode_goto_cppConfig-version.cmake
[0.141s] -- Up-to-date symlink: /home/janhavi/SwarmRobotics/install/example_mode_goto_cpp/share/example_mode_goto_cpp/package.xml
[0.209s] Invoked command in '/home/janhavi/SwarmRobotics/build/example_mode_goto_cpp' returned '0': AMENT_PREFIX_PATH=/home/janhavi/SwarmRobotics/install/px4_ros2_cpp:/home/janhavi/SwarmRobotics/install/px4_msgs:${AMENT_PREFIX_PATH} CMAKE_PREFIX_PATH=/home/janhavi/SwarmRobotics/install/px4_ros2_cpp:/home/janhavi/SwarmRobotics/install/px4_msgs:/opt/ros/humble LD_LIBRARY_PATH=/home/janhavi/SwarmRobotics/install/px4_ros2_cpp/lib:/home/janhavi/SwarmRobotics/install/px4_msgs/lib:${LD_LIBRARY_PATH} PYTHONPATH=/home/janhavi/SwarmRobotics/install/px4_msgs/local/lib/python3.10/dist-packages:${PYTHONPATH} /usr/bin/cmake --install /home/janhavi/SwarmRobotics/build/example_mode_goto_cpp
