[0.024s] Invoking command in '/home/janhavi/SwarmRobotics/build/example_local_navigation_cpp': AMENT_PREFIX_PATH=/home/janhavi/SwarmRobotics/install/px4_ros2_cpp:/home/janhavi/SwarmRobotics/install/px4_msgs:${AMENT_PREFIX_PATH} CMAKE_PREFIX_PATH=/home/janhavi/SwarmRobotics/install/px4_ros2_cpp:/home/janhavi/SwarmRobotics/install/px4_msgs:/opt/ros/humble LD_LIBRARY_PATH=/home/janhavi/SwarmRobotics/install/px4_ros2_cpp/lib:/home/janhavi/SwarmRobotics/install/px4_msgs/lib:${LD_LIBRARY_PATH} PYTHONPATH=/home/janhavi/SwarmRobotics/install/px4_msgs/local/lib/python3.10/dist-packages:${PYTHONPATH} /usr/bin/cmake /home/janhavi/SwarmRobotics/src/px4-ros2-interface-lib/examples/cpp/navigation/local_navigation -DAMENT_CMAKE_SYMLINK_INSTALL=1 -DCMAKE_INSTALL_PREFIX=/home/janhavi/SwarmRobotics/install/example_local_navigation_cpp
[0.096s] -- The C compiler identification is GNU 11.4.0
[0.166s] -- The CXX compiler identification is GNU 11.4.0
[0.173s] -- Detecting C compiler ABI info
[0.244s] -- Detecting C compiler ABI info - done
[0.254s] -- Check for working C compiler: /usr/bin/cc - skipped
[0.254s] -- Detecting C compile features
[0.255s] -- Detecting C compile features - done
[0.258s] -- Detecting CXX compiler ABI info
[0.352s] -- Detecting CXX compiler ABI info - done
[0.358s] -- Check for working CXX compiler: /usr/bin/c++ - skipped
[0.359s] -- Detecting CXX compile features
[0.359s] -- Detecting CXX compile features - done
[0.361s] -- Found eigen3_cmake_module: 0.1.1 (/opt/ros/humble/share/eigen3_cmake_module/cmake)
[0.366s] -- Found Eigen3: TRUE (found version "3.4.0") 
[0.367s] -- Found ament_cmake: 1.3.11 (/opt/ros/humble/share/ament_cmake/cmake)
[0.866s] -- Found Python3: /usr/bin/python3 (found version "3.10.12") found components: Interpreter 
[0.974s] -- Override CMake install command with custom implementation using symlinks instead of copying resources
[1.010s] -- Found rclcpp: 16.0.11 (/opt/ros/humble/share/rclcpp/cmake)
[1.066s] -- Found rosidl_generator_c: 3.1.6 (/opt/ros/humble/share/rosidl_generator_c/cmake)
[1.072s] -- Found rosidl_adapter: 3.1.6 (/opt/ros/humble/share/rosidl_adapter/cmake)
[1.084s] -- Found rosidl_generator_cpp: 3.1.6 (/opt/ros/humble/share/rosidl_generator_cpp/cmake)
[1.100s] -- Using all available rosidl_typesupport_c: rosidl_typesupport_fastrtps_c;rosidl_typesupport_introspection_c
[1.123s] -- Using all available rosidl_typesupport_cpp: rosidl_typesupport_fastrtps_cpp;rosidl_typesupport_introspection_cpp
[1.182s] -- Found rmw_implementation_cmake: 6.1.2 (/opt/ros/humble/share/rmw_implementation_cmake/cmake)
[1.185s] -- Found rmw_fastrtps_cpp: 6.2.7 (/opt/ros/humble/share/rmw_fastrtps_cpp/cmake)
[1.306s] -- Found OpenSSL: /usr/lib/x86_64-linux-gnu/libcrypto.so (found version "3.0.2")  
[1.343s] -- Found FastRTPS: /opt/ros/humble/include  
[1.397s] -- Using RMW implementation 'rmw_fastrtps_cpp' as default
[1.405s] -- Looking for pthread.h
[1.494s] -- Looking for pthread.h - found
[1.494s] -- Performing Test CMAKE_HAVE_LIBC_PTHREAD
[1.602s] -- Performing Test CMAKE_HAVE_LIBC_PTHREAD - Success
[1.604s] -- Found Threads: TRUE  
[1.686s] -- Found px4_ros2_cpp: 0.0.1 (/home/janhavi/SwarmRobotics/install/px4_ros2_cpp/share/px4_ros2_cpp/cmake)
[1.714s] -- Found ament_lint_auto: 0.12.11 (/opt/ros/humble/share/ament_lint_auto/cmake)
[1.860s] -- Added test 'copyright' to check source files copyright and LICENSE
[1.860s] -- Added test 'cppcheck' to perform static code analysis on C / C++ code
[1.860s] -- Configured cppcheck include dirs: /home/janhavi/SwarmRobotics/src/px4-ros2-interface-lib/examples/cpp/navigation/local_navigation/include
[1.861s] -- Configured cppcheck exclude dirs and/or files: 
[1.862s] -- Added test 'cpplint' to check C / C++ code against the Google style
[1.862s] -- Configured cpplint exclude dirs and/or files: 
[1.863s] -- Added test 'lint_cmake' to check CMake code style
[1.865s] -- Added test 'uncrustify' to check C / C++ code style
[1.865s] -- Configured uncrustify additional arguments: 
[1.866s] -- Added test 'xmllint' to check XML markup files
[1.869s] -- Configuring done
[1.885s] -- Generating done
[1.892s] -- Build files have been written to: /home/janhavi/SwarmRobotics/build/example_local_navigation_cpp
[1.904s] Invoked command in '/home/janhavi/SwarmRobotics/build/example_local_navigation_cpp' returned '0': AMENT_PREFIX_PATH=/home/janhavi/SwarmRobotics/install/px4_ros2_cpp:/home/janhavi/SwarmRobotics/install/px4_msgs:${AMENT_PREFIX_PATH} CMAKE_PREFIX_PATH=/home/janhavi/SwarmRobotics/install/px4_ros2_cpp:/home/janhavi/SwarmRobotics/install/px4_msgs:/opt/ros/humble LD_LIBRARY_PATH=/home/janhavi/SwarmRobotics/install/px4_ros2_cpp/lib:/home/janhavi/SwarmRobotics/install/px4_msgs/lib:${LD_LIBRARY_PATH} PYTHONPATH=/home/janhavi/SwarmRobotics/install/px4_msgs/local/lib/python3.10/dist-packages:${PYTHONPATH} /usr/bin/cmake /home/janhavi/SwarmRobotics/src/px4-ros2-interface-lib/examples/cpp/navigation/local_navigation -DAMENT_CMAKE_SYMLINK_INSTALL=1 -DCMAKE_INSTALL_PREFIX=/home/janhavi/SwarmRobotics/install/example_local_navigation_cpp
[1.911s] Invoking command in '/home/janhavi/SwarmRobotics/build/example_local_navigation_cpp': AMENT_PREFIX_PATH=/home/janhavi/SwarmRobotics/install/px4_ros2_cpp:/home/janhavi/SwarmRobotics/install/px4_msgs:${AMENT_PREFIX_PATH} CMAKE_PREFIX_PATH=/home/janhavi/SwarmRobotics/install/px4_ros2_cpp:/home/janhavi/SwarmRobotics/install/px4_msgs:/opt/ros/humble LD_LIBRARY_PATH=/home/janhavi/SwarmRobotics/install/px4_ros2_cpp/lib:/home/janhavi/SwarmRobotics/install/px4_msgs/lib:${LD_LIBRARY_PATH} PYTHONPATH=/home/janhavi/SwarmRobotics/install/px4_msgs/local/lib/python3.10/dist-packages:${PYTHONPATH} /usr/bin/cmake --build /home/janhavi/SwarmRobotics/build/example_local_navigation_cpp -- -j12 -l12
[1.987s] [ 50%] [32mBuilding CXX object CMakeFiles/example_local_navigation.dir/src/main.cpp.o[0m
[6.461s] [100%] [32m[1mLinking CXX executable example_local_navigation[0m
[7.358s] [100%] Built target example_local_navigation
[7.375s] Invoked command in '/home/janhavi/SwarmRobotics/build/example_local_navigation_cpp' returned '0': AMENT_PREFIX_PATH=/home/janhavi/SwarmRobotics/install/px4_ros2_cpp:/home/janhavi/SwarmRobotics/install/px4_msgs:${AMENT_PREFIX_PATH} CMAKE_PREFIX_PATH=/home/janhavi/SwarmRobotics/install/px4_ros2_cpp:/home/janhavi/SwarmRobotics/install/px4_msgs:/opt/ros/humble LD_LIBRARY_PATH=/home/janhavi/SwarmRobotics/install/px4_ros2_cpp/lib:/home/janhavi/SwarmRobotics/install/px4_msgs/lib:${LD_LIBRARY_PATH} PYTHONPATH=/home/janhavi/SwarmRobotics/install/px4_msgs/local/lib/python3.10/dist-packages:${PYTHONPATH} /usr/bin/cmake --build /home/janhavi/SwarmRobotics/build/example_local_navigation_cpp -- -j12 -l12
[7.377s] Invoking command in '/home/janhavi/SwarmRobotics/build/example_local_navigation_cpp': AMENT_PREFIX_PATH=/home/janhavi/SwarmRobotics/install/px4_ros2_cpp:/home/janhavi/SwarmRobotics/install/px4_msgs:${AMENT_PREFIX_PATH} CMAKE_PREFIX_PATH=/home/janhavi/SwarmRobotics/install/px4_ros2_cpp:/home/janhavi/SwarmRobotics/install/px4_msgs:/opt/ros/humble LD_LIBRARY_PATH=/home/janhavi/SwarmRobotics/install/px4_ros2_cpp/lib:/home/janhavi/SwarmRobotics/install/px4_msgs/lib:${LD_LIBRARY_PATH} PYTHONPATH=/home/janhavi/SwarmRobotics/install/px4_msgs/local/lib/python3.10/dist-packages:${PYTHONPATH} /usr/bin/cmake --install /home/janhavi/SwarmRobotics/build/example_local_navigation_cpp
[7.388s] -- Install configuration: ""
[7.389s] -- Execute custom install script
[7.390s] -- Symlinking: /home/janhavi/SwarmRobotics/install/example_local_navigation_cpp/lib/example_local_navigation_cpp/example_local_navigation
[7.403s] -- Symlinking: /home/janhavi/SwarmRobotics/install/example_local_navigation_cpp/share/ament_index/resource_index/package_run_dependencies/example_local_navigation_cpp
[7.413s] -- Symlinking: /home/janhavi/SwarmRobotics/install/example_local_navigation_cpp/share/ament_index/resource_index/parent_prefix_path/example_local_navigation_cpp
[7.424s] -- Symlinking: /home/janhavi/SwarmRobotics/install/example_local_navigation_cpp/share/example_local_navigation_cpp/environment/ament_prefix_path.sh
[7.435s] -- Symlinking: /home/janhavi/SwarmRobotics/install/example_local_navigation_cpp/share/example_local_navigation_cpp/environment/ament_prefix_path.dsv
[7.447s] -- Symlinking: /home/janhavi/SwarmRobotics/install/example_local_navigation_cpp/share/example_local_navigation_cpp/environment/path.sh
[7.455s] -- Symlinking: /home/janhavi/SwarmRobotics/install/example_local_navigation_cpp/share/example_local_navigation_cpp/environment/path.dsv
[7.466s] -- Symlinking: /home/janhavi/SwarmRobotics/install/example_local_navigation_cpp/share/example_local_navigation_cpp/local_setup.bash
[7.475s] -- Symlinking: /home/janhavi/SwarmRobotics/install/example_local_navigation_cpp/share/example_local_navigation_cpp/local_setup.sh
[7.485s] -- Symlinking: /home/janhavi/SwarmRobotics/install/example_local_navigation_cpp/share/example_local_navigation_cpp/local_setup.zsh
[7.496s] -- Symlinking: /home/janhavi/SwarmRobotics/install/example_local_navigation_cpp/share/example_local_navigation_cpp/local_setup.dsv
[7.506s] -- Symlinking: /home/janhavi/SwarmRobotics/install/example_local_navigation_cpp/share/example_local_navigation_cpp/package.dsv
[7.516s] -- Symlinking: /home/janhavi/SwarmRobotics/install/example_local_navigation_cpp/share/ament_index/resource_index/packages/example_local_navigation_cpp
[7.525s] -- Symlinking: /home/janhavi/SwarmRobotics/install/example_local_navigation_cpp/share/example_local_navigation_cpp/cmake/example_local_navigation_cppConfig.cmake
[7.537s] -- Symlinking: /home/janhavi/SwarmRobotics/install/example_local_navigation_cpp/share/example_local_navigation_cpp/cmake/example_local_navigation_cppConfig-version.cmake
[7.548s] -- Symlinking: /home/janhavi/SwarmRobotics/install/example_local_navigation_cpp/share/example_local_navigation_cpp/package.xml
[7.562s] Invoked command in '/home/janhavi/SwarmRobotics/build/example_local_navigation_cpp' returned '0': AMENT_PREFIX_PATH=/home/janhavi/SwarmRobotics/install/px4_ros2_cpp:/home/janhavi/SwarmRobotics/install/px4_msgs:${AMENT_PREFIX_PATH} CMAKE_PREFIX_PATH=/home/janhavi/SwarmRobotics/install/px4_ros2_cpp:/home/janhavi/SwarmRobotics/install/px4_msgs:/opt/ros/humble LD_LIBRARY_PATH=/home/janhavi/SwarmRobotics/install/px4_ros2_cpp/lib:/home/janhavi/SwarmRobotics/install/px4_msgs/lib:${LD_LIBRARY_PATH} PYTHONPATH=/home/janhavi/SwarmRobotics/install/px4_msgs/local/lib/python3.10/dist-packages:${PYTHONPATH} /usr/bin/cmake --install /home/janhavi/SwarmRobotics/build/example_local_navigation_cpp
