[1.097s] Invoking command in '/home/janhavi/SwarmRobotics/src/swarm_teleop': AMENT_PREFIX_PATH=/home/janhavi/SwarmRobotics/src/install/px4_msgs:${AMENT_PREFIX_PATH} CMAKE_PREFIX_PATH=/home/janhavi/SwarmRobotics/src/install/px4_msgs:${CMAKE_PREFIX_PATH} LD_LIBRARY_PATH=/home/janhavi/SwarmRobotics/src/install/px4_msgs/lib:${LD_LIBRARY_PATH} PYTHONPATH=/home/janhavi/SwarmRobotics/src/build/swarm_teleop/prefix_override:/usr/lib/python3/dist-packages/colcon_core/task/python/colcon_distutils_commands:/home/janhavi/SwarmRobotics/src/install/swarm_teleop/lib/python3.10/site-packages:/home/janhavi/SwarmRobotics/src/install/px4_msgs/local/lib/python3.10/dist-packages:${PYTHONPATH} /usr/bin/python3 -W ignore:setup.py install is deprecated -W ignore:easy_install command is deprecated setup.py egg_info --egg-base ../build/swarm_teleop build --build-base /home/janhavi/SwarmRobotics/src/build/swarm_teleop/build install --record /home/janhavi/SwarmRobotics/src/build/swarm_teleop/install.log --single-version-externally-managed install_data
[1.467s] running egg_info
[1.494s] creating ../build/swarm_teleop/swarm_teleop.egg-info
[1.494s] writing ../build/swarm_teleop/swarm_teleop.egg-info/PKG-INFO
[1.495s] writing dependency_links to ../build/swarm_teleop/swarm_teleop.egg-info/dependency_links.txt
[1.495s] writing entry points to ../build/swarm_teleop/swarm_teleop.egg-info/entry_points.txt
[1.495s] writing requirements to ../build/swarm_teleop/swarm_teleop.egg-info/requires.txt
[1.495s] writing top-level names to ../build/swarm_teleop/swarm_teleop.egg-info/top_level.txt
[1.495s] writing manifest file '../build/swarm_teleop/swarm_teleop.egg-info/SOURCES.txt'
[1.525s] reading manifest file '../build/swarm_teleop/swarm_teleop.egg-info/SOURCES.txt'
[1.526s] writing manifest file '../build/swarm_teleop/swarm_teleop.egg-info/SOURCES.txt'
[1.526s] running build
[1.526s] running build_py
[1.527s] creating /home/janhavi/SwarmRobotics/src/build/swarm_teleop/build/lib/swarm_teleop
[1.527s] copying swarm_teleop/teleop_control.py -> /home/janhavi/SwarmRobotics/src/build/swarm_teleop/build/lib/swarm_teleop
[1.527s] copying swarm_teleop/__init__.py -> /home/janhavi/SwarmRobotics/src/build/swarm_teleop/build/lib/swarm_teleop
[1.527s] copying swarm_teleop/velocity_control.py -> /home/janhavi/SwarmRobotics/src/build/swarm_teleop/build/lib/swarm_teleop
[1.527s] running install
[1.532s] running install_lib
[1.546s] creating /home/janhavi/SwarmRobotics/src/install/swarm_teleop/lib/python3.10/site-packages/swarm_teleop
[1.546s] copying /home/janhavi/SwarmRobotics/src/build/swarm_teleop/build/lib/swarm_teleop/teleop_control.py -> /home/janhavi/SwarmRobotics/src/install/swarm_teleop/lib/python3.10/site-packages/swarm_teleop
[1.547s] copying /home/janhavi/SwarmRobotics/src/build/swarm_teleop/build/lib/swarm_teleop/__init__.py -> /home/janhavi/SwarmRobotics/src/install/swarm_teleop/lib/python3.10/site-packages/swarm_teleop
[1.547s] copying /home/janhavi/SwarmRobotics/src/build/swarm_teleop/build/lib/swarm_teleop/velocity_control.py -> /home/janhavi/SwarmRobotics/src/install/swarm_teleop/lib/python3.10/site-packages/swarm_teleop
[1.547s] byte-compiling /home/janhavi/SwarmRobotics/src/install/swarm_teleop/lib/python3.10/site-packages/swarm_teleop/teleop_control.py to teleop_control.cpython-310.pyc
[1.548s] byte-compiling /home/janhavi/SwarmRobotics/src/install/swarm_teleop/lib/python3.10/site-packages/swarm_teleop/__init__.py to __init__.cpython-310.pyc
[1.549s] byte-compiling /home/janhavi/SwarmRobotics/src/install/swarm_teleop/lib/python3.10/site-packages/swarm_teleop/velocity_control.py to velocity_control.cpython-310.pyc
[1.551s] running install_data
[1.551s] creating /home/janhavi/SwarmRobotics/src/install/swarm_teleop/share/ament_index/resource_index/packages
[1.552s] copying resource/swarm_teleop -> /home/janhavi/SwarmRobotics/src/install/swarm_teleop/share/ament_index/resource_index/packages
[1.552s] copying package.xml -> /home/janhavi/SwarmRobotics/src/install/swarm_teleop/share/swarm_teleop
[1.552s] creating /home/janhavi/SwarmRobotics/src/install/swarm_teleop/share/swarm_teleop/launch
[1.552s] copying launch/swarm_teleop.launch.py -> /home/janhavi/SwarmRobotics/src/install/swarm_teleop/share/swarm_teleop/launch
[1.552s] running install_egg_info
[1.568s] Copying ../build/swarm_teleop/swarm_teleop.egg-info to /home/janhavi/SwarmRobotics/src/install/swarm_teleop/lib/python3.10/site-packages/swarm_teleop-0.0.1-py3.10.egg-info
[1.568s] running install_scripts
[1.748s] Installing teleop_control script to /home/janhavi/SwarmRobotics/src/install/swarm_teleop/lib/swarm_teleop
[1.748s] Installing velocity_control script to /home/janhavi/SwarmRobotics/src/install/swarm_teleop/lib/swarm_teleop
[1.749s] writing list of installed files to '/home/janhavi/SwarmRobotics/src/build/swarm_teleop/install.log'
[1.795s] Invoked command in '/home/janhavi/SwarmRobotics/src/swarm_teleop' returned '0': AMENT_PREFIX_PATH=/home/janhavi/SwarmRobotics/src/install/px4_msgs:${AMENT_PREFIX_PATH} CMAKE_PREFIX_PATH=/home/janhavi/SwarmRobotics/src/install/px4_msgs:${CMAKE_PREFIX_PATH} LD_LIBRARY_PATH=/home/janhavi/SwarmRobotics/src/install/px4_msgs/lib:${LD_LIBRARY_PATH} PYTHONPATH=/home/janhavi/SwarmRobotics/src/build/swarm_teleop/prefix_override:/usr/lib/python3/dist-packages/colcon_core/task/python/colcon_distutils_commands:/home/janhavi/SwarmRobotics/src/install/swarm_teleop/lib/python3.10/site-packages:/home/janhavi/SwarmRobotics/src/install/px4_msgs/local/lib/python3.10/dist-packages:${PYTHONPATH} /usr/bin/python3 -W ignore:setup.py install is deprecated -W ignore:easy_install command is deprecated setup.py egg_info --egg-base ../build/swarm_teleop build --build-base /home/janhavi/SwarmRobotics/src/build/swarm_teleop/build install --record /home/janhavi/SwarmRobotics/src/build/swarm_teleop/install.log --single-version-externally-managed install_data
