[0.018s] Invoking command in '/home/janhavi/SwarmRobotics/build/example_local_navigation_cpp': AMENT_PREFIX_PATH=/home/janhavi/SwarmRobotics/install/px4_ros2_cpp:/home/janhavi/SwarmRobotics/install/px4_msgs:${AMENT_PREFIX_PATH} CMAKE_PREFIX_PATH=/home/janhavi/SwarmRobotics/install/px4_ros2_cpp:/home/janhavi/SwarmRobotics/install/px4_msgs:/opt/ros/humble LD_LIBRARY_PATH=/home/janhavi/SwarmRobotics/install/px4_ros2_cpp/lib:/home/janhavi/SwarmRobotics/install/px4_msgs/lib:${LD_LIBRARY_PATH} PYTHONPATH=/home/janhavi/SwarmRobotics/install/px4_msgs/local/lib/python3.10/dist-packages:${PYTHONPATH} /usr/bin/cmake --build /home/janhavi/SwarmRobotics/build/example_local_navigation_cpp -- -j12 -l12
[0.080s] [ 50%] [32mBuilding CXX object CMakeFiles/example_local_navigation.dir/src/main.cpp.o[0m
[8.532s] [100%] [32m[1mLinking CXX executable example_local_navigation[0m
[9.400s] [100%] Built target example_local_navigation
[9.412s] Invoked command in '/home/janhavi/SwarmRobotics/build/example_local_navigation_cpp' returned '0': AMENT_PREFIX_PATH=/home/janhavi/SwarmRobotics/install/px4_ros2_cpp:/home/janhavi/SwarmRobotics/install/px4_msgs:${AMENT_PREFIX_PATH} CMAKE_PREFIX_PATH=/home/janhavi/SwarmRobotics/install/px4_ros2_cpp:/home/janhavi/SwarmRobotics/install/px4_msgs:/opt/ros/humble LD_LIBRARY_PATH=/home/janhavi/SwarmRobotics/install/px4_ros2_cpp/lib:/home/janhavi/SwarmRobotics/install/px4_msgs/lib:${LD_LIBRARY_PATH} PYTHONPATH=/home/janhavi/SwarmRobotics/install/px4_msgs/local/lib/python3.10/dist-packages:${PYTHONPATH} /usr/bin/cmake --build /home/janhavi/SwarmRobotics/build/example_local_navigation_cpp -- -j12 -l12
[9.416s] Invoking command in '/home/janhavi/SwarmRobotics/build/example_local_navigation_cpp': AMENT_PREFIX_PATH=/home/janhavi/SwarmRobotics/install/px4_ros2_cpp:/home/janhavi/SwarmRobotics/install/px4_msgs:${AMENT_PREFIX_PATH} CMAKE_PREFIX_PATH=/home/janhavi/SwarmRobotics/install/px4_ros2_cpp:/home/janhavi/SwarmRobotics/install/px4_msgs:/opt/ros/humble LD_LIBRARY_PATH=/home/janhavi/SwarmRobotics/install/px4_ros2_cpp/lib:/home/janhavi/SwarmRobotics/install/px4_msgs/lib:${LD_LIBRARY_PATH} PYTHONPATH=/home/janhavi/SwarmRobotics/install/px4_msgs/local/lib/python3.10/dist-packages:${PYTHONPATH} /usr/bin/cmake --install /home/janhavi/SwarmRobotics/build/example_local_navigation_cpp
[9.429s] -- Install configuration: ""
[9.430s] -- Installing: /home/janhavi/SwarmRobotics/install/example_local_navigation_cpp/lib/example_local_navigation_cpp/example_local_navigation
[9.431s] -- Set runtime path of "/home/janhavi/SwarmRobotics/install/example_local_navigation_cpp/lib/example_local_navigation_cpp/example_local_navigation" to ""
[9.432s] -- Up-to-date: /home/janhavi/SwarmRobotics/install/example_local_navigation_cpp/share/ament_index/resource_index/package_run_dependencies/example_local_navigation_cpp
[9.432s] -- Up-to-date: /home/janhavi/SwarmRobotics/install/example_local_navigation_cpp/share/ament_index/resource_index/parent_prefix_path/example_local_navigation_cpp
[9.432s] -- Up-to-date: /home/janhavi/SwarmRobotics/install/example_local_navigation_cpp/share/example_local_navigation_cpp/environment/ament_prefix_path.sh
[9.432s] -- Up-to-date: /home/janhavi/SwarmRobotics/install/example_local_navigation_cpp/share/example_local_navigation_cpp/environment/ament_prefix_path.dsv
[9.432s] -- Up-to-date: /home/janhavi/SwarmRobotics/install/example_local_navigation_cpp/share/example_local_navigation_cpp/environment/path.sh
[9.433s] -- Up-to-date: /home/janhavi/SwarmRobotics/install/example_local_navigation_cpp/share/example_local_navigation_cpp/environment/path.dsv
[9.433s] -- Up-to-date: /home/janhavi/SwarmRobotics/install/example_local_navigation_cpp/share/example_local_navigation_cpp/local_setup.bash
[9.433s] -- Up-to-date: /home/janhavi/SwarmRobotics/install/example_local_navigation_cpp/share/example_local_navigation_cpp/local_setup.sh
[9.433s] -- Up-to-date: /home/janhavi/SwarmRobotics/install/example_local_navigation_cpp/share/example_local_navigation_cpp/local_setup.zsh
[9.433s] -- Up-to-date: /home/janhavi/SwarmRobotics/install/example_local_navigation_cpp/share/example_local_navigation_cpp/local_setup.dsv
[9.434s] -- Installing: /home/janhavi/SwarmRobotics/install/example_local_navigation_cpp/share/example_local_navigation_cpp/package.dsv
[9.434s] -- Up-to-date: /home/janhavi/SwarmRobotics/install/example_local_navigation_cpp/share/ament_index/resource_index/packages/example_local_navigation_cpp
[9.434s] -- Up-to-date: /home/janhavi/SwarmRobotics/install/example_local_navigation_cpp/share/example_local_navigation_cpp/cmake/example_local_navigation_cppConfig.cmake
[9.434s] -- Up-to-date: /home/janhavi/SwarmRobotics/install/example_local_navigation_cpp/share/example_local_navigation_cpp/cmake/example_local_navigation_cppConfig-version.cmake
[9.434s] -- Up-to-date: /home/janhavi/SwarmRobotics/install/example_local_navigation_cpp/share/example_local_navigation_cpp/package.xml
[9.437s] Invoked command in '/home/janhavi/SwarmRobotics/build/example_local_navigation_cpp' returned '0': AMENT_PREFIX_PATH=/home/janhavi/SwarmRobotics/install/px4_ros2_cpp:/home/janhavi/SwarmRobotics/install/px4_msgs:${AMENT_PREFIX_PATH} CMAKE_PREFIX_PATH=/home/janhavi/SwarmRobotics/install/px4_ros2_cpp:/home/janhavi/SwarmRobotics/install/px4_msgs:/opt/ros/humble LD_LIBRARY_PATH=/home/janhavi/SwarmRobotics/install/px4_ros2_cpp/lib:/home/janhavi/SwarmRobotics/install/px4_msgs/lib:${LD_LIBRARY_PATH} PYTHONPATH=/home/janhavi/SwarmRobotics/install/px4_msgs/local/lib/python3.10/dist-packages:${PYTHONPATH} /usr/bin/cmake --install /home/janhavi/SwarmRobotics/build/example_local_navigation_cpp
