[0.050s] Invoking command in '/home/janhavi/SwarmRobotics/src/build/example_mode_fw_attitude_cpp': AMENT_PREFIX_PATH=/home/janhavi/SwarmRobotics/src/install/px4_ros2_cpp:/home/janhavi/SwarmRobotics/src/install/px4_msgs:${AMENT_PREFIX_PATH} CMAKE_PREFIX_PATH=/home/janhavi/SwarmRobotics/src/install/px4_ros2_cpp:/home/janhavi/SwarmRobotics/src/install/px4_msgs:/home/janhavi/SwarmRobotics/install/px4_ros_com:/home/janhavi/SwarmRobotics/install/example_mode_with_executor_cpp:/home/janhavi/SwarmRobotics/install/example_mode_rtl_replacement_cpp:/home/janhavi/SwarmRobotics/install/example_mode_manual_cpp:/home/janhavi/SwarmRobotics/install/example_mode_goto_global_cpp:/home/janhavi/SwarmRobotics/install/example_mode_goto_cpp:/home/janhavi/SwarmRobotics/install/example_mode_fw_attitude_cpp:/home/janhavi/SwarmRobotics/install/example_local_navigation_cpp:/home/janhavi/SwarmRobotics/install/example_global_navigation_cpp:/home/janhavi/SwarmRobotics/install/px4_ros2_cpp:/home/janhavi/SwarmRobotics/install/px4_msgs:/home/janhavi/SwarmRobotics/install/swarm_teleop:/opt/ros/humble LD_LIBRARY_PATH=/home/janhavi/SwarmRobotics/src/install/px4_ros2_cpp/lib:/home/janhavi/SwarmRobotics/src/install/px4_msgs/lib:${LD_LIBRARY_PATH} PYTHONPATH=/home/janhavi/SwarmRobotics/src/install/px4_msgs/local/lib/python3.10/dist-packages:${PYTHONPATH} /usr/bin/cmake /home/janhavi/SwarmRobotics/src/px4-ros2-interface-lib/examples/cpp/modes/fw_attitude -DCMAKE_INSTALL_PREFIX=/home/janhavi/SwarmRobotics/src/install/example_mode_fw_attitude_cpp
[0.215s] -- The C compiler identification is GNU 11.4.0
[0.331s] -- The CXX compiler identification is GNU 11.4.0
[0.347s] -- Detecting C compiler ABI info
[0.512s] -- Detecting C compiler ABI info - done
[0.537s] -- Check for working C compiler: /usr/bin/cc - skipped
[0.537s] -- Detecting C compile features
[0.537s] -- Detecting C compile features - done
[0.545s] -- Detecting CXX compiler ABI info
[0.758s] -- Detecting CXX compiler ABI info - done
[0.781s] -- Check for working CXX compiler: /usr/bin/c++ - skipped
[0.781s] -- Detecting CXX compile features
[0.785s] -- Detecting CXX compile features - done
[0.807s] -- Found ament_cmake: 1.3.11 (/opt/ros/humble/share/ament_cmake/cmake)
[2.013s] -- Found Python3: /usr/bin/python3 (found version "3.10.12") found components: Interpreter 
[2.294s] -- Found rclcpp: 16.0.11 (/opt/ros/humble/share/rclcpp/cmake)
[2.399s] -- Found rosidl_generator_c: 3.1.6 (/opt/ros/humble/share/rosidl_generator_c/cmake)
[2.412s] -- Found rosidl_adapter: 3.1.6 (/opt/ros/humble/share/rosidl_adapter/cmake)
[2.439s] -- Found rosidl_generator_cpp: 3.1.6 (/opt/ros/humble/share/rosidl_generator_cpp/cmake)
[2.474s] -- Using all available rosidl_typesupport_c: rosidl_typesupport_fastrtps_c;rosidl_typesupport_introspection_c
[2.519s] -- Using all available rosidl_typesupport_cpp: rosidl_typesupport_fastrtps_cpp;rosidl_typesupport_introspection_cpp
[2.646s] -- Found rmw_implementation_cmake: 6.1.2 (/opt/ros/humble/share/rmw_implementation_cmake/cmake)
[2.655s] -- Found rmw_fastrtps_cpp: 6.2.7 (/opt/ros/humble/share/rmw_fastrtps_cpp/cmake)
[2.896s] -- Found OpenSSL: /usr/lib/x86_64-linux-gnu/libcrypto.so (found version "3.0.2")  
[2.962s] -- Found FastRTPS: /opt/ros/humble/include  
[3.073s] -- Using RMW implementation 'rmw_fastrtps_cpp' as default
[3.119s] -- Looking for pthread.h
[3.337s] -- Looking for pthread.h - found
[3.338s] -- Performing Test CMAKE_HAVE_LIBC_PTHREAD
[3.529s] -- Performing Test CMAKE_HAVE_LIBC_PTHREAD - Success
[3.534s] -- Found Threads: TRUE  
[3.714s] -- Found px4_ros2_cpp: 0.0.1 (/home/janhavi/SwarmRobotics/src/install/px4_ros2_cpp/share/px4_ros2_cpp/cmake)
[3.784s] -- Found ament_lint_auto: 0.12.11 (/opt/ros/humble/share/ament_lint_auto/cmake)
[4.026s] -- Added test 'copyright' to check source files copyright and LICENSE
[4.029s] -- Added test 'cppcheck' to perform static code analysis on C / C++ code
[4.030s] -- Configured cppcheck include dirs: /home/janhavi/SwarmRobotics/src/px4-ros2-interface-lib/examples/cpp/modes/fw_attitude/include
[4.030s] -- Configured cppcheck exclude dirs and/or files: 
[4.060s] -- Added test 'cpplint' to check C / C++ code against the Google style
[4.061s] -- Configured cpplint exclude dirs and/or files: 
[4.061s] -- Added test 'lint_cmake' to check CMake code style
[4.061s] -- Added test 'uncrustify' to check C / C++ code style
[4.061s] -- Configured uncrustify additional arguments: 
[4.061s] -- Added test 'xmllint' to check XML markup files
[4.061s] -- Configuring done
[4.070s] -- Generating done
[4.098s] -- Build files have been written to: /home/janhavi/SwarmRobotics/src/build/example_mode_fw_attitude_cpp
[4.146s] Invoked command in '/home/janhavi/SwarmRobotics/src/build/example_mode_fw_attitude_cpp' returned '0': AMENT_PREFIX_PATH=/home/janhavi/SwarmRobotics/src/install/px4_ros2_cpp:/home/janhavi/SwarmRobotics/src/install/px4_msgs:${AMENT_PREFIX_PATH} CMAKE_PREFIX_PATH=/home/janhavi/SwarmRobotics/src/install/px4_ros2_cpp:/home/janhavi/SwarmRobotics/src/install/px4_msgs:/home/janhavi/SwarmRobotics/install/px4_ros_com:/home/janhavi/SwarmRobotics/install/example_mode_with_executor_cpp:/home/janhavi/SwarmRobotics/install/example_mode_rtl_replacement_cpp:/home/janhavi/SwarmRobotics/install/example_mode_manual_cpp:/home/janhavi/SwarmRobotics/install/example_mode_goto_global_cpp:/home/janhavi/SwarmRobotics/install/example_mode_goto_cpp:/home/janhavi/SwarmRobotics/install/example_mode_fw_attitude_cpp:/home/janhavi/SwarmRobotics/install/example_local_navigation_cpp:/home/janhavi/SwarmRobotics/install/example_global_navigation_cpp:/home/janhavi/SwarmRobotics/install/px4_ros2_cpp:/home/janhavi/SwarmRobotics/install/px4_msgs:/home/janhavi/SwarmRobotics/install/swarm_teleop:/opt/ros/humble LD_LIBRARY_PATH=/home/janhavi/SwarmRobotics/src/install/px4_ros2_cpp/lib:/home/janhavi/SwarmRobotics/src/install/px4_msgs/lib:${LD_LIBRARY_PATH} PYTHONPATH=/home/janhavi/SwarmRobotics/src/install/px4_msgs/local/lib/python3.10/dist-packages:${PYTHONPATH} /usr/bin/cmake /home/janhavi/SwarmRobotics/src/px4-ros2-interface-lib/examples/cpp/modes/fw_attitude -DCMAKE_INSTALL_PREFIX=/home/janhavi/SwarmRobotics/src/install/example_mode_fw_attitude_cpp
[4.152s] Invoking command in '/home/janhavi/SwarmRobotics/src/build/example_mode_fw_attitude_cpp': AMENT_PREFIX_PATH=/home/janhavi/SwarmRobotics/src/install/px4_ros2_cpp:/home/janhavi/SwarmRobotics/src/install/px4_msgs:${AMENT_PREFIX_PATH} CMAKE_PREFIX_PATH=/home/janhavi/SwarmRobotics/src/install/px4_ros2_cpp:/home/janhavi/SwarmRobotics/src/install/px4_msgs:/home/janhavi/SwarmRobotics/install/px4_ros_com:/home/janhavi/SwarmRobotics/install/example_mode_with_executor_cpp:/home/janhavi/SwarmRobotics/install/example_mode_rtl_replacement_cpp:/home/janhavi/SwarmRobotics/install/example_mode_manual_cpp:/home/janhavi/SwarmRobotics/install/example_mode_goto_global_cpp:/home/janhavi/SwarmRobotics/install/example_mode_goto_cpp:/home/janhavi/SwarmRobotics/install/example_mode_fw_attitude_cpp:/home/janhavi/SwarmRobotics/install/example_local_navigation_cpp:/home/janhavi/SwarmRobotics/install/example_global_navigation_cpp:/home/janhavi/SwarmRobotics/install/px4_ros2_cpp:/home/janhavi/SwarmRobotics/install/px4_msgs:/home/janhavi/SwarmRobotics/install/swarm_teleop:/opt/ros/humble LD_LIBRARY_PATH=/home/janhavi/SwarmRobotics/src/install/px4_ros2_cpp/lib:/home/janhavi/SwarmRobotics/src/install/px4_msgs/lib:${LD_LIBRARY_PATH} PYTHONPATH=/home/janhavi/SwarmRobotics/src/install/px4_msgs/local/lib/python3.10/dist-packages:${PYTHONPATH} /usr/bin/cmake --build /home/janhavi/SwarmRobotics/src/build/example_mode_fw_attitude_cpp -- -j12 -l12
[4.311s] [ 50%] [32mBuilding CXX object CMakeFiles/example_mode_fw_attitude.dir/src/main.cpp.o[0m
[14.986s] [100%] [32m[1mLinking CXX executable example_mode_fw_attitude[0m
[17.164s] [100%] Built target example_mode_fw_attitude
[17.198s] Invoked command in '/home/janhavi/SwarmRobotics/src/build/example_mode_fw_attitude_cpp' returned '0': AMENT_PREFIX_PATH=/home/janhavi/SwarmRobotics/src/install/px4_ros2_cpp:/home/janhavi/SwarmRobotics/src/install/px4_msgs:${AMENT_PREFIX_PATH} CMAKE_PREFIX_PATH=/home/janhavi/SwarmRobotics/src/install/px4_ros2_cpp:/home/janhavi/SwarmRobotics/src/install/px4_msgs:/home/janhavi/SwarmRobotics/install/px4_ros_com:/home/janhavi/SwarmRobotics/install/example_mode_with_executor_cpp:/home/janhavi/SwarmRobotics/install/example_mode_rtl_replacement_cpp:/home/janhavi/SwarmRobotics/install/example_mode_manual_cpp:/home/janhavi/SwarmRobotics/install/example_mode_goto_global_cpp:/home/janhavi/SwarmRobotics/install/example_mode_goto_cpp:/home/janhavi/SwarmRobotics/install/example_mode_fw_attitude_cpp:/home/janhavi/SwarmRobotics/install/example_local_navigation_cpp:/home/janhavi/SwarmRobotics/install/example_global_navigation_cpp:/home/janhavi/SwarmRobotics/install/px4_ros2_cpp:/home/janhavi/SwarmRobotics/install/px4_msgs:/home/janhavi/SwarmRobotics/install/swarm_teleop:/opt/ros/humble LD_LIBRARY_PATH=/home/janhavi/SwarmRobotics/src/install/px4_ros2_cpp/lib:/home/janhavi/SwarmRobotics/src/install/px4_msgs/lib:${LD_LIBRARY_PATH} PYTHONPATH=/home/janhavi/SwarmRobotics/src/install/px4_msgs/local/lib/python3.10/dist-packages:${PYTHONPATH} /usr/bin/cmake --build /home/janhavi/SwarmRobotics/src/build/example_mode_fw_attitude_cpp -- -j12 -l12
[17.202s] Invoking command in '/home/janhavi/SwarmRobotics/src/build/example_mode_fw_attitude_cpp': AMENT_PREFIX_PATH=/home/janhavi/SwarmRobotics/src/install/px4_ros2_cpp:/home/janhavi/SwarmRobotics/src/install/px4_msgs:${AMENT_PREFIX_PATH} CMAKE_PREFIX_PATH=/home/janhavi/SwarmRobotics/src/install/px4_ros2_cpp:/home/janhavi/SwarmRobotics/src/install/px4_msgs:/home/janhavi/SwarmRobotics/install/px4_ros_com:/home/janhavi/SwarmRobotics/install/example_mode_with_executor_cpp:/home/janhavi/SwarmRobotics/install/example_mode_rtl_replacement_cpp:/home/janhavi/SwarmRobotics/install/example_mode_manual_cpp:/home/janhavi/SwarmRobotics/install/example_mode_goto_global_cpp:/home/janhavi/SwarmRobotics/install/example_mode_goto_cpp:/home/janhavi/SwarmRobotics/install/example_mode_fw_attitude_cpp:/home/janhavi/SwarmRobotics/install/example_local_navigation_cpp:/home/janhavi/SwarmRobotics/install/example_global_navigation_cpp:/home/janhavi/SwarmRobotics/install/px4_ros2_cpp:/home/janhavi/SwarmRobotics/install/px4_msgs:/home/janhavi/SwarmRobotics/install/swarm_teleop:/opt/ros/humble LD_LIBRARY_PATH=/home/janhavi/SwarmRobotics/src/install/px4_ros2_cpp/lib:/home/janhavi/SwarmRobotics/src/install/px4_msgs/lib:${LD_LIBRARY_PATH} PYTHONPATH=/home/janhavi/SwarmRobotics/src/install/px4_msgs/local/lib/python3.10/dist-packages:${PYTHONPATH} /usr/bin/cmake --install /home/janhavi/SwarmRobotics/src/build/example_mode_fw_attitude_cpp
[17.216s] -- Install configuration: ""
[17.217s] -- Installing: /home/janhavi/SwarmRobotics/src/install/example_mode_fw_attitude_cpp/lib/example_mode_fw_attitude_cpp/example_mode_fw_attitude
[17.217s] -- Set runtime path of "/home/janhavi/SwarmRobotics/src/install/example_mode_fw_attitude_cpp/lib/example_mode_fw_attitude_cpp/example_mode_fw_attitude" to ""
[17.217s] -- Installing: /home/janhavi/SwarmRobotics/src/install/example_mode_fw_attitude_cpp/share/ament_index/resource_index/package_run_dependencies/example_mode_fw_attitude_cpp
[17.219s] -- Installing: /home/janhavi/SwarmRobotics/src/install/example_mode_fw_attitude_cpp/share/ament_index/resource_index/parent_prefix_path/example_mode_fw_attitude_cpp
[17.219s] -- Installing: /home/janhavi/SwarmRobotics/src/install/example_mode_fw_attitude_cpp/share/example_mode_fw_attitude_cpp/environment/ament_prefix_path.sh
[17.219s] -- Installing: /home/janhavi/SwarmRobotics/src/install/example_mode_fw_attitude_cpp/share/example_mode_fw_attitude_cpp/environment/ament_prefix_path.dsv
[17.219s] -- Installing: /home/janhavi/SwarmRobotics/src/install/example_mode_fw_attitude_cpp/share/example_mode_fw_attitude_cpp/environment/path.sh
[17.220s] -- Installing: /home/janhavi/SwarmRobotics/src/install/example_mode_fw_attitude_cpp/share/example_mode_fw_attitude_cpp/environment/path.dsv
[17.220s] -- Installing: /home/janhavi/SwarmRobotics/src/install/example_mode_fw_attitude_cpp/share/example_mode_fw_attitude_cpp/local_setup.bash
[17.220s] -- Installing: /home/janhavi/SwarmRobotics/src/install/example_mode_fw_attitude_cpp/share/example_mode_fw_attitude_cpp/local_setup.sh
[17.221s] -- Installing: /home/janhavi/SwarmRobotics/src/install/example_mode_fw_attitude_cpp/share/example_mode_fw_attitude_cpp/local_setup.zsh
[17.221s] -- Installing: /home/janhavi/SwarmRobotics/src/install/example_mode_fw_attitude_cpp/share/example_mode_fw_attitude_cpp/local_setup.dsv
[17.221s] -- Installing: /home/janhavi/SwarmRobotics/src/install/example_mode_fw_attitude_cpp/share/example_mode_fw_attitude_cpp/package.dsv
[17.221s] -- Installing: /home/janhavi/SwarmRobotics/src/install/example_mode_fw_attitude_cpp/share/ament_index/resource_index/packages/example_mode_fw_attitude_cpp
[17.221s] -- Installing: /home/janhavi/SwarmRobotics/src/install/example_mode_fw_attitude_cpp/share/example_mode_fw_attitude_cpp/cmake/example_mode_fw_attitude_cppConfig.cmake
[17.222s] -- Installing: /home/janhavi/SwarmRobotics/src/install/example_mode_fw_attitude_cpp/share/example_mode_fw_attitude_cpp/cmake/example_mode_fw_attitude_cppConfig-version.cmake
[17.222s] -- Installing: /home/janhavi/SwarmRobotics/src/install/example_mode_fw_attitude_cpp/share/example_mode_fw_attitude_cpp/package.xml
[17.231s] Invoked command in '/home/janhavi/SwarmRobotics/src/build/example_mode_fw_attitude_cpp' returned '0': AMENT_PREFIX_PATH=/home/janhavi/SwarmRobotics/src/install/px4_ros2_cpp:/home/janhavi/SwarmRobotics/src/install/px4_msgs:${AMENT_PREFIX_PATH} CMAKE_PREFIX_PATH=/home/janhavi/SwarmRobotics/src/install/px4_ros2_cpp:/home/janhavi/SwarmRobotics/src/install/px4_msgs:/home/janhavi/SwarmRobotics/install/px4_ros_com:/home/janhavi/SwarmRobotics/install/example_mode_with_executor_cpp:/home/janhavi/SwarmRobotics/install/example_mode_rtl_replacement_cpp:/home/janhavi/SwarmRobotics/install/example_mode_manual_cpp:/home/janhavi/SwarmRobotics/install/example_mode_goto_global_cpp:/home/janhavi/SwarmRobotics/install/example_mode_goto_cpp:/home/janhavi/SwarmRobotics/install/example_mode_fw_attitude_cpp:/home/janhavi/SwarmRobotics/install/example_local_navigation_cpp:/home/janhavi/SwarmRobotics/install/example_global_navigation_cpp:/home/janhavi/SwarmRobotics/install/px4_ros2_cpp:/home/janhavi/SwarmRobotics/install/px4_msgs:/home/janhavi/SwarmRobotics/install/swarm_teleop:/opt/ros/humble LD_LIBRARY_PATH=/home/janhavi/SwarmRobotics/src/install/px4_ros2_cpp/lib:/home/janhavi/SwarmRobotics/src/install/px4_msgs/lib:${LD_LIBRARY_PATH} PYTHONPATH=/home/janhavi/SwarmRobotics/src/install/px4_msgs/local/lib/python3.10/dist-packages:${PYTHONPATH} /usr/bin/cmake --install /home/janhavi/SwarmRobotics/src/build/example_mode_fw_attitude_cpp
