[  8%] [32mBuilding CXX object CMakeFiles/vehicle_gps_position_listener.dir/src/examples/listeners/vehicle_gps_position_listener.cpp.o[0m
[ 16%] [32mBuilding CXX object CMakeFiles/sensor_combined_listener.dir/src/examples/listeners/sensor_combined_listener.cpp.o[0m
[ 25%] [32mBuilding CXX object CMakeFiles/frame_transforms.dir/src/lib/frame_transforms.cpp.o[0m
[ 33%] [32mBuilding CXX object CMakeFiles/offboard_control.dir/src/examples/offboard/offboard_control.cpp.o[0m
[ 41%] [32mBuilding CXX object CMakeFiles/debug_vect_advertiser.dir/src/examples/advertisers/debug_vect_advertiser.cpp.o[0m
[ 50%] [32mBuilding CXX object CMakeFiles/offboard_control_srv.dir/src/examples/offboard/offboard_control_srv.cpp.o[0m
[ 50%] Built target ament_cmake_python_symlink_px4_ros_com
running egg_info
creating px4_ros_com.egg-info
writing px4_ros_com.egg-info/PKG-INFO
writing dependency_links to px4_ros_com.egg-info/dependency_links.txt
writing top-level names to px4_ros_com.egg-info/top_level.txt
writing manifest file 'px4_ros_com.egg-info/SOURCES.txt'
reading manifest file 'px4_ros_com.egg-info/SOURCES.txt'
writing manifest file 'px4_ros_com.egg-info/SOURCES.txt'
[ 50%] Built target ament_cmake_python_build_px4_ros_com_egg
[ 58%] [32m[1mLinking CXX executable debug_vect_advertiser[0m
[ 58%] Built target debug_vect_advertiser
[ 66%] [32m[1mLinking CXX executable offboard_control[0m
[ 66%] Built target offboard_control
[ 75%] [32m[1mLinking CXX shared library libframe_transforms.so[0m
[ 75%] Built target frame_transforms
[ 83%] [32m[1mLinking CXX executable offboard_control_srv[0m
[ 83%] Built target offboard_control_srv
[ 91%] [32m[1mLinking CXX executable sensor_combined_listener[0m
[100%] [32m[1mLinking CXX executable vehicle_gps_position_listener[0m
[100%] Built target sensor_combined_listener
[100%] Built target vehicle_gps_position_listener
-- Install configuration: ""
-- Execute custom install script
-- Symlinking: /home/janhavi/SwarmRobotics/install/px4_ros_com/lib/px4_ros_com/sensor_combined_listener
-- Symlinking: /home/janhavi/SwarmRobotics/install/px4_ros_com/lib/px4_ros_com/vehicle_gps_position_listener
-- Symlinking: /home/janhavi/SwarmRobotics/install/px4_ros_com/lib/px4_ros_com/debug_vect_advertiser
-- Symlinking: /home/janhavi/SwarmRobotics/install/px4_ros_com/lib/px4_ros_com/offboard_control
-- Symlinking: /home/janhavi/SwarmRobotics/install/px4_ros_com/lib/px4_ros_com/offboard_control_srv
-- Symlinking: /home/janhavi/SwarmRobotics/install/px4_ros_com/share/px4_ros_com/environment/library_path.sh
-- Symlinking: /home/janhavi/SwarmRobotics/install/px4_ros_com/share/px4_ros_com/environment/library_path.dsv
-- Symlinking: /home/janhavi/SwarmRobotics/install/px4_ros_com/include/px4_ros_com/frame_transforms.h
-- Symlinking: /home/janhavi/SwarmRobotics/install/px4_ros_com/share/px4_ros_com//launch/offboard_control_launch.yaml
-- Symlinking: /home/janhavi/SwarmRobotics/install/px4_ros_com/share/px4_ros_com//launch/sensor_combined_listener.launch.py
-- Symlinking: /home/janhavi/SwarmRobotics/install/px4_ros_com/share/px4_ros_com//test/__init__.py
-- Symlinking: /home/janhavi/SwarmRobotics/install/px4_ros_com/share/px4_ros_com//test/pipeline_io_test.py
-- Symlinking: /home/janhavi/SwarmRobotics/install/px4_ros_com/share/px4_ros_com//test/test_input.py
-- Symlinking: /home/janhavi/SwarmRobotics/install/px4_ros_com/share/px4_ros_com//test/test_output.py
-- Symlinking: /home/janhavi/SwarmRobotics/install/px4_ros_com/share/px4_ros_com/environment/pythonpath.sh
-- Symlinking: /home/janhavi/SwarmRobotics/install/px4_ros_com/share/px4_ros_com/environment/pythonpath.dsv
-- Symlinking: /home/janhavi/SwarmRobotics/install/px4_ros_com/local/lib/python3.10/dist-packages/px4_ros_com-0.1.0-py3.10.egg-info/PKG-INFO
-- Symlinking: /home/janhavi/SwarmRobotics/install/px4_ros_com/local/lib/python3.10/dist-packages/px4_ros_com-0.1.0-py3.10.egg-info/SOURCES.txt
-- Symlinking: /home/janhavi/SwarmRobotics/install/px4_ros_com/local/lib/python3.10/dist-packages/px4_ros_com-0.1.0-py3.10.egg-info/dependency_links.txt
-- Symlinking: /home/janhavi/SwarmRobotics/install/px4_ros_com/local/lib/python3.10/dist-packages/px4_ros_com-0.1.0-py3.10.egg-info/top_level.txt
-- Symlinking: /home/janhavi/SwarmRobotics/install/px4_ros_com/local/lib/python3.10/dist-packages/px4_ros_com/__init__.py
-- Symlinking: /home/janhavi/SwarmRobotics/install/px4_ros_com/local/lib/python3.10/dist-packages/px4_ros_com/module_to_import.py
-- Symlinking: /home/janhavi/SwarmRobotics/install/px4_ros_com/lib/px4_ros_com/offboard_control.py
-- Symlinking: /home/janhavi/SwarmRobotics/install/px4_ros_com/share/ament_index/resource_index/package_run_dependencies/px4_ros_com
-- Symlinking: /home/janhavi/SwarmRobotics/install/px4_ros_com/share/ament_index/resource_index/parent_prefix_path/px4_ros_com
-- Symlinking: /home/janhavi/SwarmRobotics/install/px4_ros_com/share/px4_ros_com/environment/ament_prefix_path.sh
-- Symlinking: /home/janhavi/SwarmRobotics/install/px4_ros_com/share/px4_ros_com/environment/ament_prefix_path.dsv
-- Symlinking: /home/janhavi/SwarmRobotics/install/px4_ros_com/share/px4_ros_com/environment/path.sh
-- Symlinking: /home/janhavi/SwarmRobotics/install/px4_ros_com/share/px4_ros_com/environment/path.dsv
-- Symlinking: /home/janhavi/SwarmRobotics/install/px4_ros_com/share/px4_ros_com/local_setup.bash
-- Symlinking: /home/janhavi/SwarmRobotics/install/px4_ros_com/share/px4_ros_com/local_setup.sh
-- Symlinking: /home/janhavi/SwarmRobotics/install/px4_ros_com/share/px4_ros_com/local_setup.zsh
-- Symlinking: /home/janhavi/SwarmRobotics/install/px4_ros_com/share/px4_ros_com/local_setup.dsv
-- Symlinking: /home/janhavi/SwarmRobotics/install/px4_ros_com/share/px4_ros_com/package.dsv
-- Symlinking: /home/janhavi/SwarmRobotics/install/px4_ros_com/share/ament_index/resource_index/packages/px4_ros_com
-- Symlinking: /home/janhavi/SwarmRobotics/install/px4_ros_com/share/px4_ros_com/cmake/ament_cmake_export_dependencies-extras.cmake
-- Symlinking: /home/janhavi/SwarmRobotics/install/px4_ros_com/share/px4_ros_com/cmake/ament_cmake_export_targets-extras.cmake
-- Symlinking: /home/janhavi/SwarmRobotics/install/px4_ros_com/share/px4_ros_com/cmake/ament_cmake_export_include_directories-extras.cmake
-- Symlinking: /home/janhavi/SwarmRobotics/install/px4_ros_com/share/px4_ros_com/cmake/ament_cmake_export_libraries-extras.cmake
-- Symlinking: /home/janhavi/SwarmRobotics/install/px4_ros_com/share/px4_ros_com/cmake/px4_ros_comConfig.cmake
-- Symlinking: /home/janhavi/SwarmRobotics/install/px4_ros_com/share/px4_ros_com/cmake/px4_ros_comConfig-version.cmake
-- Symlinking: /home/janhavi/SwarmRobotics/install/px4_ros_com/share/px4_ros_com/package.xml
-- Installing: /home/janhavi/SwarmRobotics/install/px4_ros_com/lib/libframe_transforms.so
-- Set runtime path of "/home/janhavi/SwarmRobotics/install/px4_ros_com/lib/libframe_transforms.so" to ""
Listing '/home/janhavi/SwarmRobotics/install/px4_ros_com/local/lib/python3.10/dist-packages/px4_ros_com'...
Compiling '/home/janhavi/SwarmRobotics/install/px4_ros_com/local/lib/python3.10/dist-packages/px4_ros_com/__init__.py'...
Compiling '/home/janhavi/SwarmRobotics/install/px4_ros_com/local/lib/python3.10/dist-packages/px4_ros_com/module_to_import.py'...
-- Installing: /home/janhavi/SwarmRobotics/install/px4_ros_com/share/px4_ros_com/cmake/export_frame_transformsExport.cmake
-- Installing: /home/janhavi/SwarmRobotics/install/px4_ros_com/share/px4_ros_com/cmake/export_frame_transformsExport-noconfig.cmake
