[0.027s] Invoking command in '/home/janhavi/SwarmRobotics/build/example_mode_manual_cpp': AMENT_PREFIX_PATH=/home/janhavi/SwarmRobotics/install/px4_ros2_cpp:/home/janhavi/SwarmRobotics/install/px4_msgs:${AMENT_PREFIX_PATH} CMAKE_PREFIX_PATH=/home/janhavi/SwarmRobotics/install/px4_ros2_cpp:/home/janhavi/SwarmRobotics/install/px4_msgs:/opt/ros/humble LD_LIBRARY_PATH=/home/janhavi/SwarmRobotics/install/px4_ros2_cpp/lib:/home/janhavi/SwarmRobotics/install/px4_msgs/lib:${LD_LIBRARY_PATH} PYTHONPATH=/home/janhavi/SwarmRobotics/install/px4_msgs/local/lib/python3.10/dist-packages:${PYTHONPATH} /usr/bin/cmake /home/janhavi/SwarmRobotics/src/px4-ros2-interface-lib/examples/cpp/modes/manual -DAMENT_CMAKE_SYMLINK_INSTALL=1 -DCMAKE_INSTALL_PREFIX=/home/janhavi/SwarmRobotics/install/example_mode_manual_cpp
[0.085s] -- The C compiler identification is GNU 11.4.0
[0.147s] -- The CXX compiler identification is GNU 11.4.0
[0.155s] -- Detecting C compiler ABI info
[0.233s] -- Detecting C compiler ABI info - done
[0.242s] -- Check for working C compiler: /usr/bin/cc - skipped
[0.243s] -- Detecting C compile features
[0.243s] -- Detecting C compile features - done
[0.247s] -- Detecting CXX compiler ABI info
[0.336s] -- Detecting CXX compiler ABI info - done
[0.346s] -- Check for working CXX compiler: /usr/bin/c++ - skipped
[0.346s] -- Detecting CXX compile features
[0.348s] -- Detecting CXX compile features - done
[0.348s] -- Found eigen3_cmake_module: 0.1.1 (/opt/ros/humble/share/eigen3_cmake_module/cmake)
[0.357s] -- Found Eigen3: TRUE (found version "3.4.0") 
[0.359s] -- Found ament_cmake: 1.3.11 (/opt/ros/humble/share/ament_cmake/cmake)
[0.889s] -- Found Python3: /usr/bin/python3 (found version "3.10.12") found components: Interpreter 
[0.996s] -- Override CMake install command with custom implementation using symlinks instead of copying resources
[1.030s] -- Found rclcpp: 16.0.11 (/opt/ros/humble/share/rclcpp/cmake)
[1.084s] -- Found rosidl_generator_c: 3.1.6 (/opt/ros/humble/share/rosidl_generator_c/cmake)
[1.090s] -- Found rosidl_adapter: 3.1.6 (/opt/ros/humble/share/rosidl_adapter/cmake)
[1.101s] -- Found rosidl_generator_cpp: 3.1.6 (/opt/ros/humble/share/rosidl_generator_cpp/cmake)
[1.114s] -- Using all available rosidl_typesupport_c: rosidl_typesupport_fastrtps_c;rosidl_typesupport_introspection_c
[1.130s] -- Using all available rosidl_typesupport_cpp: rosidl_typesupport_fastrtps_cpp;rosidl_typesupport_introspection_cpp
[1.189s] -- Found rmw_implementation_cmake: 6.1.2 (/opt/ros/humble/share/rmw_implementation_cmake/cmake)
[1.192s] -- Found rmw_fastrtps_cpp: 6.2.7 (/opt/ros/humble/share/rmw_fastrtps_cpp/cmake)
[1.313s] -- Found OpenSSL: /usr/lib/x86_64-linux-gnu/libcrypto.so (found version "3.0.2")  
[1.349s] -- Found FastRTPS: /opt/ros/humble/include  
[1.410s] -- Using RMW implementation 'rmw_fastrtps_cpp' as default
[1.422s] -- Looking for pthread.h
[1.525s] -- Looking for pthread.h - found
[1.525s] -- Performing Test CMAKE_HAVE_LIBC_PTHREAD
[1.629s] -- Performing Test CMAKE_HAVE_LIBC_PTHREAD - Success
[1.631s] -- Found Threads: TRUE  
[1.714s] -- Found px4_ros2_cpp: 0.0.1 (/home/janhavi/SwarmRobotics/install/px4_ros2_cpp/share/px4_ros2_cpp/cmake)
[1.743s] -- Found ament_lint_auto: 0.12.11 (/opt/ros/humble/share/ament_lint_auto/cmake)
[1.891s] -- Added test 'copyright' to check source files copyright and LICENSE
[1.892s] -- Added test 'cppcheck' to perform static code analysis on C / C++ code
[1.893s] -- Configured cppcheck include dirs: /home/janhavi/SwarmRobotics/src/px4-ros2-interface-lib/examples/cpp/modes/manual/include
[1.893s] -- Configured cppcheck exclude dirs and/or files: 
[1.894s] -- Added test 'cpplint' to check C / C++ code against the Google style
[1.895s] -- Configured cpplint exclude dirs and/or files: 
[1.901s] -- Added test 'lint_cmake' to check CMake code style
[1.902s] -- Added test 'uncrustify' to check C / C++ code style
[1.902s] -- Configured uncrustify additional arguments: 
[1.902s] -- Added test 'xmllint' to check XML markup files
[1.902s] -- Configuring done
[1.909s] -- Generating done
[1.914s] -- Build files have been written to: /home/janhavi/SwarmRobotics/build/example_mode_manual_cpp
[1.929s] Invoked command in '/home/janhavi/SwarmRobotics/build/example_mode_manual_cpp' returned '0': AMENT_PREFIX_PATH=/home/janhavi/SwarmRobotics/install/px4_ros2_cpp:/home/janhavi/SwarmRobotics/install/px4_msgs:${AMENT_PREFIX_PATH} CMAKE_PREFIX_PATH=/home/janhavi/SwarmRobotics/install/px4_ros2_cpp:/home/janhavi/SwarmRobotics/install/px4_msgs:/opt/ros/humble LD_LIBRARY_PATH=/home/janhavi/SwarmRobotics/install/px4_ros2_cpp/lib:/home/janhavi/SwarmRobotics/install/px4_msgs/lib:${LD_LIBRARY_PATH} PYTHONPATH=/home/janhavi/SwarmRobotics/install/px4_msgs/local/lib/python3.10/dist-packages:${PYTHONPATH} /usr/bin/cmake /home/janhavi/SwarmRobotics/src/px4-ros2-interface-lib/examples/cpp/modes/manual -DAMENT_CMAKE_SYMLINK_INSTALL=1 -DCMAKE_INSTALL_PREFIX=/home/janhavi/SwarmRobotics/install/example_mode_manual_cpp
[1.931s] Invoking command in '/home/janhavi/SwarmRobotics/build/example_mode_manual_cpp': AMENT_PREFIX_PATH=/home/janhavi/SwarmRobotics/install/px4_ros2_cpp:/home/janhavi/SwarmRobotics/install/px4_msgs:${AMENT_PREFIX_PATH} CMAKE_PREFIX_PATH=/home/janhavi/SwarmRobotics/install/px4_ros2_cpp:/home/janhavi/SwarmRobotics/install/px4_msgs:/opt/ros/humble LD_LIBRARY_PATH=/home/janhavi/SwarmRobotics/install/px4_ros2_cpp/lib:/home/janhavi/SwarmRobotics/install/px4_msgs/lib:${LD_LIBRARY_PATH} PYTHONPATH=/home/janhavi/SwarmRobotics/install/px4_msgs/local/lib/python3.10/dist-packages:${PYTHONPATH} /usr/bin/cmake --build /home/janhavi/SwarmRobotics/build/example_mode_manual_cpp -- -j12 -l12
[2.004s] [ 50%] [32mBuilding CXX object CMakeFiles/example_mode_manual.dir/src/main.cpp.o[0m
[9.233s] [100%] [32m[1mLinking CXX executable example_mode_manual[0m
[10.597s] [100%] Built target example_mode_manual
[10.612s] Invoked command in '/home/janhavi/SwarmRobotics/build/example_mode_manual_cpp' returned '0': AMENT_PREFIX_PATH=/home/janhavi/SwarmRobotics/install/px4_ros2_cpp:/home/janhavi/SwarmRobotics/install/px4_msgs:${AMENT_PREFIX_PATH} CMAKE_PREFIX_PATH=/home/janhavi/SwarmRobotics/install/px4_ros2_cpp:/home/janhavi/SwarmRobotics/install/px4_msgs:/opt/ros/humble LD_LIBRARY_PATH=/home/janhavi/SwarmRobotics/install/px4_ros2_cpp/lib:/home/janhavi/SwarmRobotics/install/px4_msgs/lib:${LD_LIBRARY_PATH} PYTHONPATH=/home/janhavi/SwarmRobotics/install/px4_msgs/local/lib/python3.10/dist-packages:${PYTHONPATH} /usr/bin/cmake --build /home/janhavi/SwarmRobotics/build/example_mode_manual_cpp -- -j12 -l12
[10.615s] Invoking command in '/home/janhavi/SwarmRobotics/build/example_mode_manual_cpp': AMENT_PREFIX_PATH=/home/janhavi/SwarmRobotics/install/px4_ros2_cpp:/home/janhavi/SwarmRobotics/install/px4_msgs:${AMENT_PREFIX_PATH} CMAKE_PREFIX_PATH=/home/janhavi/SwarmRobotics/install/px4_ros2_cpp:/home/janhavi/SwarmRobotics/install/px4_msgs:/opt/ros/humble LD_LIBRARY_PATH=/home/janhavi/SwarmRobotics/install/px4_ros2_cpp/lib:/home/janhavi/SwarmRobotics/install/px4_msgs/lib:${LD_LIBRARY_PATH} PYTHONPATH=/home/janhavi/SwarmRobotics/install/px4_msgs/local/lib/python3.10/dist-packages:${PYTHONPATH} /usr/bin/cmake --install /home/janhavi/SwarmRobotics/build/example_mode_manual_cpp
[10.624s] -- Install configuration: ""
[10.624s] -- Execute custom install script
[10.625s] -- Symlinking: /home/janhavi/SwarmRobotics/install/example_mode_manual_cpp/lib/example_mode_manual_cpp/example_mode_manual
[10.637s] -- Symlinking: /home/janhavi/SwarmRobotics/install/example_mode_manual_cpp/share/ament_index/resource_index/package_run_dependencies/example_mode_manual_cpp
[10.648s] -- Symlinking: /home/janhavi/SwarmRobotics/install/example_mode_manual_cpp/share/ament_index/resource_index/parent_prefix_path/example_mode_manual_cpp
[10.660s] -- Symlinking: /home/janhavi/SwarmRobotics/install/example_mode_manual_cpp/share/example_mode_manual_cpp/environment/ament_prefix_path.sh
[10.672s] -- Symlinking: /home/janhavi/SwarmRobotics/install/example_mode_manual_cpp/share/example_mode_manual_cpp/environment/ament_prefix_path.dsv
[10.683s] -- Symlinking: /home/janhavi/SwarmRobotics/install/example_mode_manual_cpp/share/example_mode_manual_cpp/environment/path.sh
[10.695s] -- Symlinking: /home/janhavi/SwarmRobotics/install/example_mode_manual_cpp/share/example_mode_manual_cpp/environment/path.dsv
[10.706s] -- Symlinking: /home/janhavi/SwarmRobotics/install/example_mode_manual_cpp/share/example_mode_manual_cpp/local_setup.bash
[10.718s] -- Symlinking: /home/janhavi/SwarmRobotics/install/example_mode_manual_cpp/share/example_mode_manual_cpp/local_setup.sh
[10.729s] -- Symlinking: /home/janhavi/SwarmRobotics/install/example_mode_manual_cpp/share/example_mode_manual_cpp/local_setup.zsh
[10.740s] -- Symlinking: /home/janhavi/SwarmRobotics/install/example_mode_manual_cpp/share/example_mode_manual_cpp/local_setup.dsv
[10.750s] -- Symlinking: /home/janhavi/SwarmRobotics/install/example_mode_manual_cpp/share/example_mode_manual_cpp/package.dsv
[10.760s] -- Symlinking: /home/janhavi/SwarmRobotics/install/example_mode_manual_cpp/share/ament_index/resource_index/packages/example_mode_manual_cpp
[10.772s] -- Symlinking: /home/janhavi/SwarmRobotics/install/example_mode_manual_cpp/share/example_mode_manual_cpp/cmake/example_mode_manual_cppConfig.cmake
[10.783s] -- Symlinking: /home/janhavi/SwarmRobotics/install/example_mode_manual_cpp/share/example_mode_manual_cpp/cmake/example_mode_manual_cppConfig-version.cmake
[10.793s] -- Symlinking: /home/janhavi/SwarmRobotics/install/example_mode_manual_cpp/share/example_mode_manual_cpp/package.xml
[10.806s] Invoked command in '/home/janhavi/SwarmRobotics/build/example_mode_manual_cpp' returned '0': AMENT_PREFIX_PATH=/home/janhavi/SwarmRobotics/install/px4_ros2_cpp:/home/janhavi/SwarmRobotics/install/px4_msgs:${AMENT_PREFIX_PATH} CMAKE_PREFIX_PATH=/home/janhavi/SwarmRobotics/install/px4_ros2_cpp:/home/janhavi/SwarmRobotics/install/px4_msgs:/opt/ros/humble LD_LIBRARY_PATH=/home/janhavi/SwarmRobotics/install/px4_ros2_cpp/lib:/home/janhavi/SwarmRobotics/install/px4_msgs/lib:${LD_LIBRARY_PATH} PYTHONPATH=/home/janhavi/SwarmRobotics/install/px4_msgs/local/lib/python3.10/dist-packages:${PYTHONPATH} /usr/bin/cmake --install /home/janhavi/SwarmRobotics/build/example_mode_manual_cpp
