[3.220s] Invoking command in '/home/janhavi/SwarmRobotics/src/swarm_teleop': CMAKE_PREFIX_PATH=/home/janhavi/SwarmRobotics/install/px4_msgs:/home/janhavi/SwarmRobotics/install/px4_ros_com:/home/janhavi/SwarmRobotics/install/example_mode_with_executor_cpp:/home/janhavi/SwarmRobotics/install/example_mode_rtl_replacement_cpp:/home/janhavi/SwarmRobotics/install/example_mode_manual_cpp:/home/janhavi/SwarmRobotics/install/example_mode_goto_global_cpp:/home/janhavi/SwarmRobotics/install/example_mode_goto_cpp:/home/janhavi/SwarmRobotics/install/example_mode_fw_attitude_cpp:/home/janhavi/SwarmRobotics/install/example_local_navigation_cpp:/home/janhavi/SwarmRobotics/install/example_global_navigation_cpp:/home/janhavi/SwarmRobotics/install/px4_ros2_cpp LD_LIBRARY_PATH=/home/janhavi/SwarmRobotics/install/px4_msgs/lib:/home/janhavi/SwarmRobotics/install/px4_ros_com/lib:/home/janhavi/SwarmRobotics/install/px4_ros2_cpp/lib:/opt/ros/humble/opt/rviz_ogre_vendor/lib:/opt/ros/humble/lib/x86_64-linux-gnu:/opt/ros/humble/lib PYTHONPATH=/home/janhavi/SwarmRobotics/build/swarm_teleop/prefix_override:/usr/lib/python3/dist-packages/colcon_core/task/python/colcon_distutils_commands:/home/janhavi/SwarmRobotics/install/swarm_teleop/lib/python3.10/site-packages:${PYTHONPATH} /usr/bin/python3 -W ignore:setup.py install is deprecated -W ignore:easy_install command is deprecated setup.py egg_info --egg-base ../../build/swarm_teleop build --build-base /home/janhavi/SwarmRobotics/build/swarm_teleop/build install --record /home/janhavi/SwarmRobotics/build/swarm_teleop/install.log --single-version-externally-managed install_data
[4.237s] running egg_info
[4.279s] writing ../../build/swarm_teleop/swarm_teleop.egg-info/PKG-INFO
[4.280s] writing dependency_links to ../../build/swarm_teleop/swarm_teleop.egg-info/dependency_links.txt
[4.282s] writing entry points to ../../build/swarm_teleop/swarm_teleop.egg-info/entry_points.txt
[4.282s] writing requirements to ../../build/swarm_teleop/swarm_teleop.egg-info/requires.txt
[4.283s] writing top-level names to ../../build/swarm_teleop/swarm_teleop.egg-info/top_level.txt
[4.386s] reading manifest file '../../build/swarm_teleop/swarm_teleop.egg-info/SOURCES.txt'
[4.393s] writing manifest file '../../build/swarm_teleop/swarm_teleop.egg-info/SOURCES.txt'
[4.393s] running build
[4.394s] running build_py
[4.395s] copying swarm_teleop/final_control.py -> /home/janhavi/SwarmRobotics/build/swarm_teleop/build/lib/swarm_teleop
[4.396s] copying swarm_teleop/teleop_control.py -> /home/janhavi/SwarmRobotics/build/swarm_teleop/build/lib/swarm_teleop
[4.397s] copying swarm_teleop/__init__.py -> /home/janhavi/SwarmRobotics/build/swarm_teleop/build/lib/swarm_teleop
[4.398s] copying swarm_teleop/arm_control.py -> /home/janhavi/SwarmRobotics/build/swarm_teleop/build/lib/swarm_teleop
[4.399s] copying swarm_teleop/velocity_control.py -> /home/janhavi/SwarmRobotics/build/swarm_teleop/build/lib/swarm_teleop
[4.402s] running install
[4.419s] running install_lib
[4.471s] copying /home/janhavi/SwarmRobotics/build/swarm_teleop/build/lib/swarm_teleop/final_control.py -> /home/janhavi/SwarmRobotics/install/swarm_teleop/lib/python3.10/site-packages/swarm_teleop
[4.473s] byte-compiling /home/janhavi/SwarmRobotics/install/swarm_teleop/lib/python3.10/site-packages/swarm_teleop/final_control.py to final_control.cpython-310.pyc
[4.483s] running install_data
[4.484s] copying resource/swarm_teleop -> /home/janhavi/SwarmRobotics/install/swarm_teleop/share/ament_index/resource_index/packages
[4.484s] copying package.xml -> /home/janhavi/SwarmRobotics/install/swarm_teleop/share/swarm_teleop
[4.485s] copying launch/swarm_teleop.launch.py -> /home/janhavi/SwarmRobotics/install/swarm_teleop/share/swarm_teleop/launch
[4.486s] running install_egg_info
[4.526s] removing '/home/janhavi/SwarmRobotics/install/swarm_teleop/lib/python3.10/site-packages/swarm_teleop-0.0.1-py3.10.egg-info' (and everything under it)
[4.527s] Copying ../../build/swarm_teleop/swarm_teleop.egg-info to /home/janhavi/SwarmRobotics/install/swarm_teleop/lib/python3.10/site-packages/swarm_teleop-0.0.1-py3.10.egg-info
[4.528s] running install_scripts
[4.948s] Installing arm_control script to /home/janhavi/SwarmRobotics/install/swarm_teleop/lib/swarm_teleop
[4.949s] Installing final_control script to /home/janhavi/SwarmRobotics/install/swarm_teleop/lib/swarm_teleop
[4.950s] writing list of installed files to '/home/janhavi/SwarmRobotics/build/swarm_teleop/install.log'
[5.056s] Invoked command in '/home/janhavi/SwarmRobotics/src/swarm_teleop' returned '0': CMAKE_PREFIX_PATH=/home/janhavi/SwarmRobotics/install/px4_msgs:/home/janhavi/SwarmRobotics/install/px4_ros_com:/home/janhavi/SwarmRobotics/install/example_mode_with_executor_cpp:/home/janhavi/SwarmRobotics/install/example_mode_rtl_replacement_cpp:/home/janhavi/SwarmRobotics/install/example_mode_manual_cpp:/home/janhavi/SwarmRobotics/install/example_mode_goto_global_cpp:/home/janhavi/SwarmRobotics/install/example_mode_goto_cpp:/home/janhavi/SwarmRobotics/install/example_mode_fw_attitude_cpp:/home/janhavi/SwarmRobotics/install/example_local_navigation_cpp:/home/janhavi/SwarmRobotics/install/example_global_navigation_cpp:/home/janhavi/SwarmRobotics/install/px4_ros2_cpp LD_LIBRARY_PATH=/home/janhavi/SwarmRobotics/install/px4_msgs/lib:/home/janhavi/SwarmRobotics/install/px4_ros_com/lib:/home/janhavi/SwarmRobotics/install/px4_ros2_cpp/lib:/opt/ros/humble/opt/rviz_ogre_vendor/lib:/opt/ros/humble/lib/x86_64-linux-gnu:/opt/ros/humble/lib PYTHONPATH=/home/janhavi/SwarmRobotics/build/swarm_teleop/prefix_override:/usr/lib/python3/dist-packages/colcon_core/task/python/colcon_distutils_commands:/home/janhavi/SwarmRobotics/install/swarm_teleop/lib/python3.10/site-packages:${PYTHONPATH} /usr/bin/python3 -W ignore:setup.py install is deprecated -W ignore:easy_install command is deprecated setup.py egg_info --egg-base ../../build/swarm_teleop build --build-base /home/janhavi/SwarmRobotics/build/swarm_teleop/build install --record /home/janhavi/SwarmRobotics/build/swarm_teleop/install.log --single-version-externally-managed install_data
