[0.059s] Invoking command in '/home/janhavi/SwarmRobotics/src/build/example_mode_manual_cpp': AMENT_PREFIX_PATH=/home/janhavi/SwarmRobotics/src/install/px4_ros2_cpp:/home/janhavi/SwarmRobotics/src/install/px4_msgs:${AMENT_PREFIX_PATH} CMAKE_PREFIX_PATH=/home/janhavi/SwarmRobotics/src/install/px4_ros2_cpp:/home/janhavi/SwarmRobotics/src/install/px4_msgs:/home/janhavi/SwarmRobotics/install/px4_ros_com:/home/janhavi/SwarmRobotics/install/example_mode_with_executor_cpp:/home/janhavi/SwarmRobotics/install/example_mode_rtl_replacement_cpp:/home/janhavi/SwarmRobotics/install/example_mode_manual_cpp:/home/janhavi/SwarmRobotics/install/example_mode_goto_global_cpp:/home/janhavi/SwarmRobotics/install/example_mode_goto_cpp:/home/janhavi/SwarmRobotics/install/example_mode_fw_attitude_cpp:/home/janhavi/SwarmRobotics/install/example_local_navigation_cpp:/home/janhavi/SwarmRobotics/install/example_global_navigation_cpp:/home/janhavi/SwarmRobotics/install/px4_ros2_cpp:/home/janhavi/SwarmRobotics/install/px4_msgs:/home/janhavi/SwarmRobotics/install/swarm_teleop:/opt/ros/humble LD_LIBRARY_PATH=/home/janhavi/SwarmRobotics/src/install/px4_ros2_cpp/lib:/home/janhavi/SwarmRobotics/src/install/px4_msgs/lib:${LD_LIBRARY_PATH} PYTHONPATH=/home/janhavi/SwarmRobotics/src/install/px4_msgs/local/lib/python3.10/dist-packages:${PYTHONPATH} /usr/bin/cmake /home/janhavi/SwarmRobotics/src/px4-ros2-interface-lib/examples/cpp/modes/manual -DCMAKE_INSTALL_PREFIX=/home/janhavi/SwarmRobotics/src/install/example_mode_manual_cpp
[0.216s] -- The C compiler identification is GNU 11.4.0
[0.334s] -- The CXX compiler identification is GNU 11.4.0
[0.350s] -- Detecting C compiler ABI info
[0.528s] -- Detecting C compiler ABI info - done
[0.559s] -- Check for working C compiler: /usr/bin/cc - skipped
[0.565s] -- Detecting C compile features
[0.565s] -- Detecting C compile features - done
[0.574s] -- Detecting CXX compiler ABI info
[0.758s] -- Detecting CXX compiler ABI info - done
[0.771s] -- Check for working CXX compiler: /usr/bin/c++ - skipped
[0.771s] -- Detecting CXX compile features
[0.772s] -- Detecting CXX compile features - done
[0.777s] -- Found eigen3_cmake_module: 0.1.1 (/opt/ros/humble/share/eigen3_cmake_module/cmake)
[0.792s] -- Found Eigen3: TRUE (found version "3.4.0") 
[0.796s] -- Found ament_cmake: 1.3.11 (/opt/ros/humble/share/ament_cmake/cmake)
[2.011s] -- Found Python3: /usr/bin/python3 (found version "3.10.12") found components: Interpreter 
[2.252s] -- Found rclcpp: 16.0.11 (/opt/ros/humble/share/rclcpp/cmake)
[2.389s] -- Found rosidl_generator_c: 3.1.6 (/opt/ros/humble/share/rosidl_generator_c/cmake)
[2.405s] -- Found rosidl_adapter: 3.1.6 (/opt/ros/humble/share/rosidl_adapter/cmake)
[2.427s] -- Found rosidl_generator_cpp: 3.1.6 (/opt/ros/humble/share/rosidl_generator_cpp/cmake)
[2.462s] -- Using all available rosidl_typesupport_c: rosidl_typesupport_fastrtps_c;rosidl_typesupport_introspection_c
[2.508s] -- Using all available rosidl_typesupport_cpp: rosidl_typesupport_fastrtps_cpp;rosidl_typesupport_introspection_cpp
[2.637s] -- Found rmw_implementation_cmake: 6.1.2 (/opt/ros/humble/share/rmw_implementation_cmake/cmake)
[2.650s] -- Found rmw_fastrtps_cpp: 6.2.7 (/opt/ros/humble/share/rmw_fastrtps_cpp/cmake)
[2.879s] -- Found OpenSSL: /usr/lib/x86_64-linux-gnu/libcrypto.so (found version "3.0.2")  
[2.952s] -- Found FastRTPS: /opt/ros/humble/include  
[3.070s] -- Using RMW implementation 'rmw_fastrtps_cpp' as default
[3.128s] -- Looking for pthread.h
[3.337s] -- Looking for pthread.h - found
[3.340s] -- Performing Test CMAKE_HAVE_LIBC_PTHREAD
[3.532s] -- Performing Test CMAKE_HAVE_LIBC_PTHREAD - Success
[3.539s] -- Found Threads: TRUE  
[3.730s] -- Found px4_ros2_cpp: 0.0.1 (/home/janhavi/SwarmRobotics/src/install/px4_ros2_cpp/share/px4_ros2_cpp/cmake)
[3.763s] -- Found ament_lint_auto: 0.12.11 (/opt/ros/humble/share/ament_lint_auto/cmake)
[3.991s] -- Added test 'copyright' to check source files copyright and LICENSE
[3.997s] -- Added test 'cppcheck' to perform static code analysis on C / C++ code
[3.997s] -- Configured cppcheck include dirs: /home/janhavi/SwarmRobotics/src/px4-ros2-interface-lib/examples/cpp/modes/manual/include
[3.998s] -- Configured cppcheck exclude dirs and/or files: 
[4.004s] -- Added test 'cpplint' to check C / C++ code against the Google style
[4.005s] -- Configured cpplint exclude dirs and/or files: 
[4.006s] -- Added test 'lint_cmake' to check CMake code style
[4.012s] -- Added test 'uncrustify' to check C / C++ code style
[4.012s] -- Configured uncrustify additional arguments: 
[4.013s] -- Added test 'xmllint' to check XML markup files
[4.037s] -- Configuring done
[4.037s] -- Generating done
[4.045s] -- Build files have been written to: /home/janhavi/SwarmRobotics/src/build/example_mode_manual_cpp
[4.088s] Invoked command in '/home/janhavi/SwarmRobotics/src/build/example_mode_manual_cpp' returned '0': AMENT_PREFIX_PATH=/home/janhavi/SwarmRobotics/src/install/px4_ros2_cpp:/home/janhavi/SwarmRobotics/src/install/px4_msgs:${AMENT_PREFIX_PATH} CMAKE_PREFIX_PATH=/home/janhavi/SwarmRobotics/src/install/px4_ros2_cpp:/home/janhavi/SwarmRobotics/src/install/px4_msgs:/home/janhavi/SwarmRobotics/install/px4_ros_com:/home/janhavi/SwarmRobotics/install/example_mode_with_executor_cpp:/home/janhavi/SwarmRobotics/install/example_mode_rtl_replacement_cpp:/home/janhavi/SwarmRobotics/install/example_mode_manual_cpp:/home/janhavi/SwarmRobotics/install/example_mode_goto_global_cpp:/home/janhavi/SwarmRobotics/install/example_mode_goto_cpp:/home/janhavi/SwarmRobotics/install/example_mode_fw_attitude_cpp:/home/janhavi/SwarmRobotics/install/example_local_navigation_cpp:/home/janhavi/SwarmRobotics/install/example_global_navigation_cpp:/home/janhavi/SwarmRobotics/install/px4_ros2_cpp:/home/janhavi/SwarmRobotics/install/px4_msgs:/home/janhavi/SwarmRobotics/install/swarm_teleop:/opt/ros/humble LD_LIBRARY_PATH=/home/janhavi/SwarmRobotics/src/install/px4_ros2_cpp/lib:/home/janhavi/SwarmRobotics/src/install/px4_msgs/lib:${LD_LIBRARY_PATH} PYTHONPATH=/home/janhavi/SwarmRobotics/src/install/px4_msgs/local/lib/python3.10/dist-packages:${PYTHONPATH} /usr/bin/cmake /home/janhavi/SwarmRobotics/src/px4-ros2-interface-lib/examples/cpp/modes/manual -DCMAKE_INSTALL_PREFIX=/home/janhavi/SwarmRobotics/src/install/example_mode_manual_cpp
[4.092s] Invoking command in '/home/janhavi/SwarmRobotics/src/build/example_mode_manual_cpp': AMENT_PREFIX_PATH=/home/janhavi/SwarmRobotics/src/install/px4_ros2_cpp:/home/janhavi/SwarmRobotics/src/install/px4_msgs:${AMENT_PREFIX_PATH} CMAKE_PREFIX_PATH=/home/janhavi/SwarmRobotics/src/install/px4_ros2_cpp:/home/janhavi/SwarmRobotics/src/install/px4_msgs:/home/janhavi/SwarmRobotics/install/px4_ros_com:/home/janhavi/SwarmRobotics/install/example_mode_with_executor_cpp:/home/janhavi/SwarmRobotics/install/example_mode_rtl_replacement_cpp:/home/janhavi/SwarmRobotics/install/example_mode_manual_cpp:/home/janhavi/SwarmRobotics/install/example_mode_goto_global_cpp:/home/janhavi/SwarmRobotics/install/example_mode_goto_cpp:/home/janhavi/SwarmRobotics/install/example_mode_fw_attitude_cpp:/home/janhavi/SwarmRobotics/install/example_local_navigation_cpp:/home/janhavi/SwarmRobotics/install/example_global_navigation_cpp:/home/janhavi/SwarmRobotics/install/px4_ros2_cpp:/home/janhavi/SwarmRobotics/install/px4_msgs:/home/janhavi/SwarmRobotics/install/swarm_teleop:/opt/ros/humble LD_LIBRARY_PATH=/home/janhavi/SwarmRobotics/src/install/px4_ros2_cpp/lib:/home/janhavi/SwarmRobotics/src/install/px4_msgs/lib:${LD_LIBRARY_PATH} PYTHONPATH=/home/janhavi/SwarmRobotics/src/install/px4_msgs/local/lib/python3.10/dist-packages:${PYTHONPATH} /usr/bin/cmake --build /home/janhavi/SwarmRobotics/src/build/example_mode_manual_cpp -- -j12 -l12
[4.215s] [ 50%] [32mBuilding CXX object CMakeFiles/example_mode_manual.dir/src/main.cpp.o[0m
[16.040s] [100%] [32m[1mLinking CXX executable example_mode_manual[0m
[18.363s] [100%] Built target example_mode_manual
[18.382s] Invoked command in '/home/janhavi/SwarmRobotics/src/build/example_mode_manual_cpp' returned '0': AMENT_PREFIX_PATH=/home/janhavi/SwarmRobotics/src/install/px4_ros2_cpp:/home/janhavi/SwarmRobotics/src/install/px4_msgs:${AMENT_PREFIX_PATH} CMAKE_PREFIX_PATH=/home/janhavi/SwarmRobotics/src/install/px4_ros2_cpp:/home/janhavi/SwarmRobotics/src/install/px4_msgs:/home/janhavi/SwarmRobotics/install/px4_ros_com:/home/janhavi/SwarmRobotics/install/example_mode_with_executor_cpp:/home/janhavi/SwarmRobotics/install/example_mode_rtl_replacement_cpp:/home/janhavi/SwarmRobotics/install/example_mode_manual_cpp:/home/janhavi/SwarmRobotics/install/example_mode_goto_global_cpp:/home/janhavi/SwarmRobotics/install/example_mode_goto_cpp:/home/janhavi/SwarmRobotics/install/example_mode_fw_attitude_cpp:/home/janhavi/SwarmRobotics/install/example_local_navigation_cpp:/home/janhavi/SwarmRobotics/install/example_global_navigation_cpp:/home/janhavi/SwarmRobotics/install/px4_ros2_cpp:/home/janhavi/SwarmRobotics/install/px4_msgs:/home/janhavi/SwarmRobotics/install/swarm_teleop:/opt/ros/humble LD_LIBRARY_PATH=/home/janhavi/SwarmRobotics/src/install/px4_ros2_cpp/lib:/home/janhavi/SwarmRobotics/src/install/px4_msgs/lib:${LD_LIBRARY_PATH} PYTHONPATH=/home/janhavi/SwarmRobotics/src/install/px4_msgs/local/lib/python3.10/dist-packages:${PYTHONPATH} /usr/bin/cmake --build /home/janhavi/SwarmRobotics/src/build/example_mode_manual_cpp -- -j12 -l12
[18.386s] Invoking command in '/home/janhavi/SwarmRobotics/src/build/example_mode_manual_cpp': AMENT_PREFIX_PATH=/home/janhavi/SwarmRobotics/src/install/px4_ros2_cpp:/home/janhavi/SwarmRobotics/src/install/px4_msgs:${AMENT_PREFIX_PATH} CMAKE_PREFIX_PATH=/home/janhavi/SwarmRobotics/src/install/px4_ros2_cpp:/home/janhavi/SwarmRobotics/src/install/px4_msgs:/home/janhavi/SwarmRobotics/install/px4_ros_com:/home/janhavi/SwarmRobotics/install/example_mode_with_executor_cpp:/home/janhavi/SwarmRobotics/install/example_mode_rtl_replacement_cpp:/home/janhavi/SwarmRobotics/install/example_mode_manual_cpp:/home/janhavi/SwarmRobotics/install/example_mode_goto_global_cpp:/home/janhavi/SwarmRobotics/install/example_mode_goto_cpp:/home/janhavi/SwarmRobotics/install/example_mode_fw_attitude_cpp:/home/janhavi/SwarmRobotics/install/example_local_navigation_cpp:/home/janhavi/SwarmRobotics/install/example_global_navigation_cpp:/home/janhavi/SwarmRobotics/install/px4_ros2_cpp:/home/janhavi/SwarmRobotics/install/px4_msgs:/home/janhavi/SwarmRobotics/install/swarm_teleop:/opt/ros/humble LD_LIBRARY_PATH=/home/janhavi/SwarmRobotics/src/install/px4_ros2_cpp/lib:/home/janhavi/SwarmRobotics/src/install/px4_msgs/lib:${LD_LIBRARY_PATH} PYTHONPATH=/home/janhavi/SwarmRobotics/src/install/px4_msgs/local/lib/python3.10/dist-packages:${PYTHONPATH} /usr/bin/cmake --install /home/janhavi/SwarmRobotics/src/build/example_mode_manual_cpp
[18.399s] -- Install configuration: ""
[18.399s] -- Installing: /home/janhavi/SwarmRobotics/src/install/example_mode_manual_cpp/lib/example_mode_manual_cpp/example_mode_manual
[18.400s] -- Set runtime path of "/home/janhavi/SwarmRobotics/src/install/example_mode_manual_cpp/lib/example_mode_manual_cpp/example_mode_manual" to ""
[18.401s] -- Installing: /home/janhavi/SwarmRobotics/src/install/example_mode_manual_cpp/share/ament_index/resource_index/package_run_dependencies/example_mode_manual_cpp
[18.401s] -- Installing: /home/janhavi/SwarmRobotics/src/install/example_mode_manual_cpp/share/ament_index/resource_index/parent_prefix_path/example_mode_manual_cpp
[18.401s] -- Installing: /home/janhavi/SwarmRobotics/src/install/example_mode_manual_cpp/share/example_mode_manual_cpp/environment/ament_prefix_path.sh
[18.401s] -- Installing: /home/janhavi/SwarmRobotics/src/install/example_mode_manual_cpp/share/example_mode_manual_cpp/environment/ament_prefix_path.dsv
[18.402s] -- Installing: /home/janhavi/SwarmRobotics/src/install/example_mode_manual_cpp/share/example_mode_manual_cpp/environment/path.sh
[18.403s] -- Installing: /home/janhavi/SwarmRobotics/src/install/example_mode_manual_cpp/share/example_mode_manual_cpp/environment/path.dsv
[18.403s] -- Installing: /home/janhavi/SwarmRobotics/src/install/example_mode_manual_cpp/share/example_mode_manual_cpp/local_setup.bash
[18.403s] -- Installing: /home/janhavi/SwarmRobotics/src/install/example_mode_manual_cpp/share/example_mode_manual_cpp/local_setup.sh
[18.404s] -- Installing: /home/janhavi/SwarmRobotics/src/install/example_mode_manual_cpp/share/example_mode_manual_cpp/local_setup.zsh
[18.404s] -- Installing: /home/janhavi/SwarmRobotics/src/install/example_mode_manual_cpp/share/example_mode_manual_cpp/local_setup.dsv
[18.404s] -- Installing: /home/janhavi/SwarmRobotics/src/install/example_mode_manual_cpp/share/example_mode_manual_cpp/package.dsv
[18.404s] -- Installing: /home/janhavi/SwarmRobotics/src/install/example_mode_manual_cpp/share/ament_index/resource_index/packages/example_mode_manual_cpp
[18.404s] -- Installing: /home/janhavi/SwarmRobotics/src/install/example_mode_manual_cpp/share/example_mode_manual_cpp/cmake/example_mode_manual_cppConfig.cmake
[18.405s] -- Installing: /home/janhavi/SwarmRobotics/src/install/example_mode_manual_cpp/share/example_mode_manual_cpp/cmake/example_mode_manual_cppConfig-version.cmake
[18.405s] -- Installing: /home/janhavi/SwarmRobotics/src/install/example_mode_manual_cpp/share/example_mode_manual_cpp/package.xml
[18.408s] Invoked command in '/home/janhavi/SwarmRobotics/src/build/example_mode_manual_cpp' returned '0': AMENT_PREFIX_PATH=/home/janhavi/SwarmRobotics/src/install/px4_ros2_cpp:/home/janhavi/SwarmRobotics/src/install/px4_msgs:${AMENT_PREFIX_PATH} CMAKE_PREFIX_PATH=/home/janhavi/SwarmRobotics/src/install/px4_ros2_cpp:/home/janhavi/SwarmRobotics/src/install/px4_msgs:/home/janhavi/SwarmRobotics/install/px4_ros_com:/home/janhavi/SwarmRobotics/install/example_mode_with_executor_cpp:/home/janhavi/SwarmRobotics/install/example_mode_rtl_replacement_cpp:/home/janhavi/SwarmRobotics/install/example_mode_manual_cpp:/home/janhavi/SwarmRobotics/install/example_mode_goto_global_cpp:/home/janhavi/SwarmRobotics/install/example_mode_goto_cpp:/home/janhavi/SwarmRobotics/install/example_mode_fw_attitude_cpp:/home/janhavi/SwarmRobotics/install/example_local_navigation_cpp:/home/janhavi/SwarmRobotics/install/example_global_navigation_cpp:/home/janhavi/SwarmRobotics/install/px4_ros2_cpp:/home/janhavi/SwarmRobotics/install/px4_msgs:/home/janhavi/SwarmRobotics/install/swarm_teleop:/opt/ros/humble LD_LIBRARY_PATH=/home/janhavi/SwarmRobotics/src/install/px4_ros2_cpp/lib:/home/janhavi/SwarmRobotics/src/install/px4_msgs/lib:${LD_LIBRARY_PATH} PYTHONPATH=/home/janhavi/SwarmRobotics/src/install/px4_msgs/local/lib/python3.10/dist-packages:${PYTHONPATH} /usr/bin/cmake --install /home/janhavi/SwarmRobotics/src/build/example_mode_manual_cpp
