[0.833s] Invoking command in '/home/janhavi/SwarmRobotics/src/swarm_teleop': AMENT_PREFIX_PATH=/home/janhavi/SwarmRobotics/install/px4_msgs:${AMENT_PREFIX_PATH} CMAKE_PREFIX_PATH=/home/janhavi/SwarmRobotics/install/px4_msgs LD_LIBRARY_PATH=/home/janhavi/SwarmRobotics/install/px4_msgs/lib:${LD_LIBRARY_PATH} PYTHONPATH=/home/janhavi/SwarmRobotics/build/swarm_teleop/prefix_override:/usr/lib/python3/dist-packages/colcon_core/task/python/colcon_distutils_commands:/home/janhavi/SwarmRobotics/install/swarm_teleop/lib/python3.10/site-packages:/home/janhavi/SwarmRobotics/install/px4_msgs/local/lib/python3.10/dist-packages:${PYTHONPATH} /usr/bin/python3 -W ignore:setup.py install is deprecated -W ignore:easy_install command is deprecated setup.py egg_info --egg-base ../../build/swarm_teleop build --build-base /home/janhavi/SwarmRobotics/build/swarm_teleop/build install --record /home/janhavi/SwarmRobotics/build/swarm_teleop/install.log --single-version-externally-managed install_data
[1.027s] running egg_info
[1.035s] writing ../../build/swarm_teleop/swarm_teleop.egg-info/PKG-INFO
[1.036s] writing dependency_links to ../../build/swarm_teleop/swarm_teleop.egg-info/dependency_links.txt
[1.036s] writing entry points to ../../build/swarm_teleop/swarm_teleop.egg-info/entry_points.txt
[1.036s] writing requirements to ../../build/swarm_teleop/swarm_teleop.egg-info/requires.txt
[1.036s] writing top-level names to ../../build/swarm_teleop/swarm_teleop.egg-info/top_level.txt
[1.053s] reading manifest file '../../build/swarm_teleop/swarm_teleop.egg-info/SOURCES.txt'
[1.054s] writing manifest file '../../build/swarm_teleop/swarm_teleop.egg-info/SOURCES.txt'
[1.055s] running build
[1.055s] running build_py
[1.055s] copying swarm_teleop/teleop_control.py -> /home/janhavi/SwarmRobotics/build/swarm_teleop/build/lib/swarm_teleop
[1.055s] copying swarm_teleop/__init__.py -> /home/janhavi/SwarmRobotics/build/swarm_teleop/build/lib/swarm_teleop
[1.055s] copying swarm_teleop/velocity_control.py -> /home/janhavi/SwarmRobotics/build/swarm_teleop/build/lib/swarm_teleop
[1.055s] running install
[1.058s] running install_lib
[1.067s] copying /home/janhavi/SwarmRobotics/build/swarm_teleop/build/lib/swarm_teleop/teleop_control.py -> /home/janhavi/SwarmRobotics/install/swarm_teleop/lib/python3.10/site-packages/swarm_teleop
[1.067s] copying /home/janhavi/SwarmRobotics/build/swarm_teleop/build/lib/swarm_teleop/velocity_control.py -> /home/janhavi/SwarmRobotics/install/swarm_teleop/lib/python3.10/site-packages/swarm_teleop
[1.067s] byte-compiling /home/janhavi/SwarmRobotics/install/swarm_teleop/lib/python3.10/site-packages/swarm_teleop/teleop_control.py to teleop_control.cpython-310.pyc
[1.068s] byte-compiling /home/janhavi/SwarmRobotics/install/swarm_teleop/lib/python3.10/site-packages/swarm_teleop/velocity_control.py to velocity_control.cpython-310.pyc
[1.070s] running install_data
[1.070s] copying resource/swarm_teleop -> /home/janhavi/SwarmRobotics/install/swarm_teleop/share/ament_index/resource_index/packages
[1.070s] copying package.xml -> /home/janhavi/SwarmRobotics/install/swarm_teleop/share/swarm_teleop
[1.070s] copying launch/swarm_teleop.launch.py -> /home/janhavi/SwarmRobotics/install/swarm_teleop/share/swarm_teleop/launch
[1.070s] running install_egg_info
[1.079s] removing '/home/janhavi/SwarmRobotics/install/swarm_teleop/lib/python3.10/site-packages/swarm_teleop-0.0.1-py3.10.egg-info' (and everything under it)
[1.080s] Copying ../../build/swarm_teleop/swarm_teleop.egg-info to /home/janhavi/SwarmRobotics/install/swarm_teleop/lib/python3.10/site-packages/swarm_teleop-0.0.1-py3.10.egg-info
[1.080s] running install_scripts
[1.150s] Installing teleop_control script to /home/janhavi/SwarmRobotics/install/swarm_teleop/lib/swarm_teleop
[1.150s] Installing velocity_control script to /home/janhavi/SwarmRobotics/install/swarm_teleop/lib/swarm_teleop
[1.150s] writing list of installed files to '/home/janhavi/SwarmRobotics/build/swarm_teleop/install.log'
[1.178s] Invoked command in '/home/janhavi/SwarmRobotics/src/swarm_teleop' returned '0': AMENT_PREFIX_PATH=/home/janhavi/SwarmRobotics/install/px4_msgs:${AMENT_PREFIX_PATH} CMAKE_PREFIX_PATH=/home/janhavi/SwarmRobotics/install/px4_msgs LD_LIBRARY_PATH=/home/janhavi/SwarmRobotics/install/px4_msgs/lib:${LD_LIBRARY_PATH} PYTHONPATH=/home/janhavi/SwarmRobotics/build/swarm_teleop/prefix_override:/usr/lib/python3/dist-packages/colcon_core/task/python/colcon_distutils_commands:/home/janhavi/SwarmRobotics/install/swarm_teleop/lib/python3.10/site-packages:/home/janhavi/SwarmRobotics/install/px4_msgs/local/lib/python3.10/dist-packages:${PYTHONPATH} /usr/bin/python3 -W ignore:setup.py install is deprecated -W ignore:easy_install command is deprecated setup.py egg_info --egg-base ../../build/swarm_teleop build --build-base /home/janhavi/SwarmRobotics/build/swarm_teleop/build install --record /home/janhavi/SwarmRobotics/build/swarm_teleop/install.log --single-version-externally-managed install_data
