[0.022s] Invoking command in '/home/janhavi/SwarmRobotics/build/px4_ros2_cpp': AMENT_PREFIX_PATH=/home/janhavi/SwarmRobotics/install/px4_msgs:${AMENT_PREFIX_PATH} CMAKE_PREFIX_PATH=/home/janhavi/SwarmRobotics/install/px4_msgs:/opt/ros/humble LD_LIBRARY_PATH=/home/janhavi/SwarmRobotics/install/px4_msgs/lib:${LD_LIBRARY_PATH} PYTHONPATH=/home/janhavi/SwarmRobotics/install/px4_msgs/local/lib/python3.10/dist-packages:${PYTHONPATH} /usr/bin/cmake --build /home/janhavi/SwarmRobotics/build/px4_ros2_cpp -- -j12 -l12
[0.134s] [  2%] [32mBuilding CXX object gtest/CMakeFiles/gtest_main.dir/src/gtest_main.cc.o[0m
[0.137s] [  4%] [32mBuilding CXX object gtest/CMakeFiles/gtest.dir/src/gtest-all.cc.o[0m
[0.146s] [  6%] [32mBuilding CXX object CMakeFiles/unit_utils.dir/test/unit/utils/util.cpp.o[0m
[0.161s] [  8%] [32mBuilding CXX object CMakeFiles/integration_utils.dir/test/integration/util.cpp.o[0m
[0.234s] [ 10%] [32mBuilding CXX object CMakeFiles/px4_ros2_cpp.dir/src/components/mode.cpp.o[0m
[0.235s] [ 12%] [32mBuilding CXX object CMakeFiles/px4_ros2_cpp.dir/src/components/health_and_arming_checks.cpp.o[0m
[0.236s] [ 14%] [32mBuilding CXX object CMakeFiles/px4_ros2_cpp.dir/src/components/manual_control_input.cpp.o[0m
[0.246s] [ 17%] [32mBuilding CXX object CMakeFiles/px4_ros2_cpp.dir/src/components/message_compatibility_check.cpp.o[0m
[0.253s] [ 19%] [32mBuilding CXX object CMakeFiles/px4_ros2_cpp.dir/src/components/overrides.cpp.o[0m
[0.255s] [ 21%] [32mBuilding CXX object CMakeFiles/px4_ros2_cpp.dir/src/components/mode_executor.cpp.o[0m
[1.314s] [ 23%] [32mBuilding CXX object CMakeFiles/px4_ros2_cpp.dir/src/components/wait_for_fmu.cpp.o[0m
[1.336s] [ 25%] [32mBuilding CXX object CMakeFiles/px4_ros2_cpp.dir/src/components/registration.cpp.o[0m
[5.567s] [ 27%] [32m[1mLinking CXX static library libgtest_main.a[0m
[5.784s] [ 27%] Built target gtest_main
[15.024s] [ 29%] [32m[1mLinking CXX shared library libunit_utils.so[0m
[15.497s] [ 29%] Built target unit_utils
[17.183s] [ 31%] [32m[1mLinking CXX static library libgtest.a[0m
[17.523s] [ 31%] Built target gtest
[31.463s] [ 34%] [32m[1mLinking CXX shared library libintegration_utils.so[0m
[32.209s] [ 34%] Built target integration_utils
[37.950s] [ 36%] [32mBuilding CXX object CMakeFiles/px4_ros2_cpp.dir/src/odometry/local_position.cpp.o[0m
[44.432s] [ 38%] [32mBuilding CXX object CMakeFiles/px4_ros2_cpp.dir/src/odometry/angular_velocity.cpp.o[0m
[50.160s] [ 40%] [32mBuilding CXX object CMakeFiles/px4_ros2_cpp.dir/src/utils/geodesic.cpp.o[0m
[55.805s] [ 42%] [32mBuilding CXX object CMakeFiles/px4_ros2_cpp.dir/src/odometry/global_position.cpp.o[0m
[55.807s] [ 44%] [32mBuilding CXX object CMakeFiles/px4_ros2_cpp.dir/src/utils/map_projection_impl.cpp.o[0m
[55.808s] [ 46%] [32mBuilding CXX object CMakeFiles/px4_ros2_cpp.dir/src/odometry/attitude.cpp.o[0m
[55.808s] [ 48%] [32mBuilding CXX object CMakeFiles/px4_ros2_cpp.dir/src/navigation/experimental/local_position_measurement_interface.cpp.o[0m
[57.209s] [ 53%] [32mBuilding CXX object CMakeFiles/px4_ros2_cpp.dir/src/control/setpoint_types/experimental/rates.cpp.o[0m
[57.209s] [ 53%] [32mBuilding CXX object CMakeFiles/px4_ros2_cpp.dir/src/navigation/experimental/global_position_measurement_interface.cpp.o[0m
[57.211s] [ 55%] [32mBuilding CXX object CMakeFiles/px4_ros2_cpp.dir/src/control/setpoint_types/experimental/trajectory.cpp.o[0m
[63.318s] [ 59%] [32mBuilding CXX object CMakeFiles/px4_ros2_cpp.dir/src/control/peripheral_actuators.cpp.o[0m
[63.318s] [ 59%] [32mBuilding CXX object CMakeFiles/px4_ros2_cpp.dir/src/control/setpoint_types/direct_actuators.cpp.o[0m
[63.321s] [ 61%] [32mBuilding CXX object CMakeFiles/px4_ros2_cpp.dir/src/control/setpoint_types/goto.cpp.o[0m
[63.322s] [ 63%] [32mBuilding CXX object CMakeFiles/px4_ros2_cpp.dir/src/control/setpoint_types/experimental/attitude.cpp.o[0m
[72.015s] [ 65%] [32m[1mLinking CXX shared library libpx4_ros2_cpp.so[0m
[75.173s] [ 65%] Built target px4_ros2_cpp
[75.225s] [ 68%] [32mBuilding CXX object CMakeFiles/integration_tests.dir/test/integration/arming_check.cpp.o[0m
[75.225s] [ 72%] [32mBuilding CXX object CMakeFiles/integration_tests.dir/test/integration/local_navigation.cpp.o[0m
[75.225s] [ 72%] [32mBuilding CXX object CMakeFiles/integration_tests.dir/test/integration/global_navigation.cpp.o[0m
[75.225s] [ 74%] [32mBuilding CXX object CMakeFiles/px4_ros2_cpp_unit_tests.dir/test/unit/main.cpp.o[0m
[75.226s] [ 76%] [32mBuilding CXX object CMakeFiles/px4_ros2_cpp_unit_tests.dir/test/unit/local_navigation.cpp.o[0m
[75.226s] [ 78%] [32mBuilding CXX object CMakeFiles/integration_tests.dir/test/integration/mode.cpp.o[0m
[75.227s] [ 80%] [32mBuilding CXX object CMakeFiles/px4_ros2_cpp_unit_tests.dir/test/unit/utils/frame_conversion.cpp.o[0m
[75.234s] [ 82%] [32mBuilding CXX object CMakeFiles/integration_tests.dir/test/integration/mode_executor.cpp.o[0m
[75.234s] [ 85%] [32mBuilding CXX object CMakeFiles/integration_tests.dir/test/integration/overrides.cpp.o[0m
[75.237s] [ 87%] [32mBuilding CXX object CMakeFiles/px4_ros2_cpp_unit_tests.dir/test/unit/utils/geodesic.cpp.o[0m
[75.242s] [ 89%] [32mBuilding CXX object CMakeFiles/px4_ros2_cpp_unit_tests.dir/test/unit/global_navigation.cpp.o[0m
[75.259s] [ 91%] [32mBuilding CXX object CMakeFiles/px4_ros2_cpp_unit_tests.dir/test/unit/modes.cpp.o[0m
[84.464s] [ 93%] [32mBuilding CXX object CMakeFiles/px4_ros2_cpp_unit_tests.dir/test/unit/utils/geometry.cpp.o[0m
[85.653s] [ 95%] [32mBuilding CXX object CMakeFiles/px4_ros2_cpp_unit_tests.dir/test/unit/utils/map_projection_impl.cpp.o[0m
[95.302s] [ 97%] [32m[1mLinking CXX executable integration_tests[0m
[96.455s] [ 97%] Built target integration_tests
[96.599s] [100%] [32m[1mLinking CXX executable px4_ros2_cpp_unit_tests[0m
[97.392s] [100%] Built target px4_ros2_cpp_unit_tests
[97.406s] Invoked command in '/home/janhavi/SwarmRobotics/build/px4_ros2_cpp' returned '0': AMENT_PREFIX_PATH=/home/janhavi/SwarmRobotics/install/px4_msgs:${AMENT_PREFIX_PATH} CMAKE_PREFIX_PATH=/home/janhavi/SwarmRobotics/install/px4_msgs:/opt/ros/humble LD_LIBRARY_PATH=/home/janhavi/SwarmRobotics/install/px4_msgs/lib:${LD_LIBRARY_PATH} PYTHONPATH=/home/janhavi/SwarmRobotics/install/px4_msgs/local/lib/python3.10/dist-packages:${PYTHONPATH} /usr/bin/cmake --build /home/janhavi/SwarmRobotics/build/px4_ros2_cpp -- -j12 -l12
[97.408s] Invoking command in '/home/janhavi/SwarmRobotics/build/px4_ros2_cpp': AMENT_PREFIX_PATH=/home/janhavi/SwarmRobotics/install/px4_msgs:${AMENT_PREFIX_PATH} CMAKE_PREFIX_PATH=/home/janhavi/SwarmRobotics/install/px4_msgs:/opt/ros/humble LD_LIBRARY_PATH=/home/janhavi/SwarmRobotics/install/px4_msgs/lib:${LD_LIBRARY_PATH} PYTHONPATH=/home/janhavi/SwarmRobotics/install/px4_msgs/local/lib/python3.10/dist-packages:${PYTHONPATH} /usr/bin/cmake --install /home/janhavi/SwarmRobotics/build/px4_ros2_cpp
[97.412s] -- Install configuration: ""
[97.413s] -- Execute custom install script
[97.413s] -- Up-to-date symlink: /home/janhavi/SwarmRobotics/install/px4_ros2_cpp/share/px4_ros2_cpp/environment/library_path.sh
[97.413s] -- Up-to-date symlink: /home/janhavi/SwarmRobotics/install/px4_ros2_cpp/share/px4_ros2_cpp/environment/library_path.dsv
[97.414s] -- Up-to-date symlink: /home/janhavi/SwarmRobotics/install/px4_ros2_cpp/include/px4_ros2/common/context.hpp
[97.414s] -- Up-to-date symlink: /home/janhavi/SwarmRobotics/install/px4_ros2_cpp/include/px4_ros2/common/frame.hpp
[97.414s] -- Up-to-date symlink: /home/janhavi/SwarmRobotics/install/px4_ros2_cpp/include/px4_ros2/common/requirement_flags.hpp
[97.414s] -- Up-to-date symlink: /home/janhavi/SwarmRobotics/install/px4_ros2_cpp/include/px4_ros2/common/setpoint_base.hpp
[97.414s] -- Up-to-date symlink: /home/janhavi/SwarmRobotics/install/px4_ros2_cpp/include/px4_ros2/components/events.hpp
[97.414s] -- Up-to-date symlink: /home/janhavi/SwarmRobotics/install/px4_ros2_cpp/include/px4_ros2/components/groups.dox
[97.414s] -- Up-to-date symlink: /home/janhavi/SwarmRobotics/install/px4_ros2_cpp/include/px4_ros2/components/health_and_arming_checks.hpp
[97.414s] -- Up-to-date symlink: /home/janhavi/SwarmRobotics/install/px4_ros2_cpp/include/px4_ros2/components/manual_control_input.hpp
[97.414s] -- Up-to-date symlink: /home/janhavi/SwarmRobotics/install/px4_ros2_cpp/include/px4_ros2/components/message_compatibility_check.hpp
[97.414s] -- Up-to-date symlink: /home/janhavi/SwarmRobotics/install/px4_ros2_cpp/include/px4_ros2/components/mode.hpp
[97.415s] -- Up-to-date symlink: /home/janhavi/SwarmRobotics/install/px4_ros2_cpp/include/px4_ros2/components/mode_executor.hpp
[97.415s] -- Up-to-date symlink: /home/janhavi/SwarmRobotics/install/px4_ros2_cpp/include/px4_ros2/components/node_with_mode.hpp
[97.415s] -- Up-to-date symlink: /home/janhavi/SwarmRobotics/install/px4_ros2_cpp/include/px4_ros2/components/overrides.hpp
[97.415s] -- Up-to-date symlink: /home/janhavi/SwarmRobotics/install/px4_ros2_cpp/include/px4_ros2/components/wait_for_fmu.hpp
[97.415s] -- Up-to-date symlink: /home/janhavi/SwarmRobotics/install/px4_ros2_cpp/include/px4_ros2/control/groups.dox
[97.415s] -- Up-to-date symlink: /home/janhavi/SwarmRobotics/install/px4_ros2_cpp/include/px4_ros2/control/peripheral_actuators.hpp
[97.415s] -- Up-to-date symlink: /home/janhavi/SwarmRobotics/install/px4_ros2_cpp/include/px4_ros2/control/setpoint_types/direct_actuators.hpp
[97.415s] -- Up-to-date symlink: /home/janhavi/SwarmRobotics/install/px4_ros2_cpp/include/px4_ros2/control/setpoint_types/experimental/attitude.hpp
[97.415s] -- Up-to-date symlink: /home/janhavi/SwarmRobotics/install/px4_ros2_cpp/include/px4_ros2/control/setpoint_types/experimental/rates.hpp
[97.415s] -- Up-to-date symlink: /home/janhavi/SwarmRobotics/install/px4_ros2_cpp/include/px4_ros2/control/setpoint_types/experimental/trajectory.hpp
[97.415s] -- Up-to-date symlink: /home/janhavi/SwarmRobotics/install/px4_ros2_cpp/include/px4_ros2/control/setpoint_types/goto.hpp
[97.416s] -- Up-to-date symlink: /home/janhavi/SwarmRobotics/install/px4_ros2_cpp/include/px4_ros2/control/setpoint_types/groups.dox
[97.416s] -- Up-to-date symlink: /home/janhavi/SwarmRobotics/install/px4_ros2_cpp/include/px4_ros2/navigation/experimental/global_position_measurement_interface.hpp
[97.416s] -- Up-to-date symlink: /home/janhavi/SwarmRobotics/install/px4_ros2_cpp/include/px4_ros2/navigation/experimental/local_position_measurement_interface.hpp
[97.416s] -- Up-to-date symlink: /home/janhavi/SwarmRobotics/install/px4_ros2_cpp/include/px4_ros2/navigation/experimental/navigation_interface_base.hpp
[97.416s] -- Up-to-date symlink: /home/janhavi/SwarmRobotics/install/px4_ros2_cpp/include/px4_ros2/navigation/groups.dox
[97.416s] -- Up-to-date symlink: /home/janhavi/SwarmRobotics/install/px4_ros2_cpp/include/px4_ros2/odometry/angular_velocity.hpp
[97.416s] -- Up-to-date symlink: /home/janhavi/SwarmRobotics/install/px4_ros2_cpp/include/px4_ros2/odometry/attitude.hpp
[97.416s] -- Up-to-date symlink: /home/janhavi/SwarmRobotics/install/px4_ros2_cpp/include/px4_ros2/odometry/global_position.hpp
[97.416s] -- Up-to-date symlink: /home/janhavi/SwarmRobotics/install/px4_ros2_cpp/include/px4_ros2/odometry/groups.dox
[97.416s] -- Up-to-date symlink: /home/janhavi/SwarmRobotics/install/px4_ros2_cpp/include/px4_ros2/odometry/local_position.hpp
[97.416s] -- Up-to-date symlink: /home/janhavi/SwarmRobotics/install/px4_ros2_cpp/include/px4_ros2/utils/frame_conversion.hpp
[97.416s] -- Up-to-date symlink: /home/janhavi/SwarmRobotics/install/px4_ros2_cpp/include/px4_ros2/utils/geodesic.hpp
[97.416s] -- Up-to-date symlink: /home/janhavi/SwarmRobotics/install/px4_ros2_cpp/include/px4_ros2/utils/geometry.hpp
[97.416s] -- Up-to-date symlink: /home/janhavi/SwarmRobotics/install/px4_ros2_cpp/include/px4_ros2/utils/groups.dox
[97.417s] -- Up-to-date symlink: /home/janhavi/SwarmRobotics/install/px4_ros2_cpp/include/px4_ros2/utils/subscription.hpp
[97.417s] -- Up-to-date symlink: /home/janhavi/SwarmRobotics/install/px4_ros2_cpp/include/px4_ros2/vehicle_state/battery.hpp
[97.417s] -- Up-to-date symlink: /home/janhavi/SwarmRobotics/install/px4_ros2_cpp/include/px4_ros2/vehicle_state/groups.dox
[97.417s] -- Up-to-date symlink: /home/janhavi/SwarmRobotics/install/px4_ros2_cpp/include/px4_ros2/vehicle_state/home_position.hpp
[97.417s] -- Up-to-date symlink: /home/janhavi/SwarmRobotics/install/px4_ros2_cpp/include/px4_ros2/vehicle_state/land_detected.hpp
[97.417s] -- Up-to-date symlink: /home/janhavi/SwarmRobotics/install/px4_ros2_cpp/include/px4_ros2/vehicle_state/vehicle_status.hpp
[97.417s] -- Up-to-date symlink: /home/janhavi/SwarmRobotics/install/px4_ros2_cpp/include/px4_ros2/vehicle_state/vtol_status.hpp
[97.417s] -- Up-to-date symlink: /home/janhavi/SwarmRobotics/install/px4_ros2_cpp/share/ament_index/resource_index/package_run_dependencies/px4_ros2_cpp
[97.417s] -- Up-to-date symlink: /home/janhavi/SwarmRobotics/install/px4_ros2_cpp/share/ament_index/resource_index/parent_prefix_path/px4_ros2_cpp
[97.417s] -- Up-to-date symlink: /home/janhavi/SwarmRobotics/install/px4_ros2_cpp/share/px4_ros2_cpp/environment/ament_prefix_path.sh
[97.417s] -- Up-to-date symlink: /home/janhavi/SwarmRobotics/install/px4_ros2_cpp/share/px4_ros2_cpp/environment/ament_prefix_path.dsv
[97.417s] -- Up-to-date symlink: /home/janhavi/SwarmRobotics/install/px4_ros2_cpp/share/px4_ros2_cpp/environment/path.sh
[97.417s] -- Up-to-date symlink: /home/janhavi/SwarmRobotics/install/px4_ros2_cpp/share/px4_ros2_cpp/environment/path.dsv
[97.417s] -- Up-to-date symlink: /home/janhavi/SwarmRobotics/install/px4_ros2_cpp/share/px4_ros2_cpp/local_setup.bash
[97.417s] -- Up-to-date symlink: /home/janhavi/SwarmRobotics/install/px4_ros2_cpp/share/px4_ros2_cpp/local_setup.sh
[97.418s] -- Up-to-date symlink: /home/janhavi/SwarmRobotics/install/px4_ros2_cpp/share/px4_ros2_cpp/local_setup.zsh
[97.418s] -- Up-to-date symlink: /home/janhavi/SwarmRobotics/install/px4_ros2_cpp/share/px4_ros2_cpp/local_setup.dsv
[97.418s] -- Symlinking: /home/janhavi/SwarmRobotics/install/px4_ros2_cpp/share/px4_ros2_cpp/package.dsv
[97.423s] -- Up-to-date symlink: /home/janhavi/SwarmRobotics/install/px4_ros2_cpp/share/ament_index/resource_index/packages/px4_ros2_cpp
[97.424s] -- Up-to-date symlink: /home/janhavi/SwarmRobotics/install/px4_ros2_cpp/share/px4_ros2_cpp/cmake/ament_cmake_export_targets-extras.cmake
[97.424s] -- Up-to-date symlink: /home/janhavi/SwarmRobotics/install/px4_ros2_cpp/share/px4_ros2_cpp/cmake/ament_cmake_export_dependencies-extras.cmake
[97.424s] -- Up-to-date symlink: /home/janhavi/SwarmRobotics/install/px4_ros2_cpp/share/px4_ros2_cpp/cmake/px4_ros2_cppConfig.cmake
[97.424s] -- Up-to-date symlink: /home/janhavi/SwarmRobotics/install/px4_ros2_cpp/share/px4_ros2_cpp/cmake/px4_ros2_cppConfig-version.cmake
[97.424s] -- Up-to-date symlink: /home/janhavi/SwarmRobotics/install/px4_ros2_cpp/share/px4_ros2_cpp/package.xml
[97.424s] -- Installing: /home/janhavi/SwarmRobotics/install/px4_ros2_cpp/lib/libpx4_ros2_cpp.so
[97.461s] -- Set runtime path of "/home/janhavi/SwarmRobotics/install/px4_ros2_cpp/lib/libpx4_ros2_cpp.so" to ""
[97.461s] -- Up-to-date: /home/janhavi/SwarmRobotics/install/px4_ros2_cpp/share/px4_ros2_cpp/cmake/px4_ros2_cppExport.cmake
[97.461s] -- Up-to-date: /home/janhavi/SwarmRobotics/install/px4_ros2_cpp/share/px4_ros2_cpp/cmake/px4_ros2_cppExport-noconfig.cmake
[97.463s] Invoked command in '/home/janhavi/SwarmRobotics/build/px4_ros2_cpp' returned '0': AMENT_PREFIX_PATH=/home/janhavi/SwarmRobotics/install/px4_msgs:${AMENT_PREFIX_PATH} CMAKE_PREFIX_PATH=/home/janhavi/SwarmRobotics/install/px4_msgs:/opt/ros/humble LD_LIBRARY_PATH=/home/janhavi/SwarmRobotics/install/px4_msgs/lib:${LD_LIBRARY_PATH} PYTHONPATH=/home/janhavi/SwarmRobotics/install/px4_msgs/local/lib/python3.10/dist-packages:${PYTHONPATH} /usr/bin/cmake --install /home/janhavi/SwarmRobotics/build/px4_ros2_cpp
