[0.069s] Invoking command in '/home/janhavi/SwarmRobotics/build/px4_ros2_cpp': CMAKE_PREFIX_PATH=/home/janhavi/SwarmRobotics/install/px4_msgs:/home/janhavi/SwarmRobotics/install/px4_ros_com:/home/janhavi/SwarmRobotics/install/example_mode_with_executor_cpp:/home/janhavi/SwarmRobotics/install/example_mode_rtl_replacement_cpp:/home/janhavi/SwarmRobotics/install/example_mode_manual_cpp:/home/janhavi/SwarmRobotics/install/example_mode_goto_global_cpp:/home/janhavi/SwarmRobotics/install/example_mode_goto_cpp:/home/janhavi/SwarmRobotics/install/example_mode_fw_attitude_cpp:/home/janhavi/SwarmRobotics/install/example_local_navigation_cpp:/home/janhavi/SwarmRobotics/install/example_global_navigation_cpp:/home/janhavi/SwarmRobotics/install/px4_ros2_cpp:/home/janhavi/SwarmRobotics/install/swarm_teleop:/opt/ros/humble LD_LIBRARY_PATH=/home/janhavi/SwarmRobotics/install/px4_msgs/lib:/home/janhavi/SwarmRobotics/install/px4_ros_com/lib:/home/janhavi/SwarmRobotics/install/px4_ros2_cpp/lib:/opt/ros/humble/opt/rviz_ogre_vendor/lib:/opt/ros/humble/lib/x86_64-linux-gnu:/opt/ros/humble/lib /usr/bin/cmake --build /home/janhavi/SwarmRobotics/build/px4_ros2_cpp -- -j12 -l12
[0.314s] [  4%] Built target gtest_main
[0.343s] [  8%] Built target gtest
[0.369s] [ 12%] Built target unit_utils
[0.403s] [ 17%] Built target integration_utils
[0.544s] [ 65%] Built target px4_ros2_cpp
[0.698s] [ 80%] Built target integration_tests
[0.700s] [100%] Built target px4_ros2_cpp_unit_tests
[1.141s] Invoked command in '/home/janhavi/SwarmRobotics/build/px4_ros2_cpp' returned '0': CMAKE_PREFIX_PATH=/home/janhavi/SwarmRobotics/install/px4_msgs:/home/janhavi/SwarmRobotics/install/px4_ros_com:/home/janhavi/SwarmRobotics/install/example_mode_with_executor_cpp:/home/janhavi/SwarmRobotics/install/example_mode_rtl_replacement_cpp:/home/janhavi/SwarmRobotics/install/example_mode_manual_cpp:/home/janhavi/SwarmRobotics/install/example_mode_goto_global_cpp:/home/janhavi/SwarmRobotics/install/example_mode_goto_cpp:/home/janhavi/SwarmRobotics/install/example_mode_fw_attitude_cpp:/home/janhavi/SwarmRobotics/install/example_local_navigation_cpp:/home/janhavi/SwarmRobotics/install/example_global_navigation_cpp:/home/janhavi/SwarmRobotics/install/px4_ros2_cpp:/home/janhavi/SwarmRobotics/install/swarm_teleop:/opt/ros/humble LD_LIBRARY_PATH=/home/janhavi/SwarmRobotics/install/px4_msgs/lib:/home/janhavi/SwarmRobotics/install/px4_ros_com/lib:/home/janhavi/SwarmRobotics/install/px4_ros2_cpp/lib:/opt/ros/humble/opt/rviz_ogre_vendor/lib:/opt/ros/humble/lib/x86_64-linux-gnu:/opt/ros/humble/lib /usr/bin/cmake --build /home/janhavi/SwarmRobotics/build/px4_ros2_cpp -- -j12 -l12
[1.148s] Invoking command in '/home/janhavi/SwarmRobotics/build/px4_ros2_cpp': CMAKE_PREFIX_PATH=/home/janhavi/SwarmRobotics/install/px4_msgs:/home/janhavi/SwarmRobotics/install/px4_ros_com:/home/janhavi/SwarmRobotics/install/example_mode_with_executor_cpp:/home/janhavi/SwarmRobotics/install/example_mode_rtl_replacement_cpp:/home/janhavi/SwarmRobotics/install/example_mode_manual_cpp:/home/janhavi/SwarmRobotics/install/example_mode_goto_global_cpp:/home/janhavi/SwarmRobotics/install/example_mode_goto_cpp:/home/janhavi/SwarmRobotics/install/example_mode_fw_attitude_cpp:/home/janhavi/SwarmRobotics/install/example_local_navigation_cpp:/home/janhavi/SwarmRobotics/install/example_global_navigation_cpp:/home/janhavi/SwarmRobotics/install/px4_ros2_cpp:/home/janhavi/SwarmRobotics/install/swarm_teleop:/opt/ros/humble LD_LIBRARY_PATH=/home/janhavi/SwarmRobotics/install/px4_msgs/lib:/home/janhavi/SwarmRobotics/install/px4_ros_com/lib:/home/janhavi/SwarmRobotics/install/px4_ros2_cpp/lib:/opt/ros/humble/opt/rviz_ogre_vendor/lib:/opt/ros/humble/lib/x86_64-linux-gnu:/opt/ros/humble/lib /usr/bin/cmake --install /home/janhavi/SwarmRobotics/build/px4_ros2_cpp
[1.176s] -- Install configuration: ""
[1.179s] -- Execute custom install script
[1.179s] -- Up-to-date symlink: /home/janhavi/SwarmRobotics/install/px4_ros2_cpp/share/px4_ros2_cpp/environment/library_path.sh
[1.180s] -- Up-to-date symlink: /home/janhavi/SwarmRobotics/install/px4_ros2_cpp/share/px4_ros2_cpp/environment/library_path.dsv
[1.182s] -- Up-to-date symlink: /home/janhavi/SwarmRobotics/install/px4_ros2_cpp/include/px4_ros2/common/context.hpp
[1.182s] -- Up-to-date symlink: /home/janhavi/SwarmRobotics/install/px4_ros2_cpp/include/px4_ros2/common/frame.hpp
[1.183s] -- Up-to-date symlink: /home/janhavi/SwarmRobotics/install/px4_ros2_cpp/include/px4_ros2/common/requirement_flags.hpp
[1.183s] -- Up-to-date symlink: /home/janhavi/SwarmRobotics/install/px4_ros2_cpp/include/px4_ros2/common/setpoint_base.hpp
[1.183s] -- Up-to-date symlink: /home/janhavi/SwarmRobotics/install/px4_ros2_cpp/include/px4_ros2/components/events.hpp
[1.183s] -- Up-to-date symlink: /home/janhavi/SwarmRobotics/install/px4_ros2_cpp/include/px4_ros2/components/groups.dox
[1.184s] -- Up-to-date symlink: /home/janhavi/SwarmRobotics/install/px4_ros2_cpp/include/px4_ros2/components/health_and_arming_checks.hpp
[1.185s] -- Up-to-date symlink: /home/janhavi/SwarmRobotics/install/px4_ros2_cpp/include/px4_ros2/components/manual_control_input.hpp
[1.185s] -- Up-to-date symlink: /home/janhavi/SwarmRobotics/install/px4_ros2_cpp/include/px4_ros2/components/message_compatibility_check.hpp
[1.186s] -- Up-to-date symlink: /home/janhavi/SwarmRobotics/install/px4_ros2_cpp/include/px4_ros2/components/mode.hpp
[1.186s] -- Up-to-date symlink: /home/janhavi/SwarmRobotics/install/px4_ros2_cpp/include/px4_ros2/components/mode_executor.hpp
[1.186s] -- Up-to-date symlink: /home/janhavi/SwarmRobotics/install/px4_ros2_cpp/include/px4_ros2/components/node_with_mode.hpp
[1.187s] -- Up-to-date symlink: /home/janhavi/SwarmRobotics/install/px4_ros2_cpp/include/px4_ros2/components/overrides.hpp
[1.187s] -- Up-to-date symlink: /home/janhavi/SwarmRobotics/install/px4_ros2_cpp/include/px4_ros2/components/wait_for_fmu.hpp
[1.187s] -- Up-to-date symlink: /home/janhavi/SwarmRobotics/install/px4_ros2_cpp/include/px4_ros2/control/groups.dox
[1.187s] -- Up-to-date symlink: /home/janhavi/SwarmRobotics/install/px4_ros2_cpp/include/px4_ros2/control/peripheral_actuators.hpp
[1.187s] -- Up-to-date symlink: /home/janhavi/SwarmRobotics/install/px4_ros2_cpp/include/px4_ros2/control/setpoint_types/direct_actuators.hpp
[1.188s] -- Up-to-date symlink: /home/janhavi/SwarmRobotics/install/px4_ros2_cpp/include/px4_ros2/control/setpoint_types/experimental/attitude.hpp
[1.189s] -- Up-to-date symlink: /home/janhavi/SwarmRobotics/install/px4_ros2_cpp/include/px4_ros2/control/setpoint_types/experimental/rates.hpp
[1.189s] -- Up-to-date symlink: /home/janhavi/SwarmRobotics/install/px4_ros2_cpp/include/px4_ros2/control/setpoint_types/experimental/trajectory.hpp
[1.191s] -- Up-to-date symlink: /home/janhavi/SwarmRobotics/install/px4_ros2_cpp/include/px4_ros2/control/setpoint_types/goto.hpp
[1.192s] -- Up-to-date symlink: /home/janhavi/SwarmRobotics/install/px4_ros2_cpp/include/px4_ros2/control/setpoint_types/groups.dox
[1.192s] -- Up-to-date symlink: /home/janhavi/SwarmRobotics/install/px4_ros2_cpp/include/px4_ros2/navigation/experimental/global_position_measurement_interface.hpp
[1.193s] -- Up-to-date symlink: /home/janhavi/SwarmRobotics/install/px4_ros2_cpp/include/px4_ros2/navigation/experimental/local_position_measurement_interface.hpp
[1.193s] -- Up-to-date symlink: /home/janhavi/SwarmRobotics/install/px4_ros2_cpp/include/px4_ros2/navigation/experimental/navigation_interface_base.hpp
[1.193s] -- Up-to-date symlink: /home/janhavi/SwarmRobotics/install/px4_ros2_cpp/include/px4_ros2/navigation/groups.dox
[1.193s] -- Up-to-date symlink: /home/janhavi/SwarmRobotics/install/px4_ros2_cpp/include/px4_ros2/odometry/angular_velocity.hpp
[1.194s] -- Up-to-date symlink: /home/janhavi/SwarmRobotics/install/px4_ros2_cpp/include/px4_ros2/odometry/attitude.hpp
[1.194s] -- Up-to-date symlink: /home/janhavi/SwarmRobotics/install/px4_ros2_cpp/include/px4_ros2/odometry/global_position.hpp
[1.194s] -- Up-to-date symlink: /home/janhavi/SwarmRobotics/install/px4_ros2_cpp/include/px4_ros2/odometry/groups.dox
[1.195s] -- Up-to-date symlink: /home/janhavi/SwarmRobotics/install/px4_ros2_cpp/include/px4_ros2/odometry/local_position.hpp
[1.195s] -- Up-to-date symlink: /home/janhavi/SwarmRobotics/install/px4_ros2_cpp/include/px4_ros2/utils/frame_conversion.hpp
[1.195s] -- Up-to-date symlink: /home/janhavi/SwarmRobotics/install/px4_ros2_cpp/include/px4_ros2/utils/geodesic.hpp
[1.195s] -- Up-to-date symlink: /home/janhavi/SwarmRobotics/install/px4_ros2_cpp/include/px4_ros2/utils/geometry.hpp
[1.196s] -- Up-to-date symlink: /home/janhavi/SwarmRobotics/install/px4_ros2_cpp/include/px4_ros2/utils/groups.dox
[1.196s] -- Up-to-date symlink: /home/janhavi/SwarmRobotics/install/px4_ros2_cpp/include/px4_ros2/utils/subscription.hpp
[1.196s] -- Up-to-date symlink: /home/janhavi/SwarmRobotics/install/px4_ros2_cpp/include/px4_ros2/vehicle_state/battery.hpp
[1.196s] -- Up-to-date symlink: /home/janhavi/SwarmRobotics/install/px4_ros2_cpp/include/px4_ros2/vehicle_state/groups.dox
[1.197s] -- Up-to-date symlink: /home/janhavi/SwarmRobotics/install/px4_ros2_cpp/include/px4_ros2/vehicle_state/home_position.hpp
[1.197s] -- Up-to-date symlink: /home/janhavi/SwarmRobotics/install/px4_ros2_cpp/include/px4_ros2/vehicle_state/land_detected.hpp
[1.197s] -- Up-to-date symlink: /home/janhavi/SwarmRobotics/install/px4_ros2_cpp/include/px4_ros2/vehicle_state/vehicle_status.hpp
[1.197s] -- Up-to-date symlink: /home/janhavi/SwarmRobotics/install/px4_ros2_cpp/include/px4_ros2/vehicle_state/vtol_status.hpp
[1.198s] -- Up-to-date symlink: /home/janhavi/SwarmRobotics/install/px4_ros2_cpp/share/ament_index/resource_index/package_run_dependencies/px4_ros2_cpp
[1.198s] -- Up-to-date symlink: /home/janhavi/SwarmRobotics/install/px4_ros2_cpp/share/ament_index/resource_index/parent_prefix_path/px4_ros2_cpp
[1.199s] -- Up-to-date symlink: /home/janhavi/SwarmRobotics/install/px4_ros2_cpp/share/px4_ros2_cpp/environment/ament_prefix_path.sh
[1.199s] -- Up-to-date symlink: /home/janhavi/SwarmRobotics/install/px4_ros2_cpp/share/px4_ros2_cpp/environment/ament_prefix_path.dsv
[1.199s] -- Up-to-date symlink: /home/janhavi/SwarmRobotics/install/px4_ros2_cpp/share/px4_ros2_cpp/environment/path.sh
[1.200s] -- Up-to-date symlink: /home/janhavi/SwarmRobotics/install/px4_ros2_cpp/share/px4_ros2_cpp/environment/path.dsv
[1.200s] -- Up-to-date symlink: /home/janhavi/SwarmRobotics/install/px4_ros2_cpp/share/px4_ros2_cpp/local_setup.bash
[1.201s] -- Up-to-date symlink: /home/janhavi/SwarmRobotics/install/px4_ros2_cpp/share/px4_ros2_cpp/local_setup.sh
[1.201s] -- Up-to-date symlink: /home/janhavi/SwarmRobotics/install/px4_ros2_cpp/share/px4_ros2_cpp/local_setup.zsh
[1.202s] -- Up-to-date symlink: /home/janhavi/SwarmRobotics/install/px4_ros2_cpp/share/px4_ros2_cpp/local_setup.dsv
[1.202s] -- Symlinking: /home/janhavi/SwarmRobotics/install/px4_ros2_cpp/share/px4_ros2_cpp/package.dsv
[1.231s] -- Up-to-date symlink: /home/janhavi/SwarmRobotics/install/px4_ros2_cpp/share/ament_index/resource_index/packages/px4_ros2_cpp
[1.231s] -- Up-to-date symlink: /home/janhavi/SwarmRobotics/install/px4_ros2_cpp/share/px4_ros2_cpp/cmake/ament_cmake_export_targets-extras.cmake
[1.232s] -- Up-to-date symlink: /home/janhavi/SwarmRobotics/install/px4_ros2_cpp/share/px4_ros2_cpp/cmake/ament_cmake_export_dependencies-extras.cmake
[1.233s] -- Up-to-date symlink: /home/janhavi/SwarmRobotics/install/px4_ros2_cpp/share/px4_ros2_cpp/cmake/px4_ros2_cppConfig.cmake
[1.233s] -- Up-to-date symlink: /home/janhavi/SwarmRobotics/install/px4_ros2_cpp/share/px4_ros2_cpp/cmake/px4_ros2_cppConfig-version.cmake
[1.234s] -- Up-to-date symlink: /home/janhavi/SwarmRobotics/install/px4_ros2_cpp/share/px4_ros2_cpp/package.xml
[1.235s] -- Up-to-date: /home/janhavi/SwarmRobotics/install/px4_ros2_cpp/lib/libpx4_ros2_cpp.so
[1.236s] -- Up-to-date: /home/janhavi/SwarmRobotics/install/px4_ros2_cpp/share/px4_ros2_cpp/cmake/px4_ros2_cppExport.cmake
[1.237s] -- Up-to-date: /home/janhavi/SwarmRobotics/install/px4_ros2_cpp/share/px4_ros2_cpp/cmake/px4_ros2_cppExport-noconfig.cmake
[1.247s] Invoked command in '/home/janhavi/SwarmRobotics/build/px4_ros2_cpp' returned '0': CMAKE_PREFIX_PATH=/home/janhavi/SwarmRobotics/install/px4_msgs:/home/janhavi/SwarmRobotics/install/px4_ros_com:/home/janhavi/SwarmRobotics/install/example_mode_with_executor_cpp:/home/janhavi/SwarmRobotics/install/example_mode_rtl_replacement_cpp:/home/janhavi/SwarmRobotics/install/example_mode_manual_cpp:/home/janhavi/SwarmRobotics/install/example_mode_goto_global_cpp:/home/janhavi/SwarmRobotics/install/example_mode_goto_cpp:/home/janhavi/SwarmRobotics/install/example_mode_fw_attitude_cpp:/home/janhavi/SwarmRobotics/install/example_local_navigation_cpp:/home/janhavi/SwarmRobotics/install/example_global_navigation_cpp:/home/janhavi/SwarmRobotics/install/px4_ros2_cpp:/home/janhavi/SwarmRobotics/install/swarm_teleop:/opt/ros/humble LD_LIBRARY_PATH=/home/janhavi/SwarmRobotics/install/px4_msgs/lib:/home/janhavi/SwarmRobotics/install/px4_ros_com/lib:/home/janhavi/SwarmRobotics/install/px4_ros2_cpp/lib:/opt/ros/humble/opt/rviz_ogre_vendor/lib:/opt/ros/humble/lib/x86_64-linux-gnu:/opt/ros/humble/lib /usr/bin/cmake --install /home/janhavi/SwarmRobotics/build/px4_ros2_cpp
