[0.028s] Invoking command in '/home/janhavi/SwarmRobotics/build/px4_ros_com': AMENT_PREFIX_PATH=/home/janhavi/SwarmRobotics/install/px4_msgs:${AMENT_PREFIX_PATH} CMAKE_PREFIX_PATH=/home/janhavi/SwarmRobotics/install/px4_msgs:/opt/ros/humble LD_LIBRARY_PATH=/home/janhavi/SwarmRobotics/install/px4_msgs/lib:${LD_LIBRARY_PATH} PYTHONPATH=/home/janhavi/SwarmRobotics/install/px4_msgs/local/lib/python3.10/dist-packages:${PYTHONPATH} /usr/bin/cmake --build /home/janhavi/SwarmRobotics/build/px4_ros_com -- -j12 -l12
[0.141s] [  8%] [32mBuilding CXX object CMakeFiles/vehicle_gps_position_listener.dir/src/examples/listeners/vehicle_gps_position_listener.cpp.o[0m
[0.142s] [ 16%] [32mBuilding CXX object CMakeFiles/sensor_combined_listener.dir/src/examples/listeners/sensor_combined_listener.cpp.o[0m
[0.145s] [ 25%] [32mBuilding CXX object CMakeFiles/offboard_control_srv.dir/src/examples/offboard/offboard_control_srv.cpp.o[0m
[0.146s] [ 33%] [32mBuilding CXX object CMakeFiles/debug_vect_advertiser.dir/src/examples/advertisers/debug_vect_advertiser.cpp.o[0m
[0.152s] [ 41%] [32mBuilding CXX object CMakeFiles/offboard_control.dir/src/examples/offboard/offboard_control.cpp.o[0m
[0.163s] [ 50%] [32mBuilding CXX object CMakeFiles/frame_transforms.dir/src/lib/frame_transforms.cpp.o[0m
[22.401s] [ 58%] [32m[1mLinking CXX executable debug_vect_advertiser[0m
[23.378s] [ 58%] Built target debug_vect_advertiser
[23.974s] [ 66%] [32m[1mLinking CXX executable offboard_control[0m
[24.752s] [ 66%] Built target offboard_control
[25.906s] [ 75%] [32m[1mLinking CXX executable offboard_control_srv[0m
[26.974s] [ 75%] Built target offboard_control_srv
[28.257s] [ 83%] [32m[1mLinking CXX shared library libframe_transforms.so[0m
[28.792s] [ 83%] Built target frame_transforms
[29.656s] [ 91%] [32m[1mLinking CXX executable sensor_combined_listener[0m
[30.429s] [ 91%] Built target sensor_combined_listener
[31.149s] [100%] [32m[1mLinking CXX executable vehicle_gps_position_listener[0m
[32.002s] [100%] Built target vehicle_gps_position_listener
[32.068s] [100%] Built target ament_cmake_python_symlink_px4_ros_com
[32.554s] running egg_info
[32.589s] writing px4_ros_com.egg-info/PKG-INFO
[32.591s] writing dependency_links to px4_ros_com.egg-info/dependency_links.txt
[32.592s] writing top-level names to px4_ros_com.egg-info/top_level.txt
[32.705s] reading manifest file 'px4_ros_com.egg-info/SOURCES.txt'
[32.708s] writing manifest file 'px4_ros_com.egg-info/SOURCES.txt'
[32.764s] [100%] Built target ament_cmake_python_build_px4_ros_com_egg
[32.779s] Invoked command in '/home/janhavi/SwarmRobotics/build/px4_ros_com' returned '0': AMENT_PREFIX_PATH=/home/janhavi/SwarmRobotics/install/px4_msgs:${AMENT_PREFIX_PATH} CMAKE_PREFIX_PATH=/home/janhavi/SwarmRobotics/install/px4_msgs:/opt/ros/humble LD_LIBRARY_PATH=/home/janhavi/SwarmRobotics/install/px4_msgs/lib:${LD_LIBRARY_PATH} PYTHONPATH=/home/janhavi/SwarmRobotics/install/px4_msgs/local/lib/python3.10/dist-packages:${PYTHONPATH} /usr/bin/cmake --build /home/janhavi/SwarmRobotics/build/px4_ros_com -- -j12 -l12
[32.782s] Invoking command in '/home/janhavi/SwarmRobotics/build/px4_ros_com': AMENT_PREFIX_PATH=/home/janhavi/SwarmRobotics/install/px4_msgs:${AMENT_PREFIX_PATH} CMAKE_PREFIX_PATH=/home/janhavi/SwarmRobotics/install/px4_msgs:/opt/ros/humble LD_LIBRARY_PATH=/home/janhavi/SwarmRobotics/install/px4_msgs/lib:${LD_LIBRARY_PATH} PYTHONPATH=/home/janhavi/SwarmRobotics/install/px4_msgs/local/lib/python3.10/dist-packages:${PYTHONPATH} /usr/bin/cmake --install /home/janhavi/SwarmRobotics/build/px4_ros_com
[32.790s] -- Install configuration: ""
[32.791s] -- Execute custom install script
[32.791s] -- Up-to-date symlink: /home/janhavi/SwarmRobotics/install/px4_ros_com/lib/px4_ros_com/sensor_combined_listener
[32.792s] -- Up-to-date symlink: /home/janhavi/SwarmRobotics/install/px4_ros_com/lib/px4_ros_com/vehicle_gps_position_listener
[32.792s] -- Up-to-date symlink: /home/janhavi/SwarmRobotics/install/px4_ros_com/lib/px4_ros_com/debug_vect_advertiser
[32.792s] -- Up-to-date symlink: /home/janhavi/SwarmRobotics/install/px4_ros_com/lib/px4_ros_com/offboard_control
[32.792s] -- Up-to-date symlink: /home/janhavi/SwarmRobotics/install/px4_ros_com/lib/px4_ros_com/offboard_control_srv
[32.792s] -- Up-to-date symlink: /home/janhavi/SwarmRobotics/install/px4_ros_com/share/px4_ros_com/environment/library_path.sh
[32.793s] -- Up-to-date symlink: /home/janhavi/SwarmRobotics/install/px4_ros_com/share/px4_ros_com/environment/library_path.dsv
[32.793s] -- Up-to-date symlink: /home/janhavi/SwarmRobotics/install/px4_ros_com/include/px4_ros_com/frame_transforms.h
[32.793s] -- Up-to-date symlink: /home/janhavi/SwarmRobotics/install/px4_ros_com/share/px4_ros_com//launch/offboard_control_launch.yaml
[32.794s] -- Up-to-date symlink: /home/janhavi/SwarmRobotics/install/px4_ros_com/share/px4_ros_com//launch/sensor_combined_listener.launch.py
[32.795s] -- Up-to-date symlink: /home/janhavi/SwarmRobotics/install/px4_ros_com/share/px4_ros_com//test/__init__.py
[32.795s] -- Up-to-date symlink: /home/janhavi/SwarmRobotics/install/px4_ros_com/share/px4_ros_com//test/pipeline_io_test.py
[32.795s] -- Up-to-date symlink: /home/janhavi/SwarmRobotics/install/px4_ros_com/share/px4_ros_com//test/test_input.py
[32.796s] -- Up-to-date symlink: /home/janhavi/SwarmRobotics/install/px4_ros_com/share/px4_ros_com//test/test_output.py
[32.796s] -- Up-to-date symlink: /home/janhavi/SwarmRobotics/install/px4_ros_com/share/px4_ros_com/environment/pythonpath.sh
[32.796s] -- Up-to-date symlink: /home/janhavi/SwarmRobotics/install/px4_ros_com/share/px4_ros_com/environment/pythonpath.dsv
[32.796s] -- Up-to-date symlink: /home/janhavi/SwarmRobotics/install/px4_ros_com/local/lib/python3.10/dist-packages/px4_ros_com-0.1.0-py3.10.egg-info/PKG-INFO
[32.796s] -- Up-to-date symlink: /home/janhavi/SwarmRobotics/install/px4_ros_com/local/lib/python3.10/dist-packages/px4_ros_com-0.1.0-py3.10.egg-info/SOURCES.txt
[32.797s] -- Up-to-date symlink: /home/janhavi/SwarmRobotics/install/px4_ros_com/local/lib/python3.10/dist-packages/px4_ros_com-0.1.0-py3.10.egg-info/dependency_links.txt
[32.797s] -- Up-to-date symlink: /home/janhavi/SwarmRobotics/install/px4_ros_com/local/lib/python3.10/dist-packages/px4_ros_com-0.1.0-py3.10.egg-info/top_level.txt
[32.797s] -- Up-to-date symlink: /home/janhavi/SwarmRobotics/install/px4_ros_com/local/lib/python3.10/dist-packages/px4_ros_com/__init__.py
[32.797s] -- Up-to-date symlink: /home/janhavi/SwarmRobotics/install/px4_ros_com/local/lib/python3.10/dist-packages/px4_ros_com/module_to_import.py
[32.797s] -- Up-to-date symlink: /home/janhavi/SwarmRobotics/install/px4_ros_com/lib/px4_ros_com/offboard_control.py
[32.797s] -- Up-to-date symlink: /home/janhavi/SwarmRobotics/install/px4_ros_com/share/ament_index/resource_index/package_run_dependencies/px4_ros_com
[32.797s] -- Up-to-date symlink: /home/janhavi/SwarmRobotics/install/px4_ros_com/share/ament_index/resource_index/parent_prefix_path/px4_ros_com
[32.798s] -- Up-to-date symlink: /home/janhavi/SwarmRobotics/install/px4_ros_com/share/px4_ros_com/environment/ament_prefix_path.sh
[32.798s] -- Up-to-date symlink: /home/janhavi/SwarmRobotics/install/px4_ros_com/share/px4_ros_com/environment/ament_prefix_path.dsv
[32.798s] -- Up-to-date symlink: /home/janhavi/SwarmRobotics/install/px4_ros_com/share/px4_ros_com/environment/path.sh
[32.798s] -- Up-to-date symlink: /home/janhavi/SwarmRobotics/install/px4_ros_com/share/px4_ros_com/environment/path.dsv
[32.798s] -- Up-to-date symlink: /home/janhavi/SwarmRobotics/install/px4_ros_com/share/px4_ros_com/local_setup.bash
[32.798s] -- Up-to-date symlink: /home/janhavi/SwarmRobotics/install/px4_ros_com/share/px4_ros_com/local_setup.sh
[32.798s] -- Up-to-date symlink: /home/janhavi/SwarmRobotics/install/px4_ros_com/share/px4_ros_com/local_setup.zsh
[32.799s] -- Up-to-date symlink: /home/janhavi/SwarmRobotics/install/px4_ros_com/share/px4_ros_com/local_setup.dsv
[32.799s] -- Symlinking: /home/janhavi/SwarmRobotics/install/px4_ros_com/share/px4_ros_com/package.dsv
[32.807s] -- Up-to-date symlink: /home/janhavi/SwarmRobotics/install/px4_ros_com/share/ament_index/resource_index/packages/px4_ros_com
[32.807s] -- Up-to-date symlink: /home/janhavi/SwarmRobotics/install/px4_ros_com/share/px4_ros_com/cmake/ament_cmake_export_dependencies-extras.cmake
[32.807s] -- Up-to-date symlink: /home/janhavi/SwarmRobotics/install/px4_ros_com/share/px4_ros_com/cmake/ament_cmake_export_targets-extras.cmake
[32.807s] -- Up-to-date symlink: /home/janhavi/SwarmRobotics/install/px4_ros_com/share/px4_ros_com/cmake/ament_cmake_export_include_directories-extras.cmake
[32.807s] -- Up-to-date symlink: /home/janhavi/SwarmRobotics/install/px4_ros_com/share/px4_ros_com/cmake/ament_cmake_export_libraries-extras.cmake
[32.808s] -- Up-to-date symlink: /home/janhavi/SwarmRobotics/install/px4_ros_com/share/px4_ros_com/cmake/px4_ros_comConfig.cmake
[32.808s] -- Up-to-date symlink: /home/janhavi/SwarmRobotics/install/px4_ros_com/share/px4_ros_com/cmake/px4_ros_comConfig-version.cmake
[32.808s] -- Up-to-date symlink: /home/janhavi/SwarmRobotics/install/px4_ros_com/share/px4_ros_com/package.xml
[32.808s] -- Installing: /home/janhavi/SwarmRobotics/install/px4_ros_com/lib/libframe_transforms.so
[32.812s] -- Set runtime path of "/home/janhavi/SwarmRobotics/install/px4_ros_com/lib/libframe_transforms.so" to ""
[32.866s] Listing '/home/janhavi/SwarmRobotics/install/px4_ros_com/local/lib/python3.10/dist-packages/px4_ros_com'...
[32.874s] -- Up-to-date: /home/janhavi/SwarmRobotics/install/px4_ros_com/share/px4_ros_com/cmake/export_frame_transformsExport.cmake
[32.874s] -- Up-to-date: /home/janhavi/SwarmRobotics/install/px4_ros_com/share/px4_ros_com/cmake/export_frame_transformsExport-noconfig.cmake
[32.878s] Invoked command in '/home/janhavi/SwarmRobotics/build/px4_ros_com' returned '0': AMENT_PREFIX_PATH=/home/janhavi/SwarmRobotics/install/px4_msgs:${AMENT_PREFIX_PATH} CMAKE_PREFIX_PATH=/home/janhavi/SwarmRobotics/install/px4_msgs:/opt/ros/humble LD_LIBRARY_PATH=/home/janhavi/SwarmRobotics/install/px4_msgs/lib:${LD_LIBRARY_PATH} PYTHONPATH=/home/janhavi/SwarmRobotics/install/px4_msgs/local/lib/python3.10/dist-packages:${PYTHONPATH} /usr/bin/cmake --install /home/janhavi/SwarmRobotics/build/px4_ros_com
