[0.030s] Invoking command in '/home/janhavi/SwarmRobotics/build/example_mode_rtl_replacement_cpp': AMENT_PREFIX_PATH=/home/janhavi/SwarmRobotics/install/px4_ros2_cpp:/home/janhavi/SwarmRobotics/install/px4_msgs:${AMENT_PREFIX_PATH} CMAKE_PREFIX_PATH=/home/janhavi/SwarmRobotics/install/px4_ros2_cpp:/home/janhavi/SwarmRobotics/install/px4_msgs:/opt/ros/humble LD_LIBRARY_PATH=/home/janhavi/SwarmRobotics/install/px4_ros2_cpp/lib:/home/janhavi/SwarmRobotics/install/px4_msgs/lib:${LD_LIBRARY_PATH} PYTHONPATH=/home/janhavi/SwarmRobotics/install/px4_msgs/local/lib/python3.10/dist-packages:${PYTHONPATH} /usr/bin/cmake /home/janhavi/SwarmRobotics/src/px4-ros2-interface-lib/examples/cpp/modes/rtl_replacement -DAMENT_CMAKE_SYMLINK_INSTALL=1 -DCMAKE_INSTALL_PREFIX=/home/janhavi/SwarmRobotics/install/example_mode_rtl_replacement_cpp
[0.086s] -- The C compiler identification is GNU 11.4.0
[0.153s] -- The CXX compiler identification is GNU 11.4.0
[0.161s] -- Detecting C compiler ABI info
[0.218s] -- Detecting C compiler ABI info - done
[0.227s] -- Check for working C compiler: /usr/bin/cc - skipped
[0.227s] -- Detecting C compile features
[0.228s] -- Detecting C compile features - done
[0.231s] -- Detecting CXX compiler ABI info
[0.329s] -- Detecting CXX compiler ABI info - done
[0.339s] -- Check for working CXX compiler: /usr/bin/c++ - skipped
[0.340s] -- Detecting CXX compile features
[0.340s] -- Detecting CXX compile features - done
[0.344s] -- Found eigen3_cmake_module: 0.1.1 (/opt/ros/humble/share/eigen3_cmake_module/cmake)
[0.351s] -- Found Eigen3: TRUE (found version "3.4.0") 
[0.353s] -- Found ament_cmake: 1.3.11 (/opt/ros/humble/share/ament_cmake/cmake)
[0.878s] -- Found Python3: /usr/bin/python3 (found version "3.10.12") found components: Interpreter 
[0.978s] -- Override CMake install command with custom implementation using symlinks instead of copying resources
[1.010s] -- Found rclcpp: 16.0.11 (/opt/ros/humble/share/rclcpp/cmake)
[1.055s] -- Found rosidl_generator_c: 3.1.6 (/opt/ros/humble/share/rosidl_generator_c/cmake)
[1.062s] -- Found rosidl_adapter: 3.1.6 (/opt/ros/humble/share/rosidl_adapter/cmake)
[1.073s] -- Found rosidl_generator_cpp: 3.1.6 (/opt/ros/humble/share/rosidl_generator_cpp/cmake)
[1.090s] -- Using all available rosidl_typesupport_c: rosidl_typesupport_fastrtps_c;rosidl_typesupport_introspection_c
[1.113s] -- Using all available rosidl_typesupport_cpp: rosidl_typesupport_fastrtps_cpp;rosidl_typesupport_introspection_cpp
[1.172s] -- Found rmw_implementation_cmake: 6.1.2 (/opt/ros/humble/share/rmw_implementation_cmake/cmake)
[1.175s] -- Found rmw_fastrtps_cpp: 6.2.7 (/opt/ros/humble/share/rmw_fastrtps_cpp/cmake)
[1.292s] -- Found OpenSSL: /usr/lib/x86_64-linux-gnu/libcrypto.so (found version "3.0.2")  
[1.330s] -- Found FastRTPS: /opt/ros/humble/include  
[1.378s] -- Using RMW implementation 'rmw_fastrtps_cpp' as default
[1.386s] -- Looking for pthread.h
[1.480s] -- Looking for pthread.h - found
[1.480s] -- Performing Test CMAKE_HAVE_LIBC_PTHREAD
[1.577s] -- Performing Test CMAKE_HAVE_LIBC_PTHREAD - Success
[1.578s] -- Found Threads: TRUE  
[1.657s] -- Found px4_ros2_cpp: 0.0.1 (/home/janhavi/SwarmRobotics/install/px4_ros2_cpp/share/px4_ros2_cpp/cmake)
[1.684s] -- Found ament_lint_auto: 0.12.11 (/opt/ros/humble/share/ament_lint_auto/cmake)
[1.823s] -- Added test 'copyright' to check source files copyright and LICENSE
[1.826s] -- Added test 'cppcheck' to perform static code analysis on C / C++ code
[1.826s] -- Configured cppcheck include dirs: /home/janhavi/SwarmRobotics/src/px4-ros2-interface-lib/examples/cpp/modes/rtl_replacement/include
[1.826s] -- Configured cppcheck exclude dirs and/or files: 
[1.828s] -- Added test 'cpplint' to check C / C++ code against the Google style
[1.828s] -- Configured cpplint exclude dirs and/or files: 
[1.829s] -- Added test 'lint_cmake' to check CMake code style
[1.833s] -- Added test 'uncrustify' to check C / C++ code style
[1.835s] -- Configured uncrustify additional arguments: 
[1.835s] -- Added test 'xmllint' to check XML markup files
[1.836s] -- Configuring done
[1.848s] -- Generating done
[1.855s] -- Build files have been written to: /home/janhavi/SwarmRobotics/build/example_mode_rtl_replacement_cpp
[1.871s] Invoked command in '/home/janhavi/SwarmRobotics/build/example_mode_rtl_replacement_cpp' returned '0': AMENT_PREFIX_PATH=/home/janhavi/SwarmRobotics/install/px4_ros2_cpp:/home/janhavi/SwarmRobotics/install/px4_msgs:${AMENT_PREFIX_PATH} CMAKE_PREFIX_PATH=/home/janhavi/SwarmRobotics/install/px4_ros2_cpp:/home/janhavi/SwarmRobotics/install/px4_msgs:/opt/ros/humble LD_LIBRARY_PATH=/home/janhavi/SwarmRobotics/install/px4_ros2_cpp/lib:/home/janhavi/SwarmRobotics/install/px4_msgs/lib:${LD_LIBRARY_PATH} PYTHONPATH=/home/janhavi/SwarmRobotics/install/px4_msgs/local/lib/python3.10/dist-packages:${PYTHONPATH} /usr/bin/cmake /home/janhavi/SwarmRobotics/src/px4-ros2-interface-lib/examples/cpp/modes/rtl_replacement -DAMENT_CMAKE_SYMLINK_INSTALL=1 -DCMAKE_INSTALL_PREFIX=/home/janhavi/SwarmRobotics/install/example_mode_rtl_replacement_cpp
[1.874s] Invoking command in '/home/janhavi/SwarmRobotics/build/example_mode_rtl_replacement_cpp': AMENT_PREFIX_PATH=/home/janhavi/SwarmRobotics/install/px4_ros2_cpp:/home/janhavi/SwarmRobotics/install/px4_msgs:${AMENT_PREFIX_PATH} CMAKE_PREFIX_PATH=/home/janhavi/SwarmRobotics/install/px4_ros2_cpp:/home/janhavi/SwarmRobotics/install/px4_msgs:/opt/ros/humble LD_LIBRARY_PATH=/home/janhavi/SwarmRobotics/install/px4_ros2_cpp/lib:/home/janhavi/SwarmRobotics/install/px4_msgs/lib:${LD_LIBRARY_PATH} PYTHONPATH=/home/janhavi/SwarmRobotics/install/px4_msgs/local/lib/python3.10/dist-packages:${PYTHONPATH} /usr/bin/cmake --build /home/janhavi/SwarmRobotics/build/example_mode_rtl_replacement_cpp -- -j12 -l12
[1.943s] [ 50%] [32mBuilding CXX object CMakeFiles/example_mode_rtl.dir/src/main.cpp.o[0m
[13.140s] [100%] [32m[1mLinking CXX executable example_mode_rtl[0m
[13.763s] [100%] Built target example_mode_rtl
[13.776s] Invoked command in '/home/janhavi/SwarmRobotics/build/example_mode_rtl_replacement_cpp' returned '0': AMENT_PREFIX_PATH=/home/janhavi/SwarmRobotics/install/px4_ros2_cpp:/home/janhavi/SwarmRobotics/install/px4_msgs:${AMENT_PREFIX_PATH} CMAKE_PREFIX_PATH=/home/janhavi/SwarmRobotics/install/px4_ros2_cpp:/home/janhavi/SwarmRobotics/install/px4_msgs:/opt/ros/humble LD_LIBRARY_PATH=/home/janhavi/SwarmRobotics/install/px4_ros2_cpp/lib:/home/janhavi/SwarmRobotics/install/px4_msgs/lib:${LD_LIBRARY_PATH} PYTHONPATH=/home/janhavi/SwarmRobotics/install/px4_msgs/local/lib/python3.10/dist-packages:${PYTHONPATH} /usr/bin/cmake --build /home/janhavi/SwarmRobotics/build/example_mode_rtl_replacement_cpp -- -j12 -l12
[13.777s] Invoking command in '/home/janhavi/SwarmRobotics/build/example_mode_rtl_replacement_cpp': AMENT_PREFIX_PATH=/home/janhavi/SwarmRobotics/install/px4_ros2_cpp:/home/janhavi/SwarmRobotics/install/px4_msgs:${AMENT_PREFIX_PATH} CMAKE_PREFIX_PATH=/home/janhavi/SwarmRobotics/install/px4_ros2_cpp:/home/janhavi/SwarmRobotics/install/px4_msgs:/opt/ros/humble LD_LIBRARY_PATH=/home/janhavi/SwarmRobotics/install/px4_ros2_cpp/lib:/home/janhavi/SwarmRobotics/install/px4_msgs/lib:${LD_LIBRARY_PATH} PYTHONPATH=/home/janhavi/SwarmRobotics/install/px4_msgs/local/lib/python3.10/dist-packages:${PYTHONPATH} /usr/bin/cmake --install /home/janhavi/SwarmRobotics/build/example_mode_rtl_replacement_cpp
[13.782s] -- Install configuration: ""
[13.782s] -- Execute custom install script
[13.782s] -- Symlinking: /home/janhavi/SwarmRobotics/install/example_mode_rtl_replacement_cpp/lib/example_mode_rtl_replacement_cpp/example_mode_rtl
[13.788s] -- Symlinking: /home/janhavi/SwarmRobotics/install/example_mode_rtl_replacement_cpp/share/ament_index/resource_index/package_run_dependencies/example_mode_rtl_replacement_cpp
[13.793s] -- Symlinking: /home/janhavi/SwarmRobotics/install/example_mode_rtl_replacement_cpp/share/ament_index/resource_index/parent_prefix_path/example_mode_rtl_replacement_cpp
[13.799s] -- Symlinking: /home/janhavi/SwarmRobotics/install/example_mode_rtl_replacement_cpp/share/example_mode_rtl_replacement_cpp/environment/ament_prefix_path.sh
[13.805s] -- Symlinking: /home/janhavi/SwarmRobotics/install/example_mode_rtl_replacement_cpp/share/example_mode_rtl_replacement_cpp/environment/ament_prefix_path.dsv
[13.812s] -- Symlinking: /home/janhavi/SwarmRobotics/install/example_mode_rtl_replacement_cpp/share/example_mode_rtl_replacement_cpp/environment/path.sh
[13.817s] -- Symlinking: /home/janhavi/SwarmRobotics/install/example_mode_rtl_replacement_cpp/share/example_mode_rtl_replacement_cpp/environment/path.dsv
[13.823s] -- Symlinking: /home/janhavi/SwarmRobotics/install/example_mode_rtl_replacement_cpp/share/example_mode_rtl_replacement_cpp/local_setup.bash
[13.830s] -- Symlinking: /home/janhavi/SwarmRobotics/install/example_mode_rtl_replacement_cpp/share/example_mode_rtl_replacement_cpp/local_setup.sh
[13.836s] -- Symlinking: /home/janhavi/SwarmRobotics/install/example_mode_rtl_replacement_cpp/share/example_mode_rtl_replacement_cpp/local_setup.zsh
[13.842s] -- Symlinking: /home/janhavi/SwarmRobotics/install/example_mode_rtl_replacement_cpp/share/example_mode_rtl_replacement_cpp/local_setup.dsv
[13.849s] -- Symlinking: /home/janhavi/SwarmRobotics/install/example_mode_rtl_replacement_cpp/share/example_mode_rtl_replacement_cpp/package.dsv
[13.854s] -- Symlinking: /home/janhavi/SwarmRobotics/install/example_mode_rtl_replacement_cpp/share/ament_index/resource_index/packages/example_mode_rtl_replacement_cpp
[13.861s] -- Symlinking: /home/janhavi/SwarmRobotics/install/example_mode_rtl_replacement_cpp/share/example_mode_rtl_replacement_cpp/cmake/example_mode_rtl_replacement_cppConfig.cmake
[13.868s] -- Symlinking: /home/janhavi/SwarmRobotics/install/example_mode_rtl_replacement_cpp/share/example_mode_rtl_replacement_cpp/cmake/example_mode_rtl_replacement_cppConfig-version.cmake
[13.874s] -- Symlinking: /home/janhavi/SwarmRobotics/install/example_mode_rtl_replacement_cpp/share/example_mode_rtl_replacement_cpp/package.xml
[13.883s] Invoked command in '/home/janhavi/SwarmRobotics/build/example_mode_rtl_replacement_cpp' returned '0': AMENT_PREFIX_PATH=/home/janhavi/SwarmRobotics/install/px4_ros2_cpp:/home/janhavi/SwarmRobotics/install/px4_msgs:${AMENT_PREFIX_PATH} CMAKE_PREFIX_PATH=/home/janhavi/SwarmRobotics/install/px4_ros2_cpp:/home/janhavi/SwarmRobotics/install/px4_msgs:/opt/ros/humble LD_LIBRARY_PATH=/home/janhavi/SwarmRobotics/install/px4_ros2_cpp/lib:/home/janhavi/SwarmRobotics/install/px4_msgs/lib:${LD_LIBRARY_PATH} PYTHONPATH=/home/janhavi/SwarmRobotics/install/px4_msgs/local/lib/python3.10/dist-packages:${PYTHONPATH} /usr/bin/cmake --install /home/janhavi/SwarmRobotics/build/example_mode_rtl_replacement_cpp
