[0.509s] Invoking command in '/home/janhavi/SwarmRobotics/src/swarm_teleop': AMENT_PREFIX_PATH=/home/janhavi/SwarmRobotics/install/px4_msgs:${AMENT_PREFIX_PATH} CMAKE_PREFIX_PATH=/home/janhavi/SwarmRobotics/install/px4_msgs LD_LIBRARY_PATH=/home/janhavi/SwarmRobotics/install/px4_msgs/lib:${LD_LIBRARY_PATH} PYTHONPATH=/home/janhavi/SwarmRobotics/build/swarm_teleop/prefix_override:/usr/lib/python3/dist-packages/colcon_core/task/python/colcon_distutils_commands:/home/janhavi/SwarmRobotics/install/swarm_teleop/lib/python3.10/site-packages:/home/janhavi/SwarmRobotics/install/px4_msgs/local/lib/python3.10/dist-packages:${PYTHONPATH} /usr/bin/python3 -W ignore:setup.py install is deprecated -W ignore:easy_install command is deprecated setup.py egg_info --egg-base ../../build/swarm_teleop build --build-base /home/janhavi/SwarmRobotics/build/swarm_teleop/build install --record /home/janhavi/SwarmRobotics/build/swarm_teleop/install.log --single-version-externally-managed install_data
[0.648s] running egg_info
[0.656s] writing ../../build/swarm_teleop/swarm_teleop.egg-info/PKG-INFO
[0.667s] writing dependency_links to ../../build/swarm_teleop/swarm_teleop.egg-info/dependency_links.txt
[0.667s] writing entry points to ../../build/swarm_teleop/swarm_teleop.egg-info/entry_points.txt
[0.668s] writing requirements to ../../build/swarm_teleop/swarm_teleop.egg-info/requires.txt
[0.668s] writing top-level names to ../../build/swarm_teleop/swarm_teleop.egg-info/top_level.txt
[0.701s] reading manifest file '../../build/swarm_teleop/swarm_teleop.egg-info/SOURCES.txt'
[0.703s] writing manifest file '../../build/swarm_teleop/swarm_teleop.egg-info/SOURCES.txt'
[0.703s] running build
[0.703s] running build_py
[0.704s] copying swarm_teleop/teleop_control.py -> /home/janhavi/SwarmRobotics/build/swarm_teleop/build/lib/swarm_teleop
[0.704s] copying swarm_teleop/__init__.py -> /home/janhavi/SwarmRobotics/build/swarm_teleop/build/lib/swarm_teleop
[0.704s] copying swarm_teleop/arming.py -> /home/janhavi/SwarmRobotics/build/swarm_teleop/build/lib/swarm_teleop
[0.705s] copying swarm_teleop/velocity_control.py -> /home/janhavi/SwarmRobotics/build/swarm_teleop/build/lib/swarm_teleop
[0.705s] running install
[0.709s] running install_lib
[0.726s] running install_data
[0.726s] copying resource/swarm_teleop -> /home/janhavi/SwarmRobotics/install/swarm_teleop/share/ament_index/resource_index/packages
[0.726s] copying package.xml -> /home/janhavi/SwarmRobotics/install/swarm_teleop/share/swarm_teleop
[0.727s] copying launch/swarm_teleop.launch.py -> /home/janhavi/SwarmRobotics/install/swarm_teleop/share/swarm_teleop/launch
[0.727s] running install_egg_info
[0.736s] removing '/home/janhavi/SwarmRobotics/install/swarm_teleop/lib/python3.10/site-packages/swarm_teleop-0.0.1-py3.10.egg-info' (and everything under it)
[0.736s] Copying ../../build/swarm_teleop/swarm_teleop.egg-info to /home/janhavi/SwarmRobotics/install/swarm_teleop/lib/python3.10/site-packages/swarm_teleop-0.0.1-py3.10.egg-info
[0.737s] running install_scripts
[0.805s] Installing arming script to /home/janhavi/SwarmRobotics/install/swarm_teleop/lib/swarm_teleop
[0.806s] Installing teleop_control script to /home/janhavi/SwarmRobotics/install/swarm_teleop/lib/swarm_teleop
[0.806s] Installing velocity_control script to /home/janhavi/SwarmRobotics/install/swarm_teleop/lib/swarm_teleop
[0.806s] writing list of installed files to '/home/janhavi/SwarmRobotics/build/swarm_teleop/install.log'
[0.822s] Invoked command in '/home/janhavi/SwarmRobotics/src/swarm_teleop' returned '0': AMENT_PREFIX_PATH=/home/janhavi/SwarmRobotics/install/px4_msgs:${AMENT_PREFIX_PATH} CMAKE_PREFIX_PATH=/home/janhavi/SwarmRobotics/install/px4_msgs LD_LIBRARY_PATH=/home/janhavi/SwarmRobotics/install/px4_msgs/lib:${LD_LIBRARY_PATH} PYTHONPATH=/home/janhavi/SwarmRobotics/build/swarm_teleop/prefix_override:/usr/lib/python3/dist-packages/colcon_core/task/python/colcon_distutils_commands:/home/janhavi/SwarmRobotics/install/swarm_teleop/lib/python3.10/site-packages:/home/janhavi/SwarmRobotics/install/px4_msgs/local/lib/python3.10/dist-packages:${PYTHONPATH} /usr/bin/python3 -W ignore:setup.py install is deprecated -W ignore:easy_install command is deprecated setup.py egg_info --egg-base ../../build/swarm_teleop build --build-base /home/janhavi/SwarmRobotics/build/swarm_teleop/build install --record /home/janhavi/SwarmRobotics/build/swarm_teleop/install.log --single-version-externally-managed install_data
