[0.404s] Invoking command in '/home/janhavi/SwarmRobotics/src/build/swarm_teleop': PYTHONPATH=/home/janhavi/SwarmRobotics/src/build/swarm_teleop/prefix_override:/usr/lib/python3/dist-packages/colcon_core/task/python/colcon_distutils_commands:/home/janhavi/SwarmRobotics/src/install/swarm_teleop/lib/python3.10/site-packages:${PYTHONPATH} /usr/bin/python3 -W ignore:setup.py install is deprecated -W ignore:easy_install command is deprecated setup.py develop --editable --build-directory /home/janhavi/SwarmRobotics/src/build/swarm_teleop/build --no-deps symlink_data --force
[0.579s] running develop
[0.689s] running egg_info
[0.696s] writing swarm_teleop.egg-info/PKG-INFO
[0.697s] writing dependency_links to swarm_teleop.egg-info/dependency_links.txt
[0.697s] writing entry points to swarm_teleop.egg-info/entry_points.txt
[0.697s] writing requirements to swarm_teleop.egg-info/requires.txt
[0.697s] writing top-level names to swarm_teleop.egg-info/top_level.txt
[0.714s] reading manifest file 'swarm_teleop.egg-info/SOURCES.txt'
[0.715s] writing manifest file 'swarm_teleop.egg-info/SOURCES.txt'
[0.724s] running build_ext
[0.724s] Creating /home/janhavi/SwarmRobotics/src/install/swarm_teleop/lib/python3.10/site-packages/swarm-teleop.egg-link (link to .)
[0.725s] Installing arm_control script to /home/janhavi/SwarmRobotics/src/install/swarm_teleop/lib/swarm_teleop
[0.725s] Installing final_control script to /home/janhavi/SwarmRobotics/src/install/swarm_teleop/lib/swarm_teleop
[0.725s] 
[0.725s] Installed /home/janhavi/SwarmRobotics/src/build/swarm_teleop
[0.725s] running symlink_data
[0.725s] symbolically linking /home/janhavi/SwarmRobotics/src/build/swarm_teleop/resource/swarm_teleop -> /home/janhavi/SwarmRobotics/src/install/swarm_teleop/share/ament_index/resource_index/packages
[0.725s] symbolically linking /home/janhavi/SwarmRobotics/src/build/swarm_teleop/package.xml -> /home/janhavi/SwarmRobotics/src/install/swarm_teleop/share/swarm_teleop
[0.726s] symbolically linking /home/janhavi/SwarmRobotics/src/build/swarm_teleop/launch/swarm_teleop.launch.py -> /home/janhavi/SwarmRobotics/src/install/swarm_teleop/share/swarm_teleop/launch
[0.747s] Invoked command in '/home/janhavi/SwarmRobotics/src/build/swarm_teleop' returned '0': PYTHONPATH=/home/janhavi/SwarmRobotics/src/build/swarm_teleop/prefix_override:/usr/lib/python3/dist-packages/colcon_core/task/python/colcon_distutils_commands:/home/janhavi/SwarmRobotics/src/install/swarm_teleop/lib/python3.10/site-packages:${PYTHONPATH} /usr/bin/python3 -W ignore:setup.py install is deprecated -W ignore:easy_install command is deprecated setup.py develop --editable --build-directory /home/janhavi/SwarmRobotics/src/build/swarm_teleop/build --no-deps symlink_data --force
