[0.018s] Invoking command in '/home/janhavi/SwarmRobotics/build/example_global_navigation_cpp': AMENT_PREFIX_PATH=/home/janhavi/SwarmRobotics/install/px4_ros2_cpp:/home/janhavi/SwarmRobotics/install/px4_msgs:${AMENT_PREFIX_PATH} CMAKE_PREFIX_PATH=/home/janhavi/SwarmRobotics/install/px4_ros2_cpp:/home/janhavi/SwarmRobotics/install/px4_msgs:/opt/ros/humble LD_LIBRARY_PATH=/home/janhavi/SwarmRobotics/install/px4_ros2_cpp/lib:/home/janhavi/SwarmRobotics/install/px4_msgs/lib:${LD_LIBRARY_PATH} PYTHONPATH=/home/janhavi/SwarmRobotics/install/px4_msgs/local/lib/python3.10/dist-packages:${PYTHONPATH} /usr/bin/cmake --build /home/janhavi/SwarmRobotics/build/example_global_navigation_cpp -- -j12 -l12
[0.082s] [ 50%] [32mBuilding CXX object CMakeFiles/example_global_navigation.dir/src/main.cpp.o[0m
[5.028s] [100%] [32m[1mLinking CXX executable example_global_navigation[0m
[6.718s] [100%] Built target example_global_navigation
[6.740s] Invoked command in '/home/janhavi/SwarmRobotics/build/example_global_navigation_cpp' returned '0': AMENT_PREFIX_PATH=/home/janhavi/SwarmRobotics/install/px4_ros2_cpp:/home/janhavi/SwarmRobotics/install/px4_msgs:${AMENT_PREFIX_PATH} CMAKE_PREFIX_PATH=/home/janhavi/SwarmRobotics/install/px4_ros2_cpp:/home/janhavi/SwarmRobotics/install/px4_msgs:/opt/ros/humble LD_LIBRARY_PATH=/home/janhavi/SwarmRobotics/install/px4_ros2_cpp/lib:/home/janhavi/SwarmRobotics/install/px4_msgs/lib:${LD_LIBRARY_PATH} PYTHONPATH=/home/janhavi/SwarmRobotics/install/px4_msgs/local/lib/python3.10/dist-packages:${PYTHONPATH} /usr/bin/cmake --build /home/janhavi/SwarmRobotics/build/example_global_navigation_cpp -- -j12 -l12
[6.744s] Invoking command in '/home/janhavi/SwarmRobotics/build/example_global_navigation_cpp': AMENT_PREFIX_PATH=/home/janhavi/SwarmRobotics/install/px4_ros2_cpp:/home/janhavi/SwarmRobotics/install/px4_msgs:${AMENT_PREFIX_PATH} CMAKE_PREFIX_PATH=/home/janhavi/SwarmRobotics/install/px4_ros2_cpp:/home/janhavi/SwarmRobotics/install/px4_msgs:/opt/ros/humble LD_LIBRARY_PATH=/home/janhavi/SwarmRobotics/install/px4_ros2_cpp/lib:/home/janhavi/SwarmRobotics/install/px4_msgs/lib:${LD_LIBRARY_PATH} PYTHONPATH=/home/janhavi/SwarmRobotics/install/px4_msgs/local/lib/python3.10/dist-packages:${PYTHONPATH} /usr/bin/cmake --install /home/janhavi/SwarmRobotics/build/example_global_navigation_cpp
[6.759s] -- Install configuration: ""
[6.759s] -- Installing: /home/janhavi/SwarmRobotics/install/example_global_navigation_cpp/lib/example_global_navigation_cpp/example_global_navigation
[6.761s] -- Set runtime path of "/home/janhavi/SwarmRobotics/install/example_global_navigation_cpp/lib/example_global_navigation_cpp/example_global_navigation" to ""
[6.761s] -- Up-to-date: /home/janhavi/SwarmRobotics/install/example_global_navigation_cpp/share/ament_index/resource_index/package_run_dependencies/example_global_navigation_cpp
[6.762s] -- Up-to-date: /home/janhavi/SwarmRobotics/install/example_global_navigation_cpp/share/ament_index/resource_index/parent_prefix_path/example_global_navigation_cpp
[6.762s] -- Up-to-date: /home/janhavi/SwarmRobotics/install/example_global_navigation_cpp/share/example_global_navigation_cpp/environment/ament_prefix_path.sh
[6.762s] -- Up-to-date: /home/janhavi/SwarmRobotics/install/example_global_navigation_cpp/share/example_global_navigation_cpp/environment/ament_prefix_path.dsv
[6.764s] -- Up-to-date: /home/janhavi/SwarmRobotics/install/example_global_navigation_cpp/share/example_global_navigation_cpp/environment/path.sh
[6.764s] -- Up-to-date: /home/janhavi/SwarmRobotics/install/example_global_navigation_cpp/share/example_global_navigation_cpp/environment/path.dsv
[6.764s] -- Up-to-date: /home/janhavi/SwarmRobotics/install/example_global_navigation_cpp/share/example_global_navigation_cpp/local_setup.bash
[6.764s] -- Up-to-date: /home/janhavi/SwarmRobotics/install/example_global_navigation_cpp/share/example_global_navigation_cpp/local_setup.sh
[6.764s] -- Up-to-date: /home/janhavi/SwarmRobotics/install/example_global_navigation_cpp/share/example_global_navigation_cpp/local_setup.zsh
[6.764s] -- Up-to-date: /home/janhavi/SwarmRobotics/install/example_global_navigation_cpp/share/example_global_navigation_cpp/local_setup.dsv
[6.765s] -- Installing: /home/janhavi/SwarmRobotics/install/example_global_navigation_cpp/share/example_global_navigation_cpp/package.dsv
[6.765s] -- Up-to-date: /home/janhavi/SwarmRobotics/install/example_global_navigation_cpp/share/ament_index/resource_index/packages/example_global_navigation_cpp
[6.765s] -- Up-to-date: /home/janhavi/SwarmRobotics/install/example_global_navigation_cpp/share/example_global_navigation_cpp/cmake/example_global_navigation_cppConfig.cmake
[6.765s] -- Up-to-date: /home/janhavi/SwarmRobotics/install/example_global_navigation_cpp/share/example_global_navigation_cpp/cmake/example_global_navigation_cppConfig-version.cmake
[6.766s] -- Up-to-date: /home/janhavi/SwarmRobotics/install/example_global_navigation_cpp/share/example_global_navigation_cpp/package.xml
[6.768s] Invoked command in '/home/janhavi/SwarmRobotics/build/example_global_navigation_cpp' returned '0': AMENT_PREFIX_PATH=/home/janhavi/SwarmRobotics/install/px4_ros2_cpp:/home/janhavi/SwarmRobotics/install/px4_msgs:${AMENT_PREFIX_PATH} CMAKE_PREFIX_PATH=/home/janhavi/SwarmRobotics/install/px4_ros2_cpp:/home/janhavi/SwarmRobotics/install/px4_msgs:/opt/ros/humble LD_LIBRARY_PATH=/home/janhavi/SwarmRobotics/install/px4_ros2_cpp/lib:/home/janhavi/SwarmRobotics/install/px4_msgs/lib:${LD_LIBRARY_PATH} PYTHONPATH=/home/janhavi/SwarmRobotics/install/px4_msgs/local/lib/python3.10/dist-packages:${PYTHONPATH} /usr/bin/cmake --install /home/janhavi/SwarmRobotics/build/example_global_navigation_cpp
