running develop
running egg_info
creating swarm_teleop.egg-info
writing swarm_teleop.egg-info/PKG-INFO
writing dependency_links to swarm_teleop.egg-info/dependency_links.txt
writing entry points to swarm_teleop.egg-info/entry_points.txt
writing requirements to swarm_teleop.egg-info/requires.txt
writing top-level names to swarm_teleop.egg-info/top_level.txt
writing manifest file 'swarm_teleop.egg-info/SOURCES.txt'
reading manifest file 'swarm_teleop.egg-info/SOURCES.txt'
writing manifest file 'swarm_teleop.egg-info/SOURCES.txt'
running build_ext
Creating /home/janhavi/SwarmRobotics/install/swarm_teleop/lib/python3.10/site-packages/swarm-teleop.egg-link (link to .)
Installing arm_control script to /home/janhavi/SwarmRobotics/install/swarm_teleop/lib/swarm_teleop
Installing final_control script to /home/janhavi/SwarmRobotics/install/swarm_teleop/lib/swarm_teleop

Installed /home/janhavi/SwarmRobotics/build/swarm_teleop
running symlink_data
creating /home/janhavi/SwarmRobotics/install/swarm_teleop/share/ament_index/resource_index/packages
symbolically linking /home/janhavi/SwarmRobotics/build/swarm_teleop/resource/swarm_teleop -> /home/janhavi/SwarmRobotics/install/swarm_teleop/share/ament_index/resource_index/packages
symbolically linking /home/janhavi/SwarmRobotics/build/swarm_teleop/package.xml -> /home/janhavi/SwarmRobotics/install/swarm_teleop/share/swarm_teleop
creating /home/janhavi/SwarmRobotics/install/swarm_teleop/share/swarm_teleop/launch
symbolically linking /home/janhavi/SwarmRobotics/build/swarm_teleop/launch/swarm_teleop.launch.py -> /home/janhavi/SwarmRobotics/install/swarm_teleop/share/swarm_teleop/launch
