[0.614s] Invoking command in '/home/janhavi/SwarmRobotics/build/swarm_teleop': AMENT_PREFIX_PATH=/home/janhavi/SwarmRobotics/install/px4_msgs:${AMENT_PREFIX_PATH} CMAKE_PREFIX_PATH=/home/janhavi/SwarmRobotics/install/px4_msgs LD_LIBRARY_PATH=/home/janhavi/SwarmRobotics/install/px4_msgs/lib:${LD_LIBRARY_PATH} PYTHONPATH=/home/janhavi/SwarmRobotics/build/swarm_teleop/prefix_override:/usr/lib/python3/dist-packages/colcon_core/task/python/colcon_distutils_commands:/home/janhavi/SwarmRobotics/install/swarm_teleop/lib/python3.10/site-packages:/home/janhavi/SwarmRobotics/install/px4_msgs/local/lib/python3.10/dist-packages:${PYTHONPATH} /usr/bin/python3 -W ignore:setup.py install is deprecated -W ignore:easy_install command is deprecated setup.py develop --editable --build-directory /home/janhavi/SwarmRobotics/build/swarm_teleop/build --no-deps symlink_data
[0.926s] running develop
[1.039s] running egg_info
[1.047s] creating swarm_teleop.egg-info
[1.047s] writing swarm_teleop.egg-info/PKG-INFO
[1.048s] writing dependency_links to swarm_teleop.egg-info/dependency_links.txt
[1.048s] writing entry points to swarm_teleop.egg-info/entry_points.txt
[1.048s] writing requirements to swarm_teleop.egg-info/requires.txt
[1.048s] writing top-level names to swarm_teleop.egg-info/top_level.txt
[1.048s] writing manifest file 'swarm_teleop.egg-info/SOURCES.txt'
[1.066s] reading manifest file 'swarm_teleop.egg-info/SOURCES.txt'
[1.066s] writing manifest file 'swarm_teleop.egg-info/SOURCES.txt'
[1.075s] running build_ext
[1.075s] Creating /home/janhavi/SwarmRobotics/install/swarm_teleop/lib/python3.10/site-packages/swarm-teleop.egg-link (link to .)
[1.075s] Installing arm_control script to /home/janhavi/SwarmRobotics/install/swarm_teleop/lib/swarm_teleop
[1.076s] Installing final_control script to /home/janhavi/SwarmRobotics/install/swarm_teleop/lib/swarm_teleop
[1.076s] 
[1.076s] Installed /home/janhavi/SwarmRobotics/build/swarm_teleop
[1.076s] running symlink_data
[1.076s] creating /home/janhavi/SwarmRobotics/install/swarm_teleop/share/ament_index/resource_index/packages
[1.076s] symbolically linking /home/janhavi/SwarmRobotics/build/swarm_teleop/resource/swarm_teleop -> /home/janhavi/SwarmRobotics/install/swarm_teleop/share/ament_index/resource_index/packages
[1.076s] symbolically linking /home/janhavi/SwarmRobotics/build/swarm_teleop/package.xml -> /home/janhavi/SwarmRobotics/install/swarm_teleop/share/swarm_teleop
[1.076s] creating /home/janhavi/SwarmRobotics/install/swarm_teleop/share/swarm_teleop/launch
[1.076s] symbolically linking /home/janhavi/SwarmRobotics/build/swarm_teleop/launch/swarm_teleop.launch.py -> /home/janhavi/SwarmRobotics/install/swarm_teleop/share/swarm_teleop/launch
[1.099s] Invoked command in '/home/janhavi/SwarmRobotics/build/swarm_teleop' returned '0': AMENT_PREFIX_PATH=/home/janhavi/SwarmRobotics/install/px4_msgs:${AMENT_PREFIX_PATH} CMAKE_PREFIX_PATH=/home/janhavi/SwarmRobotics/install/px4_msgs LD_LIBRARY_PATH=/home/janhavi/SwarmRobotics/install/px4_msgs/lib:${LD_LIBRARY_PATH} PYTHONPATH=/home/janhavi/SwarmRobotics/build/swarm_teleop/prefix_override:/usr/lib/python3/dist-packages/colcon_core/task/python/colcon_distutils_commands:/home/janhavi/SwarmRobotics/install/swarm_teleop/lib/python3.10/site-packages:/home/janhavi/SwarmRobotics/install/px4_msgs/local/lib/python3.10/dist-packages:${PYTHONPATH} /usr/bin/python3 -W ignore:setup.py install is deprecated -W ignore:easy_install command is deprecated setup.py develop --editable --build-directory /home/janhavi/SwarmRobotics/build/swarm_teleop/build --no-deps symlink_data
