[0.046s] Invoking command in '/home/janhavi/SwarmRobotics/build/example_global_navigation_cpp': AMENT_PREFIX_PATH=/home/janhavi/SwarmRobotics/install/px4_ros2_cpp:/home/janhavi/SwarmRobotics/install/px4_msgs:${AMENT_PREFIX_PATH} CMAKE_PREFIX_PATH=/home/janhavi/SwarmRobotics/install/px4_ros2_cpp:/home/janhavi/SwarmRobotics/install/px4_msgs:/opt/ros/humble LD_LIBRARY_PATH=/home/janhavi/SwarmRobotics/install/px4_ros2_cpp/lib:/home/janhavi/SwarmRobotics/install/px4_msgs/lib:${LD_LIBRARY_PATH} PYTHONPATH=/home/janhavi/SwarmRobotics/install/px4_msgs/local/lib/python3.10/dist-packages:${PYTHONPATH} /usr/bin/cmake /home/janhavi/SwarmRobotics/src/px4-ros2-interface-lib/examples/cpp/navigation/global_navigation -DCMAKE_INSTALL_PREFIX=/home/janhavi/SwarmRobotics/install/example_global_navigation_cpp
[0.073s] -- Found eigen3_cmake_module: 0.1.1 (/opt/ros/humble/share/eigen3_cmake_module/cmake)
[0.073s] -- Found ament_cmake: 1.3.11 (/opt/ros/humble/share/ament_cmake/cmake)
[0.296s] -- Override CMake install command with custom implementation using symlinks instead of copying resources
[0.316s] -- Found rclcpp: 16.0.11 (/opt/ros/humble/share/rclcpp/cmake)
[0.364s] -- Found rosidl_generator_c: 3.1.6 (/opt/ros/humble/share/rosidl_generator_c/cmake)
[0.364s] -- Found rosidl_adapter: 3.1.6 (/opt/ros/humble/share/rosidl_adapter/cmake)
[0.371s] -- Found rosidl_generator_cpp: 3.1.6 (/opt/ros/humble/share/rosidl_generator_cpp/cmake)
[0.387s] -- Using all available rosidl_typesupport_c: rosidl_typesupport_fastrtps_c;rosidl_typesupport_introspection_c
[0.402s] -- Using all available rosidl_typesupport_cpp: rosidl_typesupport_fastrtps_cpp;rosidl_typesupport_introspection_cpp
[0.445s] -- Found rmw_implementation_cmake: 6.1.2 (/opt/ros/humble/share/rmw_implementation_cmake/cmake)
[0.448s] -- Found rmw_fastrtps_cpp: 6.2.7 (/opt/ros/humble/share/rmw_fastrtps_cpp/cmake)
[0.577s] -- Using RMW implementation 'rmw_fastrtps_cpp' as default
[0.647s] -- Found px4_ros2_cpp: 0.0.1 (/home/janhavi/SwarmRobotics/install/px4_ros2_cpp/share/px4_ros2_cpp/cmake)
[0.673s] -- Found ament_lint_auto: 0.12.11 (/opt/ros/humble/share/ament_lint_auto/cmake)
[0.796s] -- Added test 'copyright' to check source files copyright and LICENSE
[0.798s] -- Added test 'cppcheck' to perform static code analysis on C / C++ code
[0.799s] -- Configured cppcheck include dirs: /home/janhavi/SwarmRobotics/src/px4-ros2-interface-lib/examples/cpp/navigation/global_navigation/include
[0.799s] -- Configured cppcheck exclude dirs and/or files: 
[0.801s] -- Added test 'cpplint' to check C / C++ code against the Google style
[0.801s] -- Configured cpplint exclude dirs and/or files: 
[0.802s] -- Added test 'lint_cmake' to check CMake code style
[0.804s] -- Added test 'uncrustify' to check C / C++ code style
[0.805s] -- Configured uncrustify additional arguments: 
[0.806s] -- Added test 'xmllint' to check XML markup files
[0.808s] -- Configuring done
[0.839s] -- Generating done
[0.840s] -- Build files have been written to: /home/janhavi/SwarmRobotics/build/example_global_navigation_cpp
[0.893s] Invoked command in '/home/janhavi/SwarmRobotics/build/example_global_navigation_cpp' returned '0': AMENT_PREFIX_PATH=/home/janhavi/SwarmRobotics/install/px4_ros2_cpp:/home/janhavi/SwarmRobotics/install/px4_msgs:${AMENT_PREFIX_PATH} CMAKE_PREFIX_PATH=/home/janhavi/SwarmRobotics/install/px4_ros2_cpp:/home/janhavi/SwarmRobotics/install/px4_msgs:/opt/ros/humble LD_LIBRARY_PATH=/home/janhavi/SwarmRobotics/install/px4_ros2_cpp/lib:/home/janhavi/SwarmRobotics/install/px4_msgs/lib:${LD_LIBRARY_PATH} PYTHONPATH=/home/janhavi/SwarmRobotics/install/px4_msgs/local/lib/python3.10/dist-packages:${PYTHONPATH} /usr/bin/cmake /home/janhavi/SwarmRobotics/src/px4-ros2-interface-lib/examples/cpp/navigation/global_navigation -DCMAKE_INSTALL_PREFIX=/home/janhavi/SwarmRobotics/install/example_global_navigation_cpp
[0.894s] Invoking command in '/home/janhavi/SwarmRobotics/build/example_global_navigation_cpp': AMENT_PREFIX_PATH=/home/janhavi/SwarmRobotics/install/px4_ros2_cpp:/home/janhavi/SwarmRobotics/install/px4_msgs:${AMENT_PREFIX_PATH} CMAKE_PREFIX_PATH=/home/janhavi/SwarmRobotics/install/px4_ros2_cpp:/home/janhavi/SwarmRobotics/install/px4_msgs:/opt/ros/humble LD_LIBRARY_PATH=/home/janhavi/SwarmRobotics/install/px4_ros2_cpp/lib:/home/janhavi/SwarmRobotics/install/px4_msgs/lib:${LD_LIBRARY_PATH} PYTHONPATH=/home/janhavi/SwarmRobotics/install/px4_msgs/local/lib/python3.10/dist-packages:${PYTHONPATH} /usr/bin/cmake --build /home/janhavi/SwarmRobotics/build/example_global_navigation_cpp -- -j12 -l12
[0.922s] [35m[1mConsolidate compiler generated dependencies of target example_global_navigation[0m
[0.948s] [100%] Built target example_global_navigation
[0.971s] Invoked command in '/home/janhavi/SwarmRobotics/build/example_global_navigation_cpp' returned '0': AMENT_PREFIX_PATH=/home/janhavi/SwarmRobotics/install/px4_ros2_cpp:/home/janhavi/SwarmRobotics/install/px4_msgs:${AMENT_PREFIX_PATH} CMAKE_PREFIX_PATH=/home/janhavi/SwarmRobotics/install/px4_ros2_cpp:/home/janhavi/SwarmRobotics/install/px4_msgs:/opt/ros/humble LD_LIBRARY_PATH=/home/janhavi/SwarmRobotics/install/px4_ros2_cpp/lib:/home/janhavi/SwarmRobotics/install/px4_msgs/lib:${LD_LIBRARY_PATH} PYTHONPATH=/home/janhavi/SwarmRobotics/install/px4_msgs/local/lib/python3.10/dist-packages:${PYTHONPATH} /usr/bin/cmake --build /home/janhavi/SwarmRobotics/build/example_global_navigation_cpp -- -j12 -l12
[0.974s] Invoking command in '/home/janhavi/SwarmRobotics/build/example_global_navigation_cpp': AMENT_PREFIX_PATH=/home/janhavi/SwarmRobotics/install/px4_ros2_cpp:/home/janhavi/SwarmRobotics/install/px4_msgs:${AMENT_PREFIX_PATH} CMAKE_PREFIX_PATH=/home/janhavi/SwarmRobotics/install/px4_ros2_cpp:/home/janhavi/SwarmRobotics/install/px4_msgs:/opt/ros/humble LD_LIBRARY_PATH=/home/janhavi/SwarmRobotics/install/px4_ros2_cpp/lib:/home/janhavi/SwarmRobotics/install/px4_msgs/lib:${LD_LIBRARY_PATH} PYTHONPATH=/home/janhavi/SwarmRobotics/install/px4_msgs/local/lib/python3.10/dist-packages:${PYTHONPATH} /usr/bin/cmake --install /home/janhavi/SwarmRobotics/build/example_global_navigation_cpp
[0.984s] -- Install configuration: ""
[0.984s] -- Execute custom install script
[0.984s] -- Up-to-date symlink: /home/janhavi/SwarmRobotics/install/example_global_navigation_cpp/lib/example_global_navigation_cpp/example_global_navigation
[0.984s] -- Up-to-date symlink: /home/janhavi/SwarmRobotics/install/example_global_navigation_cpp/share/ament_index/resource_index/package_run_dependencies/example_global_navigation_cpp
[0.984s] -- Up-to-date symlink: /home/janhavi/SwarmRobotics/install/example_global_navigation_cpp/share/ament_index/resource_index/parent_prefix_path/example_global_navigation_cpp
[0.984s] -- Up-to-date symlink: /home/janhavi/SwarmRobotics/install/example_global_navigation_cpp/share/example_global_navigation_cpp/environment/ament_prefix_path.sh
[0.984s] -- Up-to-date symlink: /home/janhavi/SwarmRobotics/install/example_global_navigation_cpp/share/example_global_navigation_cpp/environment/ament_prefix_path.dsv
[0.984s] -- Up-to-date symlink: /home/janhavi/SwarmRobotics/install/example_global_navigation_cpp/share/example_global_navigation_cpp/environment/path.sh
[0.985s] -- Up-to-date symlink: /home/janhavi/SwarmRobotics/install/example_global_navigation_cpp/share/example_global_navigation_cpp/environment/path.dsv
[0.985s] -- Up-to-date symlink: /home/janhavi/SwarmRobotics/install/example_global_navigation_cpp/share/example_global_navigation_cpp/local_setup.bash
[0.985s] -- Up-to-date symlink: /home/janhavi/SwarmRobotics/install/example_global_navigation_cpp/share/example_global_navigation_cpp/local_setup.sh
[0.986s] -- Up-to-date symlink: /home/janhavi/SwarmRobotics/install/example_global_navigation_cpp/share/example_global_navigation_cpp/local_setup.zsh
[0.986s] -- Up-to-date symlink: /home/janhavi/SwarmRobotics/install/example_global_navigation_cpp/share/example_global_navigation_cpp/local_setup.dsv
[0.986s] -- Symlinking: /home/janhavi/SwarmRobotics/install/example_global_navigation_cpp/share/example_global_navigation_cpp/package.dsv
[1.005s] -- Up-to-date symlink: /home/janhavi/SwarmRobotics/install/example_global_navigation_cpp/share/ament_index/resource_index/packages/example_global_navigation_cpp
[1.005s] -- Up-to-date symlink: /home/janhavi/SwarmRobotics/install/example_global_navigation_cpp/share/example_global_navigation_cpp/cmake/example_global_navigation_cppConfig.cmake
[1.005s] -- Up-to-date symlink: /home/janhavi/SwarmRobotics/install/example_global_navigation_cpp/share/example_global_navigation_cpp/cmake/example_global_navigation_cppConfig-version.cmake
[1.006s] -- Up-to-date symlink: /home/janhavi/SwarmRobotics/install/example_global_navigation_cpp/share/example_global_navigation_cpp/package.xml
[1.033s] Invoked command in '/home/janhavi/SwarmRobotics/build/example_global_navigation_cpp' returned '0': AMENT_PREFIX_PATH=/home/janhavi/SwarmRobotics/install/px4_ros2_cpp:/home/janhavi/SwarmRobotics/install/px4_msgs:${AMENT_PREFIX_PATH} CMAKE_PREFIX_PATH=/home/janhavi/SwarmRobotics/install/px4_ros2_cpp:/home/janhavi/SwarmRobotics/install/px4_msgs:/opt/ros/humble LD_LIBRARY_PATH=/home/janhavi/SwarmRobotics/install/px4_ros2_cpp/lib:/home/janhavi/SwarmRobotics/install/px4_msgs/lib:${LD_LIBRARY_PATH} PYTHONPATH=/home/janhavi/SwarmRobotics/install/px4_msgs/local/lib/python3.10/dist-packages:${PYTHONPATH} /usr/bin/cmake --install /home/janhavi/SwarmRobotics/build/example_global_navigation_cpp
